1540396203 0 217
1540396203 0 217 0 217
1540395902 0 217 0 217
1540395900 0 216 0 217
1540395600 0 214 0 214
1540395300 0 214 0 214
1540395000 0 214 0 214
1540394700 0 213 0 214
1540394400 0 211 0 211
1540394100 0 211 0 211
1540393800 0 211 0 211
1540393500 0 210 0 211
1540393200 0 206 0 206
1540392900 0 206 0 206
1540392600 0 206 0 206
1540392300 0 205 0 206
1540392000 0 205 0 205
1540391700 0 205 0 205
1540391400 0 205 0 205
1540391100 0 205 0 208
1540390800 0 208 0 208
1540390500 0 208 0 208
1540390200 0 208 0 208
1540389900 0 208 0 217
1540389600 0 217 0 217
1540389300 0 217 0 217
1540389000 0 217 0 217
1540388700 0 217 0 222
1540388400 0 222 0 222
1540388100 0 222 0 222
1540387800 0 222 0 222
1540387500 0 222 0 222
1540387200 0 222 0 222
1540386900 0 222 0 222
1540386600 0 222 0 222
1540386300 0 222 0 223
1540386000 0 223 0 223
1540385700 0 223 0 223
1540385400 0 223 0 223
1540385100 0 223 0 223
1540384800 0 223 0 223
1540384500 0 223 0 223
1540384200 0 223 0 223
1540383900 0 223 0 224
1540383600 0 224 0 224
1540383300 0 224 0 224
1540383000 0 224 0 224
1540382700 0 224 0 226
1540382400 0 226 0 226
1540382100 0 226 0 226
1540381800 0 226 0 226
1540381500 0 226 0 227
1540381200 0 227 0 227
1540380900 0 227 0 227
1540380600 0 227 0 227
1540380300 0 227 0 228
1540380000 0 228 0 228
1540379700 0 228 0 228
1540379400 0 228 0 228
1540379100 0 228 0 230
1540378800 0 230 0 230
1540378500 0 230 0 230
1540378200 0 230 0 230
1540377900 0 230 0 233
1540377600 0 233 0 233
1540377300 0 233 0 233
1540377000 0 233 0 233
1540376700 0 233 0 235
1540376400 0 235 0 235
1540376100 0 235 0 235
1540375800 0 235 0 235
1540375500 0 234 0 235
1540375200 0 233 0 233
1540374900 0 233 0 233
1540374600 0 233 0 233
1540374300 0 233 0 233
1540374000 0 233 0 233
1540373700 0 233 0 233
1540373400 0 233 0 233
1540373100 0 232 0 233
1540372800 0 232 0 232
1540372500 0 232 0 232
1540372200 0 232 0 232
1540371900 0 232 0 232
1540371600 0 232 0 232
1540371300 0 232 0 232
1540371000 0 232 0 232
1540370700 0 232 0 232
1540370400 0 232 0 232
1540370100 0 232 0 232
1540369800 0 232 0 232
1540369500 0 231 0 232
1540369200 0 231 0 231
1540368900 0 231 0 231
1540368600 0 231 0 231
1540368300 0 231 0 231
1540368000 0 231 0 231
1540367700 0 231 0 231
1540367400 0 231 0 231
1540367100 0 230 0 231
1540366800 0 230 0 230
1540366500 0 230 0 230
1540366200 0 230 0 230
1540365900 0 230 0 230
1540365600 0 230 0 230
1540365300 0 230 0 230
1540365000 0 230 0 230
1540364700 0 229 0 230
1540364400 0 229 0 229
1540364100 0 229 0 229
1540363800 0 229 0 229
1540363500 0 228 0 229
1540363200 0 228 0 228
1540362900 0 228 0 228
1540362600 0 228 0 228
1540362300 0 228 0 228
1540362000 0 228 0 228
1540361700 0 228 0 228
1540361400 0 228 0 228
1540361100 0 227 0 228
1540360800 0 227 0 227
1540360500 0 227 0 227
1540360200 0 227 0 227
1540359900 0 226 0 227
1540359600 0 226 0 226
1540359300 0 226 0 226
1540359000 0 226 0 226
1540358700 0 226 0 226
1540358400 0 226 0 226
1540358100 0 226 0 226
1540357800 0 226 0 226
1540357500 0 225 0 226
1540357200 0 225 0 225
1540356900 0 225 0 225
1540356600 0 225 0 225
1540356300 0 224 0 225
1540356000 0 224 0 224
1540355700 0 224 0 224
1540355400 0 224 0 224
1540355100 0 223 0 224
1540354800 0 223 0 223
1540354500 0 223 0 223
1540354200 0 223 0 223
1540353900 0 222 0 223
1540353600 0 222 0 222
1540353300 0 222 0 222
1540353000 0 222 0 222
1540352700 0 221 0 222
1540352400 0 221 0 221
1540352100 0 221 0 221
1540351800 0 221 0 221
1540351500 0 220 0 221
1540351200 0 220 0 220
1540350900 0 220 0 220
1540350600 0 220 0 220
1540350300 0 219 0 220
1540350000 0 219 0 219
1540349700 0 219 0 219
1540349400 0 219 0 219
1540349100 0 218 0 219
1540348800 0 218 0 218
1540348500 0 218 0 218
1540348200 0 218 0 218
1540347900 0 217 0 218
1540347600 0 217 0 217
1540347300 0 217 0 217
1540347000 0 217 0 217
1540346700 0 216 0 217
1540346400 0 216 0 216
1540346100 0 216 0 216
1540345800 0 216 0 216
1540345500 0 215 0 216
1540345200 0 214 0 214
1540344900 0 214 0 214
1540344600 0 214 0 214
1540344300 0 213 0 214
1540344000 0 212 0 212
1540343700 0 212 0 212
1540343400 0 212 0 212
1540343100 0 211 0 212
1540342800 0 210 0 210
1540342500 0 210 0 210
1540342200 0 210 0 210
1540341900 0 209 0 210
1540341600 0 208 0 208
1540341300 0 208 0 208
1540341000 0 208 0 208
1540340700 0 207 0 208
1540340400 0 207 0 207
1540340100 0 207 0 207
1540339800 0 207 0 207
1540339500 0 207 0 208
1540339200 0 208 0 208
1540338900 0 208 0 208
1540338600 0 208 0 208
1540338300 0 208 0 209
1540338000 0 209 0 209
1540337700 0 209 0 209
1540337400 0 209 0 209
1540337100 0 209 0 210
1540336800 0 210 0 210
1540336500 0 210 0 210
1540336200 0 210 0 210
1540335900 0 210 0 211
1540335600 0 211 0 211
1540335300 0 211 0 211
1540335000 0 211 0 211
1540334700 0 211 0 213
1540334400 0 213 0 213
1540334100 0 213 0 213
1540333800 0 213 0 213
1540333500 0 213 0 215
1540333200 0 215 0 215
1540332900 0 215 0 215
1540332600 0 215 0 215
1540332300 0 215 0 218
1540332000 0 218 0 218
1540331700 0 218 0 218
1540331400 0 218 0 218
1540331100 0 218 0 223
1540330800 0 223 0 223
1540330500 0 223 0 223
1540330200 0 223 0 223
1540329900 0 223 0 227
1540329600 0 227 0 227
1540329300 0 227 0 227
1540329000 0 227 0 227
1540328700 0 226 0 227
1540328400 0 226 0 226
1540328100 0 226 0 226
1540327800 0 226 0 226
1540327500 0 226 0 226
1540327200 0 226 0 226
1540326900 0 226 0 226
1540326600 0 226 0 226
1540326300 0 225 0 226
1540326000 0 225 0 225
1540325700 0 225 0 225
1540325400 0 225 0 225
1540325100 0 224 0 225
1540324800 0 224 0 224
1540324500 0 224 0 224
1540324200 0 224 0 224
1540323900 0 224 0 224
1540323600 0 224 0 224
1540323300 0 224 0 224
1540323000 0 224 0 224
1540322700 0 224 0 226
1540322400 0 226 0 226
1540322100 0 226 0 226
1540321800 0 226 0 226
1540321500 0 226 0 226
1540321200 0 226 0 226
1540320900 0 226 0 226
1540320600 0 226 0 226
1540320300 0 226 0 227
1540320000 0 227 0 227
1540319700 0 227 0 227
1540319400 0 227 0 227
1540319100 0 227 0 228
1540318800 0 228 0 228
1540318500 0 228 0 228
1540318200 0 228 0 228
1540317900 0 228 0 228
1540317600 0 228 0 228
1540317300 0 228 0 228
1540317000 0 228 0 228
1540316700 0 227 0 228
1540316400 0 227 0 227
1540316100 0 227 0 227
1540315800 0 227 0 227
1540315500 0 227 0 227
1540315200 0 227 0 227
1540314900 0 226 0 227
1540314600 0 226 0 226
1540314300 0 225 0 226
1540314000 0 224 0 224
1540313700 0 224 0 224
1540313400 0 224 0 224
1540313100 0 223 0 224
1540312800 0 222 0 222
1540312500 0 222 0 222
1540312200 0 222 0 222
1540311900 0 221 0 222
1540311600 0 220 0 220
1540311300 0 220 0 220
1540311000 0 220 0 220
1540310700 0 219 0 220
1540310400 0 218 0 218
1540310100 0 218 0 218
1540309800 0 218 0 218
1540309500 0 217 0 218
1540309200 0 216 0 216
1540308900 0 216 0 216
1540308600 0 216 0 216
1540308300 0 215 0 216
1540308000 0 214 0 214
1540307700 0 214 0 214
1540307400 0 214 0 214
1540307100 0 213 0 214
1540306800 0 212 0 212
1540306500 0 212 0 212
1540306200 0 212 0 212
1540305900 0 212 0 212
1540305600 0 212 0 212
1540305300 0 212 0 212
1540305000 0 212 0 212
1540304700 0 212 0 212
1540304400 0 212 0 212
1540304100 0 212 0 212
1540303800 0 212 0 212
1540303500 0 212 0 213
1540303200 0 213 0 213
1540302900 0 213 0 213
1540302600 0 213 0 213
1540302300 0 213 0 214
1540302000 0 214 0 214
1540301700 0 214 0 214
1540301400 0 214 0 214
1540301100 0 214 0 215
1540300800 0 215 0 215
1540300500 0 215 0 215
1540300200 0 215 0 215
1540299900 0 215 0 217
1540299600 0 217 0 217
1540299300 0 217 0 217
1540299000 0 217 0 217
1540298700 0 217 0 218
1540298400 0 218 0 218
1540298100 0 218 0 218
1540297800 0 218 0 218
1540297500 0 218 0 220
1540297200 0 220 0 220
1540296900 0 220 0 220
1540296600 0 220 0 220
1540296300 0 220 0 223
1540296000 0 223 0 223
1540295700 0 223 0 223
1540295400 0 223 0 223
1540295100 0 223 0 236
1540294800 0 236 0 236
1540294500 0 236 0 236
1540294200 0 236 0 236
1540293900 0 236 0 236
1540293600 0 236 0 236
1540293300 0 236 0 236
1540293000 0 236 0 236
1540292700 0 236 0 236
1540292400 0 236 0 236
1540292100 0 236 0 236
1540291800 0 236 0 236
1540291500 0 236 0 238
1540291200 0 238 0 238
1540290900 0 238 0 238
1540290600 0 238 0 238
1540290300 0 238 0 239
1540290000 0 239 0 239
1540289700 0 239 0 239
1540289400 0 239 0 239
1540289100 0 238 0 239
1540288800 0 238 0 238
1540288500 0 238 0 238
1540288200 0 238 0 238
1540287900 0 238 0 238
1540287600 0 238 0 238
1540287300 0 238 0 238
1540287000 0 238 0 238
1540286700 0 237 0 238
1540286400 0 237 0 237
1540286100 0 237 0 237
1540285800 0 237 0 237
1540285500 0 236 0 237
1540285200 0 236 0 236
1540284900 0 236 0 236
1540284600 0 236 0 236
1540284300 0 236 0 236
1540284000 0 236 0 236
1540283700 0 236 0 236
1540283400 0 236 0 236
1540283100 0 235 0 236
1540282800 0 235 0 235
1540282500 0 235 0 235
1540282200 0 235 0 235
1540281900 0 234 0 235
1540281600 0 234 0 234
1540281300 0 234 0 234
1540281000 0 234 0 234
1540280700 0 234 0 234
1540280400 0 234 0 234
1540280100 0 234 0 234
1540279800 0 234 0 234
1540279500 0 233 0 234
1540279200 0 233 0 233
1540278900 0 233 0 233
1540278600 0 233 0 233
1540278300 0 232 0 233
1540278000 0 231 0 231
1540277700 0 231 0 231
1540277400 0 231 0 231
1540277100 0 231 0 231
1540276800 0 231 0 231
1540276500 0 231 0 231
1540276200 0 231 0 231
1540275900 0 231 0 231
1540275600 0 231 0 231
1540275300 0 231 0 231
1540275000 0 231 0 231
1540274700 0 230 0 231
1540274400 0 230 0 230
1540274100 0 230 0 230
1540273800 0 230 0 230
1540273500 0 229 0 230
1540273200 0 229 0 229
1540272900 0 229 0 229
1540272600 0 229 0 229
1540272300 0 228 0 229
1540272000 0 228 0 228
1540271700 0 228 0 228
1540271400 0 228 0 228
1540271100 0 227 0 228
1540270800 0 224 0 224
1540270500 0 224 0 224
1540270200 0 224 0 224
1540269900 0 224 0 224
1540269600 0 224 0 224
1540269300 0 224 0 224
1540269000 0 224 0 224
1540268700 0 224 0 224
1540268400 0 224 0 224
1540268100 0 224 0 224
1540267800 0 224 0 224
1540267500 0 223 0 224
1540267200 0 223 0 223
1540266900 0 223 0 223
1540266600 0 223 0 223
1540266300 0 222 0 223
1540266000 0 222 0 222
1540265700 0 222 0 222
1540265400 0 222 0 222
1540265100 0 221 0 222
1540264800 0 221 0 221
1540264500 0 221 0 221
1540264200 0 221 0 221
1540263900 0 220 0 221
1540263600 0 220 0 220
1540263300 0 220 0 220
1540263000 0 220 0 220
1540262700 0 219 0 220
1540262400 0 218 0 218
1540262100 0 218 0 218
1540261800 0 218 0 218
1540261500 0 217 0 218
1540261200 0 217 0 217
1540260900 0 217 0 217
1540260600 0 217 0 217
1540260300 0 216 0 217
1540260000 0 216 0 216
1540259700 0 216 0 216
1540259400 0 216 0 216
1540259100 0 215 0 216
1540258800 0 214 0 214
1540258500 0 214 0 214
1540258200 0 214 0 214
1540257900 0 213 0 214
1540257600 0 212 0 212
1540257300 0 212 0 212
1540257000 0 212 0 212
1540256700 0 211 0 212
1540256400 0 210 0 210
1540256100 0 210 0 210
1540255800 0 210 0 210
1540255500 0 209 0 210
1540255200 0 207 0 207
1540254900 0 207 0 207
1540254600 0 207 0 207
1540254300 0 206 0 207
1540254000 0 206 0 206
1540253700 0 206 0 206
1540253400 0 206 0 206
1540253100 0 206 0 206
1540252800 0 206 0 206
1540252500 0 206 0 206
1540252200 0 206 0 206
1540251900 0 206 0 206
1540251600 0 206 0 206
1540251300 0 206 0 206
1540251000 0 206 0 206
1540250700 0 206 0 206
1540250400 0 206 0 206
1540250100 0 206 0 206
1540249800 0 206 0 206
1540249500 0 206 0 207
1540249200 0 207 0 207
1540248900 0 207 0 207
1540248600 0 207 0 207
1540248300 0 207 0 208
1540248000 0 208 0 208
1540247700 0 208 0 208
1540247400 0 208 0 208
1540247100 0 208 0 208
1540246800 0 208 0 208
1540246500 0 208 0 208
1540246200 0 208 0 208
1540245900 0 208 0 209
1540245600 0 209 0 209
1540245300 0 209 0 209
1540245000 0 209 0 209
1540244700 0 209 0 210
1540244400 0 210 0 210
1540244100 0 210 0 210
1540243800 0 210 0 210
1540243500 0 210 0 211
1540243200 0 211 0 211
1540242900 0 211 0 211
1540242600 0 211 0 211
1540242300 0 210 0 211
1540242000 0 210 0 210
1540241700 0 210 0 210
1540241400 0 210 0 210
1540241100 0 209 0 210
1540240800 0 208 0 208
1540240500 0 208 0 208
1540240200 0 208 0 208
1540239900 0 207 0 208
1540239600 0 207 0 207
1540239300 0 207 0 207
1540239000 0 207 0 207
1540238700 0 207 0 207
1540238400 0 207 0 207
1540238100 0 207 0 207
1540237800 0 207 0 207
1540237500 0 207 0 208
1540237200 0 208 0 208
1540236900 0 208 0 208
1540236600 0 208 0 208
1540236300 0 208 0 208
1540236000 0 208 0 208
1540235700 0 208 0 208
1540235400 0 208 0 208
1540235100 0 208 0 208
1540234800 0 208 0 208
1540234500 0 208 0 208
1540234200 0 208 0 208
1540233900 0 208 0 209
1540233600 0 209 0 209
1540233300 0 209 0 209
1540233000 0 209 0 209
1540232700 0 209 0 209
1540232400 0 209 0 209
1540232100 0 209 0 209
1540231800 0 209 0 209
1540231500 0 208 0 209
1540231200 0 207 0 207
1540230900 0 207 0 207
1540230600 0 207 0 207
1540230300 0 207 0 207
1540230000 0 207 0 207
1540229700 0 207 0 207
1540229400 0 207 0 207
1540229100 0 207 0 207
1540228800 0 207 0 207
1540228500 0 207 0 207
1540228200 0 207 0 207
1540227900 0 207 0 207
1540227600 0 207 0 207
1540227300 0 207 0 207
1540227000 0 207 0 207
1540226700 0 207 0 207
1540226400 0 207 0 207
1540226100 0 207 0 207
1540225800 0 207 0 207
1540225500 0 207 0 207
1540225200 0 207 0 207
1540224900 0 207 0 207
1540224600 0 207 0 207
1540224300 0 207 0 208
1540224000 0 208 0 208
1540223700 0 208 0 208
1540223400 0 208 0 208
1540223100 0 208 0 209
1540222800 0 209 0 209
1540222500 0 209 0 209
1540222200 0 209 0 209
1540221900 0 209 0 210
1540221600 0 210 0 210
1540221300 0 210 0 210
1540221000 0 210 0 210
1540220700 0 210 0 211
1540220400 0 211 0 211
1540220100 0 211 0 211
1540219800 0 211 0 211
1540219500 0 211 0 212
1540219200 0 212 0 212
1540218900 0 212 0 212
1540218600 0 212 0 212
1540218300 0 212 0 213
1540218000 0 213 0 213
1540217700 0 213 0 213
1540217400 0 213 0 213
1540217100 0 213 0 214
1540216800 0 214 0 214
1540216500 0 214 0 214
1540216200 0 214 0 214
1540215000 0 214 0 216
1540213200 0 216 0 217
1540211400 0 217 0 221
1540209600 0 221 0 223
1540207800 0 223 0 227
1540206000 0 227 0 230
1540204200 0 238 0 250
1540202400 0 250 0 253
1540200600 0 253 0 255
1540198800 0 255 0 255
1540197000 0 255 0 255
1540195200 0 255 0 255
1540193400 0 255 0 255
1540191600 0 255 0 255
1540189800 0 255 0 255
1540188000 0 254 0 255
1540186200 0 254 0 254
1540184400 0 254 0 254
1540182600 0 253 0 254
1540180800 0 253 0 253
1540179000 0 253 0 253
1540177200 0 253 0 253
1540175400 0 253 0 253
1540173600 0 252 0 253
1540171800 0 252 0 252
1540170000 0 252 0 252
1540168200 0 252 0 252
1540166400 0 252 0 252
1540164600 0 252 0 252
1540162800 0 252 0 252
1540161000 0 252 0 252
1540159200 0 252 0 252
1540157400 0 252 0 252
1540155600 0 252 0 252
1540153800 0 252 0 252
1540152000 0 252 0 252
1540150200 0 251 0 252
1540148400 0 251 0 251
1540146600 0 251 0 251
1540144800 0 251 0 251
1540143000 0 251 0 251
1540141200 0 251 0 251
1540139400 0 251 0 251
1540137600 0 251 0 251
1540135800 0 251 0 251
1540134000 0 251 0 251
1540132200 0 250 0 251
1540130400 0 250 0 250
1540128600 0 250 0 250
1540126800 0 250 0 250
1540125000 0 250 0 250
1540123200 0 250 0 250
1540121400 0 250 0 250
1540119600 0 250 0 250
1540117800 0 250 0 250
1540116000 0 250 0 250
1540114200 0 250 0 250
1540112400 0 250 0 250
1540110600 0 249 0 250
1540108800 0 249 0 249
1540107000 0 249 0 249
1540105200 0 249 0 249
1540103400 0 249 0 249
1540101600 0 249 0 249
1540099800 0 249 0 249
1540098000 0 249 0 249
1540096200 0 249 0 249
1540094400 0 249 0 249
1540092600 0 248 0 249
1540090800 0 248 0 248
1540089000 0 248 0 248
1540087200 0 248 0 248
1540085400 0 248 0 248
1540083600 0 248 0 248
1540081800 0 247 0 248
1540080000 0 247 0 247
1540078200 0 247 0 247
1540076400 0 247 0 247
1540074600 0 246 0 247
1540072800 0 246 0 246
1540071000 0 246 0 246
1540069200 0 246 0 246
1540067400 0 246 0 246
1540065600 0 245 0 246
1540063800 0 245 0 245
1540062000 0 245 0 245
1540060200 0 245 0 245
1540058400 0 244 0 245
1540056600 0 244 0 244
1540054800 0 244 0 244
1540053000 0 243 0 244
1540051200 0 243 0 243
1540049400 0 242 0 243
1540047600 0 242 0 242
1540045800 0 242 0 242
1540044000 0 241 0 242
1540042200 0 241 0 241
1540040400 0 240 0 241
1540038600 0 240 0 240
1540036800 0 239 0 240
1540035000 0 239 0 239
1540033200 0 238 0 239
1540031400 0 238 0 238
1540029600 0 237 0 238
1540027800 0 237 0 237
1540026000 0 236 0 237
1540024200 0 235 0 236
1540022400 0 234 0 235
1540020600 0 234 0 234
1540018800 0 233 0 234
1540017000 0 232 0 233
1540015200 0 231 0 232
1540013400 0 230 0 231
1540011600 0 229 0 230
1540009800 0 224 0 229
1540008000 0 224 0 224
1540006200 0 224 0 224
1540004400 0 223 0 224
1540002600 0 221 0 223
1540000800 0 220 0 220
1539999000 0 218 0 220
1539997200 0 215 0 218
1539995400 0 213 0 213
1539993600 0 209 0 213
1539991800 0 208 0 209
1539990000 0 208 0 209
1539988200 0 209 0 210
1539986400 0 210 0 210
1539984600 0 210 0 212
1539982800 0 212 0 215
1539981000 0 216 0 220
1539979200 0 220 0 226
1539977400 0 226 0 229
1539975600 0 227 0 228
1539973800 0 227 0 227
1539972000 0 226 0 227
1539970200 0 225 0 226
1539968400 0 225 0 225
1539966600 0 226 0 231
1539964800 0 231 0 231
1539963000 0 231 0 231
1539961200 0 231 0 231
1539959400 0 231 0 231
1539957600 0 231 0 231
1539955800 0 231 0 231
1539954000 0 231 0 231
1539952200 0 231 0 231
1539950400 0 231 0 231
1539948600 0 231 0 231
1539946800 0 231 0 234
1539945000 0 234 0 235
1539943200 0 234 0 235
1539941400 0 234 0 234
1539939600 0 233 0 234
1539937800 0 233 0 233
1539936000 0 232 0 233
1539934200 0 231 0 232
1539932400 0 230 0 231
1539930600 0 229 0 230
1539928800 0 227 0 229
1539927000 0 226 0 227
1539925200 0 225 0 226
1539923400 0 220 0 225
1539921600 0 220 0 220
1539919800 0 220 0 220
1539918000 0 218 0 220
1539916200 0 216 0 218
1539914400 0 210 0 210
1539912600 0 210 0 210
1539910800 0 207 0 210
1539909000 0 206 0 209
1539907200 0 209 0 209
1539905400 0 209 0 210
1539903600 0 210 0 211
1539901800 0 211 0 217
1539900000 0 227 0 250
1539898200 0 250 0 250
1539896400 0 250 0 250
1539894600 0 250 0 250
1539892800 0 250 0 250
1539891000 0 250 0 250
1539889200 0 250 0 250
1539887400 0 249 0 250
1539885600 0 205 0 206
1539883800 0 206 0 206
1539882000 0 206 0 206
1539880200 0 206 0 206
1539878400 0 206 0 206
1539876600 0 206 0 206
1539874800 0 206 0 206
1539873000 0 206 0 206
1539871200 0 206 0 206
1539869400 0 206 0 206
1539867600 0 206 0 206
1539865800 0 206 0 206
1539864000 0 206 0 206
1539862200 0 206 0 206
1539860400 0 206 0 206
1539858600 0 206 0 206
1539856800 0 206 0 206
1539855000 0 206 0 206
1539853200 0 206 0 206
1539851400 0 206 0 206
1539849600 0 206 0 206
1539847800 0 206 0 206
1539846000 0 206 0 206
1539844200 0 206 0 206
1539842400 0 206 0 206
1539840600 0 206 0 206
1539838800 0 206 0 206
1539837000 0 206 0 206
1539835200 0 206 0 206
1539833400 0 206 0 206
1539831600 0 206 0 206
1539829800 0 206 0 206
1539828000 0 206 0 206
1539826200 0 206 0 206
1539824400 0 206 0 206
1539822600 0 206 0 206
1539820800 0 205 0 206
1539819000 0 205 0 205
1539817200 0 205 0 207
1539815400 0 206 0 207
1539813600 0 205 0 205
1539811800 0 205 0 207
1539810000 0 206 0 207
1539808200 0 206 0 206
1539806400 0 206 0 206
1539804600 0 206 0 206
1539802800 0 206 0 206
1539801000 0 206 0 207
1539799200 0 207 0 208
1539797400 0 208 0 208
1539795600 0 208 0 208
1539793800 0 208 0 208
1539792000 0 208 0 210
1539790200 0 210 0 210
1539788400 0 210 0 210
1539786600 0 210 0 210
1539784800 0 210 0 210
1539783000 0 210 0 210
1539781200 0 210 0 210
1539779400 0 210 0 210
1539777600 0 210 0 210
1539775800 0 210 0 210
1539774000 0 210 0 210
1539772200 0 210 0 210
1539770400 0 210 0 210
1539768600 0 210 0 210
1539766800 0 210 0 210
1539765000 0 210 0 210
1539763200 0 210 0 210
1539761400 0 210 0 210
1539759600 0 210 0 210
1539757800 0 210 0 210
1539756000 0 210 0 210
1539754200 0 210 0 210
1539752400 0 210 0 210
1539750600 0 210 0 210
1539748800 0 210 0 210
1539747000 0 210 0 210
1539745200 0 210 0 210
1539743400 0 210 0 210
1539741600 0 210 0 210
1539739800 0 210 0 210
1539738000 0 210 0 210
1539736200 0 210 0 210
1539734400 0 210 0 210
1539732600 0 210 0 210
1539730800 0 210 0 210
1539729000 0 210 0 210
1539727200 0 210 0 210
1539725400 0 210 0 210
1539723600 0 210 0 210
1539721800 0 210 0 210
1539720000 0 210 0 210
1539718200 0 210 0 210
1539716400 0 210 0 210
1539714600 0 210 0 210
1539712800 0 210 0 211
1539711000 0 211 0 212
1539709200 0 212 0 212
1539707400 0 212 0 212
1539705600 0 215 0 226
1539703800 0 226 0 226
1539702000 0 226 0 226
1539700200 0 226 0 226
1539698400 0 226 0 226
1539696600 0 226 0 226
1539694800 0 226 0 226
1539693000 0 226 0 226
1539691200 0 226 0 226
1539689400 0 226 0 226
1539687600 0 226 0 226
1539685800 0 226 0 226
1539684000 0 226 0 226
1539682200 0 226 0 226
1539680400 0 226 0 226
1539678600 0 226 0 226
1539676800 0 226 0 226
1539675000 0 226 0 226
1539673200 0 226 0 226
1539671400 0 226 0 226
1539669600 0 226 0 226
1539667800 0 226 0 226
1539666000 0 226 0 226
1539664200 0 226 0 226
1539662400 0 226 0 226
1539660600 0 226 0 226
1539658800 0 226 0 226
1539657000 0 226 0 226
1539655200 0 226 0 226
1539653400 0 226 0 226
1539651600 0 226 0 226
1539649800 0 226 0 226
1539648000 0 226 0 226
1539646200 0 226 0 226
1539644400 0 226 0 226
1539642600 0 226 0 226
1539640800 0 226 0 226
1539639000 0 226 0 226
1539637200 0 226 0 226
1539635400 0 226 0 226
1539633600 0 226 0 226
1539631800 0 226 0 226
1539630000 0 226 0 226
1539628200 0 225 0 226
1539626400 0 218 0 218
1539624600 0 218 0 218
1539622800 0 218 0 218
1539621000 0 218 0 218
1539619200 0 218 0 218
1539617400 0 218 0 218
1539615600 0 218 0 218
1539613800 0 218 0 218
1539612000 0 218 0 218
1539610200 0 218 0 218
1539608400 0 218 0 218
1539606600 0 218 0 218
1539604800 0 218 0 218
1539603000 0 218 0 218
1539601200 0 218 0 218
1539599400 0 218 0 218
1539597600 0 218 0 218
1539595800 0 218 0 218
1539594000 0 218 0 218
1539592200 0 218 0 218
1539590400 0 218 0 218
1539588600 0 218 0 218
1539586800 0 218 0 218
1539585000 0 218 0 218
1539583200 0 218 0 218
1539581400 0 218 0 218
1539579600 0 218 0 218
1539577800 0 218 0 218
1539576000 0 218 0 218
1539574200 0 218 0 218
1539572400 0 218 0 218
1539570600 0 218 0 218
1539568800 0 218 0 218
1539567000 0 218 0 218
1539565200 0 218 0 218
1539563400 0 218 0 218
1539561600 0 218 0 218
1539559800 0 218 0 218
1539558000 0 218 0 218
1539556200 0 218 0 218
1539554400 0 218 0 218
1539552600 0 218 0 218
1539550800 0 218 0 218
1539549000 0 218 0 218
1539547200 0 218 0 218
1539545400 0 218 0 218
1539543600 0 218 0 218
1539541800 0 218 0 218
1539540000 0 218 0 218
1539538200 0 218 0 218
1539536400 0 218 0 218
1539534600 0 218 0 218
1539532800 0 218 0 218
1539531000 0 218 0 218
1539529200 0 218 0 218
1539527400 0 218 0 218
1539525600 0 218 0 218
1539523800 0 218 0 218
1539522000 0 218 0 218
1539520200 0 218 0 218
1539518400 0 218 0 218
1539516600 0 218 0 218
1539514800 0 218 0 218
1539513000 0 218 0 218
1539511200 0 218 0 218
1539509400 0 218 0 218
1539507600 0 218 0 218
1539505800 0 218 0 218
1539504000 0 218 0 218
1539502200 0 218 0 218
1539500400 0 218 0 218
1539498600 0 218 0 218
1539496800 0 218 0 218
1539495000 0 218 0 218
1539493200 0 218 0 218
1539491400 0 218 0 218
1539489600 0 218 0 218
1539487800 0 218 0 218
1539486000 0 218 0 218
1539484200 0 218 0 218
1539482400 0 218 0 218
1539480600 0 218 0 218
1539478800 0 218 0 218
1539477000 0 218 0 218
1539475200 0 218 0 218
1539473400 0 218 0 218
1539471600 0 218 0 218
1539469800 0 218 0 218
1539468000 0 218 0 218
1539466200 0 218 0 218
1539464400 0 218 0 218
1539462600 0 218 0 218
1539460800 0 218 0 218
1539459000 0 218 0 218
1539457200 0 218 0 218
1539455400 0 218 0 218
1539453600 0 218 0 218
1539451800 0 218 0 218
1539450000 0 218 0 218
1539448200 0 218 0 218
1539446400 0 218 0 218
1539444600 0 218 0 218
1539442800 0 218 0 218
1539441000 0 218 0 218
1539439200 0 218 0 218
1539437400 0 218 0 218
1539435600 0 218 0 218
1539433800 0 218 0 218
1539432000 0 218 0 218
1539430200 0 218 0 218
1539428400 0 218 0 218
1539426600 0 218 0 218
1539424800 0 218 0 218
1539423000 0 218 0 218
1539421200 0 218 0 218
1539419400 0 218 0 218
1539417600 0 218 0 218
1539415800 0 218 0 218
1539414000 0 218 0 218
1539412200 0 218 0 218
1539410400 0 218 0 218
1539408600 0 218 0 218
1539406800 0 218 0 218
1539405000 0 218 0 218
1539403200 0 218 0 218
1539401400 0 218 0 218
1539399600 0 218 0 218
1539397800 0 218 0 218
1539396000 0 218 0 218
1539394200 0 218 0 218
1539392400 0 218 0 218
1539390600 0 218 0 218
1539388800 0 218 0 218
1539387000 0 218 0 218
1539385200 0 218 0 218
1539383400 0 218 0 218
1539381600 0 218 0 218
1539379800 0 218 0 218
1539378000 0 218 0 218
1539376200 0 219 0 221
1539374400 0 221 0 221
1539372600 0 221 0 221
1539370800 0 221 0 221
1539369000 0 221 0 221
1539367200 0 221 0 221
1539365400 0 221 0 221
1539363600 0 221 0 221
1539361800 0 221 0 221
1539360000 0 221 0 221
1539358200 0 221 0 222
1539356400 0 222 0 225
1539354600 0 228 0 230
1539352800 0 230 0 230
1539351000 0 231 0 234
1539349200 0 234 0 235
1539347400 0 235 0 239
1539345600 0 239 0 239
1539343800 0 239 0 241
1539342000 0 241 0 243
1539340200 0 243 0 244
1539338400 0 241 0 242
1539336600 0 240 0 241
1539334800 0 237 0 238
1539333000 0 237 0 238
1539331200 0 237 0 238
1539329400 0 237 0 238
1539327600 0 238 0 238
1539325800 0 236 0 238
1539324000 0 232 0 234
1539322200 0 231 0 232
1539320400 0 231 0 231
1539318600 0 231 0 231
1539316800 0 231 0 231
1539315000 0 230 0 231
1539313200 0 227 0 229
1539311400 0 227 0 227
1539309600 0 227 0 227
1539307800 0 225 0 227
1539306000 0 225 0 227
1539304200 0 227 0 227
1539302400 0 227 0 228
1539300600 0 228 0 229
1539298800 0 229 0 229
1539297000 0 229 0 230
1539295200 0 230 0 231
1539293400 0 231 0 232
1539291600 0 232 0 232
1539289800 0 232 0 233
1539288000 0 232 0 233
1539286200 0 232 0 233
1539284400 0 233 0 234
1539282600 0 234 0 234
1539280800 0 234 0 235
1539279000 0 235 0 235
1539277200 0 235 0 236
1539275400 0 236 0 236
1539273600 0 236 0 236
1539271800 0 236 0 238
1539270000 0 238 0 238
1539268200 0 238 0 240
1539266400 0 240 0 241
1539264600 0 241 0 243
1539262800 0 243 0 245
1539261000 0 245 0 245
1539259200 0 245 0 246
1539257400 0 246 0 247
1539255600 0 247 0 248
1539253800 0 248 0 249
1539252000 0 248 0 249
1539250200 0 246 0 248
1539248400 0 245 0 246
1539246600 0 244 0 245
1539244800 0 242 0 244
1539243000 0 242 0 243
1539241200 0 243 0 244
1539239400 0 243 0 244
1539237600 0 243 0 243
1539235800 0 243 0 243
1539234000 0 241 0 243
1539232200 0 240 0 241
1539230400 0 239 0 240
1539228600 0 238 0 239
1539226800 0 238 0 238
1539225000 0 237 0 238
1539223200 0 236 0 237
1539221400 0 235 0 236
1539219600 0 234 0 235
1539217800 0 234 0 234
1539216000 0 234 0 235
1539214200 0 234 0 235
1539212400 0 234 0 234
1539210600 0 234 0 234
1539208800 0 234 0 234
1539207000 0 234 0 235
1539205200 0 234 0 234
1539203400 0 234 0 234
1539201600 0 234 0 234
1539199800 0 233 0 234
1539198000 0 233 0 233
1539196200 0 232 0 233
1539194400 0 232 0 234
1539192600 0 234 0 234
1539190800 0 234 0 234
1539189000 0 234 0 234
1539187200 0 234 0 234
1539185400 0 234 0 234
1539183600 0 234 0 236
1539181800 0 236 0 236
1539180000 0 236 0 239
1539178200 0 238 0 239
1539176400 0 222 0 222
1539174600 0 222 0 222
1539172800 0 222 0 222
1539171000 0 222 0 222
1539169200 0 222 0 222
1539167400 0 222 0 222
1539165600 0 222 0 222
1539163800 0 222 0 222
1539162000 0 222 0 222
1539160200 0 222 0 222
1539158400 0 222 0 222
1539156600 0 222 0 222
1539154800 0 222 0 222
1539153000 0 222 0 222
1539151200 0 222 0 222
1539149400 0 222 0 222
1539147600 0 222 0 222
1539145800 0 222 0 222
1539144000 0 222 0 222
1539142200 0 222 0 222
1539140400 0 222 0 222
1539138600 0 222 0 222
1539136800 0 222 0 222
1539135000 0 222 0 222
1539129600 0 222 0 222
1539122400 0 222 0 222
1539115200 0 222 0 222
1539108000 0 222 0 222
1539100800 0 222 0 222
1539093600 0 222 0 222
1539086400 0 222 0 222
1539079200 0 222 0 222
1539072000 0 222 0 222
1539064800 0 222 0 222
1539057600 0 222 0 222
1539050400 0 222 0 222
1539043200 0 222 0 222
1539036000 0 222 0 222
1539028800 0 222 0 222
1539021600 0 222 0 222
1539014400 0 222 0 222
1539007200 0 222 0 222
1539000000 0 222 0 222
1538992800 0 222 0 222
1538985600 0 222 0 222
1538978400 0 222 0 222
1538971200 0 222 0 222
1538964000 0 222 0 222
1538956800 0 222 0 222
1538949600 0 222 0 222
1538942400 0 222 0 222
1538935200 0 222 0 222
1538928000 0 222 0 222
1538920800 0 222 0 222
1538913600 0 222 0 222
1538906400 0 222 0 222
1538899200 0 222 0 222
1538892000 0 222 0 222
1538884800 0 222 0 222
1538877600 0 222 0 222
1538870400 0 222 0 222
1538863200 0 222 0 222
1538856000 0 222 0 222
1538848800 0 222 0 222
1538841600 0 222 0 222
1538834400 0 222 0 222
1538827200 0 222 0 222
1538820000 0 222 0 222
1538812800 0 222 0 222
1538805600 0 222 0 222
1538798400 0 222 0 222
1538791200 0 222 0 222
1538784000 0 222 0 222
1538776800 0 222 0 222
1538769600 0 222 0 222
1538762400 0 222 0 222
1538755200 0 222 0 226
1538748000 0 229 0 232
1538740800 0 231 0 232
1538733600 0 231 0 231
1538726400 0 231 0 231
1538719200 0 228 0 231
1538712000 0 225 0 225
1538704800 0 225 0 227
1538697600 0 229 0 231
1538690400 0 231 0 231
1538683200 0 231 0 231
1538676000 0 230 0 231
1538668800 0 230 0 230
1538661600 0 230 0 230
1538654400 0 230 0 230
1538647200 0 230 0 230
1538640000 0 230 0 230
1538632800 0 230 0 230
1538625600 0 230 0 230
1538618400 0 230 0 230
1538611200 0 230 0 230
1538604000 0 228 0 230
1538596800 0 226 0 226
1538589600 0 226 0 226
1538582400 0 226 0 226
1538575200 0 226 0 226
1538568000 0 226 0 226
1538560800 0 226 0 226
1538553600 0 226 0 226
1538546400 0 226 0 226
1538539200 0 226 0 226
1538532000 0 226 0 226
1538524800 0 226 0 226
1538517600 0 226 0 226
1538510400 0 226 0 226
1538503200 0 226 0 226
1538496000 0 226 0 226
1538488800 0 226 0 226
1538481600 0 226 0 226
1538474400 0 226 0 226
1538467200 0 226 0 226
1538460000 0 226 0 226
1538452800 0 226 0 226
1538445600 0 226 0 226
1538438400 0 226 0 226
1538431200 0 226 0 226
1538424000 0 226 0 226
1538416800 0 226 0 226
1538409600 0 227 0 233
1538402400 0 234 0 237
1538395200 0 241 0 250
1538388000 0 250 0 250
1538380800 0 250 0 250
1538373600 0 250 0 250
1538366400 0 250 0 250
1538359200 0 250 0 250
1538352000 0 250 0 250
1538344800 0 250 0 250
1538337600 0 250 0 250
1538330400 0 250 0 250
1538323200 0 250 0 250
1538316000 0 250 0 250
1538308800 0 250 0 250
1538301600 0 250 0 250
1538294400 0 250 0 250
1538287200 0 250 0 250
1538280000 0 250 0 250
1538272800 0 250 0 250
1538265600 0 250 0 250
1538258400 0 250 0 250
1538251200 0 250 0 250
1538244000 0 250 0 250
1538236800 0 250 0 250
1538229600 0 250 0 250
1538222400 0 250 0 250
1538215200 0 250 0 250
1538208000 0 247 0 250
1538200800 0 237 0 238
1538193600 0 233 0 233
1538186400 0 233 0 233
1538179200 0 231 0 233
1538172000 0 230 0 232
1538164800 0 232 0 232
1538157600 0 232 0 232
1538150400 0 232 0 233
1538143200 0 236 0 240
1538136000 0 238 0 238
1538128800 0 238 0 238
1538121600 0 238 0 238
1538114400 0 238 0 238
1538107200 0 237 0 238
1538100000 0 233 0 238
1538092800 0 231 0 233
1538085600 0 229 0 242
1538078400 0 242 0 242
1538071200 0 242 0 242
1538064000 0 242 0 242
1538056800 0 242 0 242
1538049600 0 242 0 242
1538042400 0 242 0 242
1538035200 0 242 0 242
1538028000 0 242 0 242
1538020800 0 242 0 242
1538013600 0 242 0 242
1538006400 0 242 0 242
1537999200 0 242 0 242
1537992000 0 242 0 242
1537984800 0 242 0 242
1537977600 0 242 0 242
1537970400 0 241 0 242
1537963200 0 241 0 242
1537956000 0 242 0 244
1537948800 0 244 0 245
1537941600 0 245 0 247
1537934400 0 243 0 245
1537927200 0 242 0 243
1537920000 0 242 0 244
1537912800 0 243 0 244
1537905600 0 242 0 244
1537898400 0 242 0 242
1537891200 0 242 0 243
1537884000 0 245 0 246
1537876800 0 245 0 247
1537869600 0 244 0 245
1537862400 0 240 0 244
1537855200 0 240 0 240
1537848000 0 239 0 240
1537840800 0 237 0 240
1537833600 0 235 0 235
1537826400 0 233 0 235
1537819200 0 231 0 238
1537812000 0 238 0 238
1537804800 0 238 0 238
1537797600 0 238 0 238
1537790400 0 238 0 241
1537783200 0 241 0 243
1537776000 0 243 0 249
1537768800 0 247 0 249
1537761600 0 247 0 248
1537754400 0 248 0 248
1537747200 0 251 0 252
1537740000 0 252 0 252
1537732800 0 252 0 252
1537725600 0 252 0 252
1537718400 0 252 0 252
1537711200 0 252 0 252
1537704000 0 252 0 252
1537696800 0 252 0 252
1537689600 0 252 0 252
1537682400 0 252 0 252
1537675200 0 251 0 252
1537668000 0 239 0 239
1537660800 0 239 0 239
1537653600 0 239 0 239
1537646400 0 239 0 239
1537639200 0 239 0 239
1537632000 0 239 0 239
1537624800 0 239 0 239
1537617600 0 239 0 239
1537610400 0 239 0 239
1537603200 0 239 0 239
1537596000 0 239 0 239
1537588800 0 239 0 239
1537581600 0 239 0 239
1537574400 0 239 0 239
1537567200 0 239 0 239
1537560000 0 239 0 239
1537552800 0 239 0 239
1537545600 0 239 0 239
1537538400 0 237 0 239
1537531200 0 237 0 237
1537524000 0 237 0 237
1537516800 0 237 0 237
1537509600 0 237 0 237
1537502400 0 237 0 237
1537495200 0 235 0 237
1537488000 0 235 0 236
1537480800 0 236 0 236
1537473600 0 236 0 236
1537466400 0 236 0 237
1537459200 0 237 0 240
1537452000 0 240 0 241
1537444800 0 239 0 240
1537437600 0 239 0 241
1537430400 0 240 0 244
1537423200 0 243 0 244
1537416000 0 242 0 244
1537408800 0 239 0 242
1537401600 0 238 0 239
1537394400 0 237 0 239
1537387200 0 235 0 237
1537380000 0 235 0 239
1537372800 0 239 0 242
1537365600 0 243 0 246
1537358400 0 245 0 245
1537351200 0 245 0 247
1537344000 0 246 0 249
1537336800 0 249 0 252
1537329600 0 248 0 250
1537322400 0 245 0 248
1537315200 0 244 0 245
1537308000 0 244 0 246
1537300800 0 246 0 246
1537293600 0 245 0 247
1537286400 0 247 0 249
1537279200 0 251 0 253
1537272000 0 252 0 253
1537264800 0 253 0 254
1537257600 0 253 0 255
1537250400 0 254 0 255
1537243200 0 252 0 254
1537236000 0 249 0 252
1537228800 0 248 0 249
1537221600 0 249 0 249
1537214400 0 249 0 251
1537207200 0 251 0 252
1537200000 0 255 0 258
1537192800 0 256 0 258
1537185600 0 256 0 260
1537178400 0 260 0 261
1537171200 0 260 0 263
1537164000 0 263 0 265
1537156800 0 264 0 264
1537149600 0 264 0 265
1537142400 0 263 0 264
1537135200 0 262 0 263
1537128000 0 259 0 262
1537120800 0 258 0 259
1537113600 0 256 0 259
1537106400 0 250 0 254
1537099200 0 249 0 250
1537092000 0 249 0 252
1537084800 0 252 0 255
1537077600 0 255 0 257
1537070400 0 257 0 258
1537063200 0 258 0 258
1537056000 0 256 0 258
1537048800 0 254 0 256
1537041600 0 251 0 254
1537034400 0 249 0 251
1537027200 0 248 0 251
1537020000 0 244 0 247
1537012800 0 242 0 242
1537005600 0 242 0 244
1536998400 0 244 0 248
1536991200 0 248 0 250
1536984000 0 247 0 249
1536976800 0 244 0 247
1536969600 0 241 0 243
1536962400 0 240 0 241
1536955200 0 238 0 241
1536948000 0 240 0 243
1536940800 0 243 0 245
1536933600 0 245 0 248
1536926400 0 248 0 254
1536919200 0 247 0 254
1536912000 0 247 0 249
1536904800 0 249 0 250
1536897600 0 245 0 248
1536890400 0 243 0 245
1536883200 0 241 0 243
1536876000 0 241 0 243
1536868800 0 241 0 242
1536861600 0 240 0 245
1536854400 0 245 0 245
1536847200 0 244 0 245
1536840000 0 244 0 246
1536832800 0 245 0 246
1536825600 0 249 0 252
1536818400 0 252 0 252
1536811200 0 252 0 252
1536804000 0 252 0 252
1536796800 0 252 0 252
1536789600 0 252 0 252
1536782400 0 252 0 252
1536775200 0 252 0 252
1536768000 0 252 0 252
1536760800 0 252 0 259
1536753600 0 260 0 262
1536746400 0 255 0 262
1536739200 0 243 0 247
1536732000 0 242 0 242
1536724800 0 242 0 242
1536717600 0 242 0 242
1536710400 0 242 0 242
1536703200 0 242 0 242
1536696000 0 242 0 243
1536688800 0 240 0 242
1536681600 0 240 0 240
1536674400 0 240 0 240
1536667200 0 240 0 240
1536660000 0 240 0 240
1536652800 0 240 0 240
1536645600 0 240 0 240
1536638400 0 240 0 240
1536631200 0 240 0 240
1536624000 0 240 0 240
1536616800 0 240 0 240
1536609600 0 240 0 240
1536602400 0 240 0 240
1536595200 0 240 0 240
1536588000 0 240 0 240
1536580800 0 240 0 240
1536573600 0 240 0 240
1536566400 0 240 0 240
1536559200 0 240 0 240
1536552000 0 240 0 240
1536544800 0 240 0 240
1536537600 0 240 0 240
1536530400 0 240 0 240
1536523200 0 240 0 240
1536516000 0 240 0 240
1536508800 0 240 0 240
1536501600 0 240 0 240
1536494400 0 240 0 240
1536487200 0 240 0 240
1536480000 0 240 0 240
1536472800 0 240 0 240
1536465600 0 240 0 240
1536458400 0 240 0 240
1536451200 0 240 0 240
1536444000 0 240 0 240
1536436800 0 240 0 240
1536429600 0 240 0 240
1536422400 0 240 0 240
1536415200 0 240 0 240
1536408000 0 240 0 240
1536400800 0 240 0 240
1536393600 0 240 0 240
1536386400 0 240 0 240
1536379200 0 240 0 240
1536372000 0 240 0 240
1536364800 0 240 0 240
1536357600 0 240 0 240
1536350400 0 240 0 240
1536343200 0 240 0 240
1536336000 0 240 0 240
1536328800 0 243 0 246
1536321600 0 246 0 246
1536314400 0 246 0 248
1536307200 0 247 0 248
1536300000 0 246 0 247
1536292800 0 243 0 243
1536285600 0 244 0 249
1536278400 0 249 0 249
1536271200 0 249 0 249
1536264000 0 249 0 249
1536256800 0 249 0 249
1536249600 0 249 0 249
1536242400 0 245 0 249
1536235200 0 243 0 243
1536228000 0 243 0 243
1536220800 0 243 0 243
1536213600 0 243 0 243
1536206400 0 243 0 243
1536199200 0 243 0 243
1536192000 0 243 0 245
1536184800 0 240 0 245
1536177600 0 220 0 220
1536170400 0 220 0 220
1536163200 0 220 0 220
1536156000 0 220 0 220
1536148800 0 220 0 220
1536141600 0 220 0 220
1536134400 0 220 0 220
1536127200 0 220 0 220
1536120000 0 220 0 220
1536112800 0 220 0 220
1536105600 0 220 0 220
1536098400 0 220 0 220
1536091200 0 220 0 220
1536084000 0 220 0 220
1536076800 0 220 0 220
1536069600 0 220 0 220
1536062400 0 220 0 220
1536055200 0 220 0 220
1536048000 0 220 0 220
1536040800 0 220 0 220
1536033600 0 220 0 220
1536026400 0 220 0 220
1536019200 0 220 0 220
1536012000 0 220 0 220
1536004800 0 220 0 220
1535997600 0 220 0 220
1535990400 0 220 0 220
1535983200 0 220 0 220
1535976000 0 220 0 220
1535968800 0 220 0 220
1535961600 0 220 0 220
1535954400 0 220 0 220
1535947200 0 220 0 220
1535940000 0 220 0 220
1535932800 0 220 0 220
1535925600 0 220 0 220
1535918400 0 220 0 220
1535911200 0 220 0 220
1535904000 0 220 0 220
1535896800 0 220 0 220
1535889600 0 220 0 220
1535882400 0 220 0 220
1535875200 0 220 0 220
1535868000 0 220 0 220
1535860800 0 220 0 220
1535853600 0 220 0 220
1535846400 0 220 0 220
1535839200 0 220 0 220
1535832000 0 220 0 220
1535824800 0 220 0 220
1535817600 0 220 0 220
1535810400 0 220 0 220
1535803200 0 220 0 220
1535796000 0 220 0 220
1535788800 0 220 0 220
1535781600 0 220 0 220
1535774400 0 220 0 220
1535767200 0 220 0 220
1535760000 0 220 0 220
1535752800 0 220 0 220
1535745600 0 220 0 220
1535738400 0 220 0 220
1535731200 0 220 0 220
1535724000 0 220 0 220
1535716800 0 220 0 220
1535709600 0 220 0 220
1535702400 0 220 0 220
1535695200 0 220 0 220
1535688000 0 220 0 220
1535680800 0 220 0 220
1535673600 0 220 0 220
1535666400 0 220 0 220
1535659200 0 220 0 220
1535652000 0 220 0 221
1535644800 0 225 0 227
1535637600 0 227 0 227
1535630400 0 227 0 227
1535623200 0 227 0 227
1535616000 0 227 0 227
1535608800 0 224 0 227
1535601600 0 223 0 223
1535594400 0 223 0 224
1535587200 0 224 0 226
1535580000 0 226 0 227
1535572800 0 227 0 228
1535565600 0 228 0 228
1535558400 0 228 0 228
1535551200 0 228 0 229
1535544000 0 229 0 229
1535536800 0 229 0 229
1535529600 0 229 0 229
1535522400 0 228 0 229
1535515200 0 227 0 227
1535508000 0 227 0 227
1535500800 0 227 0 229
1535493600 0 229 0 229
1535486400 0 228 0 229
1535479200 0 228 0 228
1535472000 0 228 0 230
1535464800 0 228 0 230
1535457600 0 231 0 235
1535450400 0 233 0 234
1535443200 0 231 0 233
1535436000 0 231 0 231
1535428800 0 230 0 231
1535421600 0 229 0 230
1535414400 0 229 0 229
1535407200 0 228 0 229
1535400000 0 229 0 230
1535392800 0 230 0 233
1535385600 0 233 0 235
1535378400 0 234 0 237
1535371200 0 237 0 239
1535364000 0 239 0 241
1535356800 0 240 0 240
1535349600 0 240 0 241
1535342400 0 240 0 241
1535335200 0 240 0 241
1535328000 0 240 0 241
1535320800 0 240 0 240
1535313600 0 240 0 240
1535306400 0 238 0 240
1535299200 0 238 0 238
1535292000 0 237 0 238
1535284800 0 236 0 237
1535277600 0 236 0 236
1535270400 0 235 0 236
1535263200 0 234 0 235
1535256000 0 233 0 234
1535248800 0 233 0 233
1535241600 0 233 0 234
1535234400 0 234 0 234
1535227200 0 233 0 234
1535220000 0 232 0 233
1535212800 0 230 0 232
1535205600 0 229 0 230
1535198400 0 229 0 230
1535191200 0 227 0 229
1535184000 0 227 0 227
1535176800 0 227 0 228
1535169600 0 227 0 228
1535162400 0 226 0 228
1535155200 0 225 0 228
1535148000 0 227 0 228
1535140800 0 227 0 227
1535133600 0 226 0 227
1535126400 0 226 0 229
1535119200 0 229 0 230
1535112000 0 230 0 232
1535104800 0 232 0 234
1535097600 0 233 0 234
1535090400 0 235 0 238
1535083200 0 236 0 238
1535076000 0 234 0 236
1535068800 0 234 0 235
1535061600 0 233 0 234
1535054400 0 233 0 233
1535047200 0 232 0 233
1535040000 0 233 0 236
1535032800 0 237 0 240
1535025600 0 238 0 240
1535018400 0 240 0 242
1535011200 0 242 0 245
1535004000 0 245 0 247
1534996800 0 246 0 247
1534989600 0 242 0 246
1534982400 0 240 0 241
1534975200 0 241 0 241
1534968000 0 240 0 241
1534960800 0 240 0 242
1534953600 0 242 0 244
1534946400 0 247 0 251
1534939200 0 254 0 260
1534932000 0 250 0 256
1534924800 0 250 0 252
1534917600 0 251 0 254
1534910400 0 248 0 252
1534903200 0 243 0 247
1534896000 0 242 0 243
1534888800 0 242 0 243
1534881600 0 242 0 243
1534874400 0 243 0 245
1534867200 0 245 0 246
1534860000 0 246 0 248
1534852800 0 246 0 248
1534845600 0 248 0 249
1534838400 0 248 0 251
1534831200 0 251 0 252
1534824000 0 247 0 251
1534816800 0 243 0 247
1534809600 0 247 0 258
1534723200 0 245 0 254
1534636800 0 236 0 246
1534550400 0 233 0 245
1534464000 0 235 0 244
1534377600 0 235 0 241
1534291200 0 235 0 249
1534204800 0 239 0 249
1534118400 0 236 0 248
1534032000 0 225 0 237
1533945600 0 220 0 230
1533859200 0 221 0 231
1533772800 0 225 0 237
1533686400 0 232 0 245
1533600000 0 242 0 252
1533513600 0 241 0 250
1533427200 0 230 0 241
1533340800 0 226 0 235
1533254400 0 225 0 230
1533168000 0 223 0 230
1533081600 0 223 0 232
1532995200 0 233 0 245
1532908800 0 240 0 248
1532822400 0 235 0 248
1532736000 0 231 0 249
1532649600 0 229 0 240
1532563200 0 233 0 246
1532476800 0 236 0 257
1532390400 0 243 0 262
1532304000 0 242 0 256
1532217600 0 221 0 234
1532131200 0 214 0 223
1532044800 0 215 0 225
1531958400 0 216 0 226
1531872000 0 223 0 235
1531785600 0 231 0 242
1531699200 0 232 0 241
1531612800 0 221 0 232
1531526400 0 215 0 223
1531440000 0 215 0 221
1531353600 0 216 0 224
1531267200 0 220 0 230
1531180800 0 227 0 237
1531094400 0 229 0 236
1531008000 0 218 0 229
1530921600 0 221 0 232
1530835200 0 222 0 228
1530748800 0 222 0 234
1530662400 0 225 0 235
1530576000 0 238 0 251
1530489600 0 243 0 250
1530403200 0 231 0 244
1530316800 0 222 0 235
1530230400 0 221 0 230
1530144000 0 220 0 226
1530057600 0 218 0 227
1529971200 0 225 0 236
1529884800 0 222 0 232
1529798400 0 212 0 223
1529712000 0 208 0 214
1529625600 0 210 0 218
1529539200 0 212 0 218
1529452800 0 217 0 227
1529366400 0 227 0 234
1529280000 0 219 0 232
1529193600 0 208 0 220
1529107200 0 206 0 214
1529020800 0 213 0 223
1528934400 0 220 0 227
1528848000 0 215 0 222
1528761600 0 217 0 225
1528675200 0 218 0 223
1528588800 0 213 0 219
1528502400 0 211 0 216
1528416000 0 208 0 214
1528329600 0 208 0 218
1528243200 0 223 0 233
1528156800 0 232 0 242
1528070400 0 230 0 238
1527984000 0 225 0 230
1527897600 0 225 0 228
1527811200 0 223 0 229
1527724800 0 212 0 225
1527638400 0 210 0 215
1527552000 0 206 0 217
1527465600 0 204 0 204
1527379200 0 202 0 205
1527292800 0 202 0 204
1527206400 0 209 0 215
1527120000 0 212 0 217
1527033600 0 206 0 216
1526947200 0 209 0 220
1526860800 0 212 0 220
1526774400 0 200 0 213
1526688000 0 204 0 216
1526601600 0 208 0 217
1526515200 0 208 0 212
1526428800 0 208 0 208
1526342400 0 208 0 208
1526256000 0 208 0 208
1526169600 0 208 0 208
1526083200 0 208 0 208
1525996800 0 208 0 208
1525910400 0 208 0 208
1525824000 0 208 0 208
1525737600 0 208 0 208
1525651200 0 208 0 208
1525564800 0 208 0 208
1525478400 0 208 0 208
1525392000 0 208 0 208
1525305600 0 208 0 208
1525219200 0 207 0 212
1525132800 0 205 0 207
1525046400 0 207 0 207
1524960000 0 207 0 207
1524873600 0 206 0 207
1524787200 0 206 0 214
1524700800 0 208 0 217
1524614400 0 185 0 210
1524528000 0 0 0 0
1524441600 0 0 0 0
1524355200 0 0 0 0
1524268800 0 0 0 0
1524182400 0 0 0 0
1524096000 0 0 0 0
1524009600 0 0 0 0
1523923200 0 0 0 0
1523836800 0 0 0 0
1523750400 0 0 0 0
1523664000 0 0 0 0
1523577600 0 0 0 0
1523491200 0 0 0 0
1523404800 0 0 0 0
1523318400 0 0 0 0
1523232000 0 0 0 0
1523145600 0 0 0 0
1523059200 0 0 0 0
1522972800 0 0 0 0
1522886400 0 0 0 0
1522800000 0 0 0 0
1522713600 0 0 0 0
1522627200 0 0 0 0
1522540800 0 0 0 0
1522454400 0 0 0 0
1522368000 0 0 0 0
1522281600 0 0 0 0
1522195200 0 0 0 0
1522108800 0 0 0 0
1522022400 0 0 0 0
1521936000 0 0 0 0
1521849600 0 0 0 0
1521763200 0 0 0 0
1521676800 0 0 0 0
1521590400 0 0 0 0
1521504000 0 0 0 0
1521417600 0 0 0 0
1521331200 0 0 0 0
1521244800 0 0 0 0
1521158400 0 0 0 0
1521072000 0 0 0 0
1520985600 0 0 0 0
1520899200 0 0 0 0
1520812800 0 0 0 0
1520726400 0 0 0 0
1520640000 0 0 0 0
1520553600 0 0 0 0
1520467200 0 0 0 0
1520380800 0 0 0 0
1520294400 0 0 0 0
1520208000 0 0 0 0
1520121600 0 0 0 0
1520035200 0 0 0 0
1519948800 0 0 0 0
1519862400 0 0 0 0
1519776000 0 0 0 0
1519689600 0 0 0 0
1519603200 0 0 0 0
1519516800 0 0 0 0
1519430400 0 0 0 0
1519344000 0 0 0 0
1519257600 0 0 0 0
1519171200 0 0 0 0
1519084800 0 0 0 0
1518998400 0 0 0 0
1518912000 0 0 0 0
1518825600 0 0 0 0
1518739200 0 0 0 0
1518652800 0 0 0 0
1518566400 0 0 0 0
1518480000 0 0 0 0
1518393600 0 0 0 0
1518307200 0 0 0 0
1518220800 0 0 0 0
1518134400 0 0 0 0
1518048000 0 0 0 0
1517961600 0 0 0 0
1517875200 0 0 0 0
1517788800 0 0 0 0
1517702400 0 0 0 0
1517616000 0 0 0 0
1517529600 0 0 0 0
1517443200 0 0 0 0
1517356800 0 0 0 0
1517270400 0 0 0 0
1517184000 0 0 0 0
1517097600 0 0 0 0
1517011200 0 0 0 0
1516924800 0 0 0 0
1516838400 0 0 0 0
1516752000 0 0 0 0
1516665600 0 0 0 0
1516579200 0 0 0 0
1516492800 0 0 0 0
1516406400 0 0 0 0
1516320000 0 0 0 0
1516233600 0 0 0 0
1516147200 0 0 0 0
1516060800 0 0 0 0
1515974400 0 0 0 0
1515888000 0 0 0 0
1515801600 0 0 0 0
1515715200 0 0 0 0
1515628800 0 0 0 0
1515542400 0 0 0 0
1515456000 0 0 0 0
1515369600 0 0 0 0
1515283200 0 0 0 0
1515196800 0 0 0 0
1515110400 0 0 0 0
1515024000 0 0 0 0
1514937600 0 0 0 0
1514851200 0 0 0 0
1514764800 0 0 0 0
1514678400 0 0 0 0
1514592000 0 0 0 0
1514505600 0 0 0 0
1514419200 0 0 0 0
1514332800 0 0 0 0
1514246400 0 0 0 0
1514160000 0 0 0 0
1514073600 0 0 0 0
1513987200 0 0 0 0
1513900800 0 0 0 0
1513814400 0 0 0 0
1513728000 0 0 0 0
1513641600 0 0 0 0
1513555200 0 0 0 0
1513468800 0 0 0 0
1513382400 0 0 0 0
1513296000 0 0 0 0
1513209600 0 0 0 0
1513123200 0 0 0 0
1513036800 0 0 0 0
1512950400 0 0 0 0
1512864000 0 0 0 0
1512777600 0 0 0 0
1512691200 0 0 0 0
1512604800 0 0 0 0
1512518400 0 0 0 0
1512432000 0 0 0 0
1512345600 0 0 0 0
1512259200 0 0 0 0
1512172800 0 0 0 0
1512086400 0 0 0 0
1512000000 0 0 0 0
1511913600 0 0 0 0
1511827200 0 0 0 0
1511740800 0 0 0 0
1511654400 0 0 0 0
1511568000 0 0 0 0
1511481600 0 0 0 0
1511395200 0 0 0 0
1511308800 0 0 0 0
1511222400 0 0 0 0
1511136000 0 0 0 0
1511049600 0 0 0 0
1510963200 0 0 0 0
1510876800 0 0 0 0
1510790400 0 0 0 0
1510704000 0 0 0 0
1510617600 0 0 0 0
1510531200 0 0 0 0
1510444800 0 0 0 0
1510358400 0 0 0 0
1510272000 0 0 0 0
1510185600 0 0 0 0
1510099200 0 0 0 0
1510012800 0 0 0 0
1509926400 0 0 0 0
1509840000 0 0 0 0
1509753600 0 0 0 0
1509667200 0 0 0 0
1509580800 0 0 0 0
1509494400 0 0 0 0
1509408000 0 0 0 0
1509321600 0 0 0 0
1509235200 0 0 0 0
1509148800 0 0 0 0
1509062400 0 0 0 0
1508976000 0 0 0 0
1508889600 0 0 0 0
1508803200 0 0 0 0
1508716800 0 0 0 0
1508630400 0 0 0 0
1508544000 0 0 0 0
1508457600 0 0 0 0
1508371200 0 0 0 0
1508284800 0 0 0 0
1508198400 0 0 0 0
1508112000 0 0 0 0
1508025600 0 0 0 0
1507939200 0 0 0 0
1507852800 0 0 0 0
1507766400 0 0 0 0
1507680000 0 0 0 0
1507593600 0 0 0 0
1507507200 0 0 0 0
1507420800 0 0 0 0
1507334400 0 0 0 0
1507248000 0 0 0 0
1507161600 0 0 0 0
1507075200 0 0 0 0
1506988800 0 0 0 0
1506902400 0 0 0 0
1506816000 0 0 0 0
1506729600 0 0 0 0
1506643200 0 0 0 0
1506556800 0 0 0 0
1506470400 0 0 0 0
1506384000 0 0 0 0
1506297600 0 0 0 0
1506211200 0 0 0 0
1506124800 0 0 0 0
1506038400 0 0 0 0
1505952000 0 0 0 0
1505865600 0 0 0 0
1505779200 0 0 0 0
1505692800 0 0 0 0
1505606400 0 0 0 0
1505520000 0 0 0 0
1505433600 0 0 0 0
1505347200 0 0 0 0
1505260800 0 0 0 0
1505174400 0 0 0 0
1505088000 0 0 0 0
1505001600 0 0 0 0
1504915200 0 0 0 0
1504828800 0 0 0 0
1504742400 0 0 0 0
1504656000 0 0 0 0
1504569600 0 0 0 0
1504483200 0 0 0 0
1504396800 0 0 0 0
1504310400 0 0 0 0
1504224000 0 0 0 0
1504137600 0 0 0 0
1504051200 0 0 0 0
1503964800 0 0 0 0
1503878400 0 0 0 0
1503792000 0 0 0 0
1503705600 0 0 0 0
1503619200 0 0 0 0
1503532800 0 0 0 0
1503446400 0 0 0 0
1503360000 0 0 0 0
1503273600 0 0 0 0
1503187200 0 0 0 0
1503100800 0 0 0 0
1503014400 0 0 0 0
1502928000 0 0 0 0
1502841600 0 0 0 0
1502755200 0 0 0 0
1502668800 0 0 0 0
1502582400 0 0 0 0
1502496000 0 0 0 0
1502409600 0 0 0 0
1502323200 0 0 0 0
1502236800 0 0 0 0
1502150400 0 0 0 0
1502064000 0 0 0 0
1501977600 0 0 0 0
1501891200 0 0 0 0
1501804800 0 0 0 0
1501718400 0 0 0 0
1501632000 0 0 0 0
1501545600 0 0 0 0
1501459200 0 0 0 0
1501372800 0 0 0 0
1501286400 0 0 0 0
1501200000 0 0 0 0
1501113600 0 0 0 0
1501027200 0 0 0 0
1500940800 0 0 0 0
1500854400 0 0 0 0
1500768000 0 0 0 0
1500681600 0 0 0 0
1500595200 0 0 0 0
1500508800 0 0 0 0
1500422400 0 0 0 0
1500336000 0 0 0 0
1500249600 0 0 0 0
1500163200 0 0 0 0
1500076800 0 0 0 0
1499990400 0 0 0 0
1499904000 0 0 0 0
1499817600 0 0 0 0
1499731200 0 0 0 0
1499644800 0 0 0 0
1499558400 0 0 0 0
1499472000 0 0 0 0
1499385600 0 0 0 0
1499299200 0 0 0 0
1499212800 0 0 0 0
1499126400 0 0 0 0
1499040000 0 0 0 0
1498953600 0 0 0 0
1498867200 0 0 0 0
1498780800 0 0 0 0
1498694400 0 0 0 0
1498608000 0 0 0 0
1498521600 0 0 0 0
1498435200 0 0 0 0
1498348800 0 0 0 0
1498262400 0 0 0 0
1498176000 0 0 0 0
1498089600 0 0 0 0
1498003200 0 0 0 0
1497916800 0 0 0 0
1497830400 0 0 0 0
1497744000 0 0 0 0
1497657600 0 0 0 0
1497571200 0 0 0 0
1497484800 0 0 0 0
1497398400 0 0 0 0
1497312000 0 0 0 0
1497225600 0 0 0 0
1497139200 0 0 0 0
1497052800 0 0 0 0
1496966400 0 0 0 0
1496880000 0 0 0 0
1496793600 0 0 0 0
1496707200 0 0 0 0
1496620800 0 0 0 0
1496534400 0 0 0 0
1496448000 0 0 0 0
1496361600 0 0 0 0
1496275200 0 0 0 0
1496188800 0 0 0 0
1496102400 0 0 0 0
1496016000 0 0 0 0
1495929600 0 0 0 0
1495843200 0 0 0 0
1495756800 0 0 0 0
1495670400 0 0 0 0
1495584000 0 0 0 0
1495497600 0 0 0 0
1495411200 0 0 0 0
1495324800 0 0 0 0
1495238400 0 0 0 0
1495152000 0 0 0 0
1495065600 0 0 0 0
1494979200 0 0 0 0
1494892800 0 0 0 0
1494806400 0 0 0 0
1494720000 0 0 0 0
1494633600 0 0 0 0
1494547200 0 0 0 0
1494460800 0 0 0 0
1494374400 0 0 0 0
1494288000 0 0 0 0
1494201600 0 0 0 0
1494115200 0 0 0 0
1494028800 0 0 0 0
1493942400 0 0 0 0
1493856000 0 0 0 0
1493769600 0 0 0 0
1493683200 0 0 0 0
1493596800 0 0 0 0
1493510400 0 0 0 0
1493424000 0 0 0 0
1493337600 0 0 0 0
1493251200 0 0 0 0
1493164800 0 0 0 0
1493078400 0 0 0 0
1492992000 0 0 0 0
1492905600 0 0 0 0
1492819200 0 0 0 0
1492732800 0 0 0 0
1492646400 0 0 0 0
1492560000 0 0 0 0
1492473600 0 0 0 0
1492387200 0 0 0 0
1492300800 0 0 0 0
1492214400 0 0 0 0
1492128000 0 0 0 0
1492041600 0 0 0 0
1491955200 0 0 0 0
1491868800 0 0 0 0
1491782400 0 0 0 0
1491696000 0 0 0 0
1491609600 0 0 0 0
1491523200 0 0 0 0
1491436800 0 0 0 0
1491350400 0 0 0 0
1491264000 0 0 0 0
1491177600 0 0 0 0
1491091200 0 0 0 0
1491004800 0 0 0 0
1490918400 0 0 0 0
1490832000 0 0 0 0
1490745600 0 0 0 0
1490659200 0 0 0 0
1490572800 0 0 0 0
1490486400 0 0 0 0
1490400000 0 0 0 0
1490313600 0 0 0 0
1490227200 0 0 0 0
1490140800 0 0 0 0
1490054400 0 0 0 0
1489968000 0 0 0 0
1489881600 0 0 0 0
1489795200 0 0 0 0
1489708800 0 0 0 0
1489622400 0 0 0 0
1489536000 0 0 0 0
1489449600 0 0 0 0
1489363200 0 0 0 0
1489276800 0 0 0 0
1489190400 0 0 0 0
1489104000 0 0 0 0
1489017600 0 0 0 0
1488931200 0 0 0 0
1488844800 0 0 0 0
1488758400 0 0 0 0
1488672000 0 0 0 0
1488585600 0 0 0 0
1488499200 0 0 0 0
1488412800 0 0 0 0
1488326400 0 0 0 0
1488240000 0 0 0 0
1488153600 0 0 0 0
1488067200 0 0 0 0
1487980800 0 0 0 0
1487894400 0 0 0 0
1487808000 0 0 0 0
1487721600 0 0 0 0
1487635200 0 0 0 0
1487548800 0 0 0 0
1487462400 0 0 0 0
1487376000 0 0 0 0
1487289600 0 0 0 0
1487203200 0 0 0 0
1487116800 0 0 0 0
1487030400 0 0 0 0
1486944000 0 0 0 0
1486857600 0 0 0 0
1486771200 0 0 0 0
1486684800 0 0 0 0
1486598400 0 0 0 0
1486512000 0 0 0 0
1486425600 0 0 0 0
1486339200 0 0 0 0
1486252800 0 0 0 0
1486166400 0 0 0 0
1486080000 0 0 0 0
1485993600 0 0 0 0
1485907200 0 0 0 0
1485820800 0 0 0 0
1485734400 0 0 0 0
1485648000 0 0 0 0
1485561600 0 0 0 0
1485475200 0 0 0 0
1485388800 0 0 0 0
1485302400 0 0 0 0
1485216000 0 0 0 0
1485129600 0 0 0 0
1485043200 0 0 0 0
1484956800 0 0 0 0
1484870400 0 0 0 0
1484784000 0 0 0 0
1484697600 0 0 0 0
1484611200 0 0 0 0
1484524800 0 0 0 0
1484438400 0 0 0 0
1484352000 0 0 0 0
1484265600 0 0 0 0
1484179200 0 0 0 0
1484092800 0 0 0 0
1484006400 0 0 0 0
1483920000 0 0 0 0
1483833600 0 0 0 0
1483747200 0 0 0 0
1483660800 0 0 0 0
1483574400 0 0 0 0
1483488000 0 0 0 0
1483401600 0 0 0 0
1483315200 0 0 0 0
1483228800 0 0 0 0
1483142400 0 0 0 0
1483056000 0 0 0 0
1482969600 0 0 0 0
1482883200 0 0 0 0
1482796800 0 0 0 0
1482710400 0 0 0 0
1482624000 0 0 0 0
1482537600 0 0 0 0
1482451200 0 0 0 0
1482364800 0 0 0 0
1482278400 0 0 0 0
1482192000 0 0 0 0
1482105600 0 0 0 0
1482019200 0 0 0 0
1481932800 0 0 0 0
1481846400 0 0 0 0
1481760000 0 0 0 0
1481673600 0 0 0 0
1481587200 0 0 0 0
1481500800 0 0 0 0
1481414400 0 0 0 0
1481328000 0 0 0 0
1481241600 0 0 0 0
1481155200 0 0 0 0
1481068800 0 0 0 0
1480982400 0 0 0 0
1480896000 0 0 0 0
1480809600 0 0 0 0
1480723200 0 0 0 0
1480636800 0 0 0 0
1480550400 0 0 0 0
1480464000 0 0 0 0
1480377600 0 0 0 0
1480291200 0 0 0 0
1480204800 0 0 0 0
1480118400 0 0 0 0
1480032000 0 0 0 0
1479945600 0 0 0 0
1479859200 0 0 0 0
1479772800 0 0 0 0
1479686400 0 0 0 0
1479600000 0 0 0 0
1479513600 0 0 0 0
1479427200 0 0 0 0
1479340800 0 0 0 0
1479254400 0 0 0 0
1479168000 0 0 0 0
1479081600 0 0 0 0
1478995200 0 0 0 0
1478908800 0 0 0 0
1478822400 0 0 0 0
1478736000 0 0 0 0
1478649600 0 0 0 0
1478563200 0 0 0 0
1478476800 0 0 0 0
1478390400 0 0 0 0
1478304000 0 0 0 0
1478217600 0 0 0 0
1478131200 0 0 0 0
1478044800 0 0 0 0
1477958400 0 0 0 0
1477872000 0 0 0 0
1477785600 0 0 0 0
1477699200 0 0 0 0
1477612800 0 0 0 0
1477526400 0 0 0 0
1477440000 0 0 0 0
1477353600 0 0 0 0
1477267200 0 0 0 0
1477180800 0 0 0 0
1477094400 0 0 0 0
1477008000 0 0 0 0
1476921600 0 0 0 0
1476835200 0 0 0 0
1476748800 0 0 0 0
1476662400 0 0 0 0
1476576000 0 0 0 0
1476489600 0 0 0 0
1476403200 0 0 0 0
1476316800 0 0 0 0
1476230400 0 0 0 0
1476144000 0 0 0 0
1476057600 0 0 0 0
1475971200 0 0 0 0
1475884800 0 0 0 0
1475798400 0 0 0 0
1475712000 0 0 0 0
1475625600 0 0 0 0
1475539200 0 0 0 0
1475452800 0 0 0 0
1475366400 0 0 0 0
1475280000 0 0 0 0
1475193600 0 0 0 0
1475107200 0 0 0 0
1475020800 0 0 0 0
1474934400 0 0 0 0
1474848000 0 0 0 0
1474761600 0 0 0 0
1474675200 0 0 0 0
1474588800 0 0 0 0
1474502400 0 0 0 0
1474416000 0 0 0 0
1474329600 0 0 0 0
1474243200 0 0 0 0
1474156800 0 0 0 0
1474070400 0 0 0 0
1473984000 0 0 0 0
1473897600 0 0 0 0
1473811200 0 0 0 0
1473724800 0 0 0 0
1473638400 0 0 0 0
1473552000 0 0 0 0
1473465600 0 0 0 0
1473379200 0 0 0 0
1473292800 0 0 0 0
1473206400 0 0 0 0
1473120000 0 0 0 0
1473033600 0 0 0 0
1472947200 0 0 0 0
1472860800 0 0 0 0
1472774400 0 0 0 0
1472688000 0 0 0 0
1472601600 0 0 0 0
1472515200 0 0 0 0
1472428800 0 0 0 0
1472342400 0 0 0 0
1472256000 0 0 0 0
1472169600 0 0 0 0
1472083200 0 0 0 0
1471996800 0 0 0 0
1471910400 0 0 0 0
1471824000 0 0 0 0
1471737600 0 0 0 0
1471651200 0 0 0 0
