1535659503 0 259
1535659503 0 259 0 259
1535659203 0 259 0 259
1535659200 0 259 0 259
1535658900 0 259 0 259
1535658600 0 259 0 259
1535658300 0 259 0 259
1535658000 0 259 0 259
1535657700 0 259 0 259
1535657400 0 259 0 259
1535657100 0 259 0 259
1535656800 0 259 0 259
1535656500 0 259 0 259
1535656200 0 259 0 259
1535655900 0 258 0 259
1535655600 0 258 0 258
1535655300 0 258 0 258
1535655000 0 258 0 258
1535654700 0 258 0 258
1535654400 0 258 0 258
1535654100 0 258 0 258
1535653800 0 258 0 258
1535653500 0 258 0 258
1535653200 0 258 0 258
1535652900 0 258 0 258
1535652600 0 258 0 258
1535652300 0 258 0 259
1535652000 0 259 0 259
1535651700 0 259 0 259
1535651400 0 259 0 259
1535651100 0 259 0 259
1535650800 0 259 0 259
1535650500 0 259 0 259
1535650200 0 259 0 259
1535649900 0 258 0 259
1535649600 0 257 0 257
1535649300 0 257 0 257
1535649000 0 257 0 257
1535648700 0 256 0 257
1535648400 0 256 0 256
1535648100 0 256 0 256
1535647800 0 256 0 256
1535647500 0 255 0 256
1535647200 0 254 0 254
1535646900 0 254 0 254
1535646600 0 254 0 254
1535646300 0 253 0 254
1535646000 0 252 0 252
1535645700 0 252 0 252
1535645400 0 252 0 252
1535645100 0 251 0 252
1535644800 0 250 0 250
1535644500 0 250 0 250
1535644200 0 250 0 250
1535643900 0 249 0 250
1535643600 0 247 0 247
1535643300 0 247 0 247
1535643000 0 247 0 247
1535642700 0 246 0 247
1535642400 0 244 0 244
1535642100 0 244 0 244
1535641800 0 244 0 244
1535641500 0 243 0 244
1535641200 0 238 0 238
1535640900 0 238 0 238
1535640600 0 238 0 238
1535640300 0 237 0 238
1535640000 0 237 0 237
1535639700 0 237 0 237
1535639400 0 237 0 237
1535639100 0 237 0 238
1535638800 0 238 0 238
1535638500 0 238 0 238
1535638200 0 238 0 238
1535637900 0 238 0 239
1535637600 0 239 0 239
1535637300 0 239 0 239
1535637000 0 239 0 239
1535636700 0 239 0 241
1535636400 0 241 0 241
1535636100 0 241 0 241
1535635800 0 241 0 241
1535635500 0 241 0 242
1535635200 0 242 0 242
1535634900 0 242 0 242
1535634600 0 242 0 242
1535634300 0 242 0 244
1535634000 0 244 0 244
1535633700 0 244 0 244
1535633400 0 244 0 244
1535633100 0 244 0 246
1535632800 0 246 0 246
1535632500 0 246 0 246
1535632200 0 246 0 246
1535631900 0 246 0 249
1535631600 0 249 0 249
1535631300 0 249 0 249
1535631000 0 249 0 249
1535630700 0 249 0 251
1535630400 0 251 0 251
1535630100 0 251 0 251
1535629800 0 251 0 251
1535629500 0 251 0 255
1535629200 0 255 0 255
1535628900 0 255 0 255
1535628600 0 255 0 255
1535628300 0 255 0 258
1535628000 0 258 0 258
1535627700 0 258 0 258
1535627400 0 258 0 258
1535627100 0 258 0 261
1535626800 0 261 0 261
1535626500 0 261 0 261
1535626200 0 261 0 261
1535625900 0 261 0 264
1535625600 0 264 0 264
1535625300 0 264 0 264
1535625000 0 264 0 264
1535624700 0 264 0 264
1535624400 0 264 0 264
1535624100 0 264 0 264
1535623800 0 264 0 264
1535623500 0 264 0 264
1535623200 0 264 0 264
1535622900 0 264 0 264
1535622600 0 264 0 264
1535622300 0 263 0 264
1535622000 0 263 0 263
1535621700 0 263 0 263
1535621400 0 263 0 263
1535621100 0 263 0 263
1535620800 0 263 0 263
1535620500 0 263 0 263
1535620200 0 263 0 263
1535619900 0 263 0 263
1535619600 0 263 0 263
1535619300 0 263 0 263
1535619000 0 263 0 263
1535618700 0 262 0 263
1535618400 0 262 0 262
1535618100 0 262 0 262
1535617800 0 262 0 262
1535617500 0 262 0 262
1535617200 0 262 0 262
1535616900 0 262 0 262
1535616600 0 262 0 262
1535616300 0 261 0 262
1535616000 0 261 0 261
1535615700 0 261 0 261
1535615400 0 261 0 261
1535615100 0 260 0 261
1535614800 0 260 0 260
1535614500 0 260 0 260
1535614200 0 260 0 260
1535613900 0 260 0 260
1535613600 0 260 0 260
1535613300 0 260 0 260
1535613000 0 260 0 260
1535612700 0 259 0 260
1535612400 0 259 0 259
1535612100 0 259 0 259
1535611800 0 259 0 259
1535611500 0 258 0 259
1535611200 0 258 0 258
1535610900 0 258 0 258
1535610600 0 258 0 258
1535610300 0 257 0 258
1535610000 0 257 0 257
1535609700 0 257 0 257
1535609400 0 257 0 257
1535609100 0 256 0 257
1535608800 0 256 0 256
1535608500 0 256 0 256
1535608200 0 256 0 256
1535607900 0 256 0 257
1535607600 0 257 0 257
1535607300 0 257 0 257
1535607000 0 257 0 257
1535606700 0 256 0 257
1535606400 0 256 0 256
1535606100 0 256 0 256
1535605800 0 256 0 256
1535605500 0 255 0 256
1535605200 0 254 0 254
1535604900 0 254 0 254
1535604600 0 254 0 254
1535604300 0 253 0 254
1535604000 0 253 0 253
1535603700 0 253 0 253
1535603400 0 253 0 253
1535603100 0 252 0 253
1535602800 0 252 0 252
1535602500 0 252 0 252
1535602200 0 252 0 252
1535601900 0 251 0 252
1535601600 0 250 0 250
1535601300 0 250 0 250
1535601000 0 250 0 250
1535600700 0 250 0 250
1535600400 0 250 0 250
1535600100 0 250 0 250
1535599800 0 250 0 250
1535599500 0 249 0 250
1535599200 0 248 0 248
1535598900 0 248 0 248
1535598600 0 248 0 248
1535598300 0 247 0 248
1535598000 0 247 0 247
1535597700 0 247 0 247
1535597400 0 247 0 247
1535597100 0 246 0 247
1535596800 0 245 0 245
1535596500 0 245 0 245
1535596200 0 245 0 245
1535595900 0 244 0 245
1535595600 0 243 0 243
1535595300 0 243 0 243
1535595000 0 243 0 243
1535594700 0 242 0 243
1535594400 0 241 0 241
1535594100 0 241 0 241
1535593800 0 241 0 241
1535593500 0 240 0 241
1535593200 0 239 0 239
1535592900 0 239 0 239
1535592600 0 239 0 239
1535592300 0 238 0 239
1535592000 0 237 0 237
1535591700 0 237 0 237
1535591400 0 237 0 237
1535591100 0 236 0 237
1535590800 0 235 0 235
1535590500 0 235 0 235
1535590200 0 235 0 235
1535589900 0 234 0 235
1535589600 0 234 0 234
1535589300 0 234 0 234
1535589000 0 234 0 234
1535588700 0 233 0 234
1535588400 0 233 0 233
1535588100 0 233 0 233
1535587800 0 233 0 233
1535587500 0 232 0 233
1535587200 0 232 0 232
1535586900 0 232 0 232
1535586600 0 232 0 232
1535586300 0 231 0 232
1535586000 0 231 0 231
1535585700 0 231 0 231
1535585400 0 231 0 231
1535585100 0 231 0 231
1535584800 0 231 0 231
1535584500 0 231 0 231
1535584200 0 231 0 231
1535583900 0 231 0 232
1535583600 0 232 0 232
1535583300 0 232 0 232
1535583000 0 232 0 232
1535582700 0 232 0 232
1535582400 0 232 0 232
1535582100 0 232 0 232
1535581800 0 232 0 232
1535581500 0 232 0 233
1535581200 0 233 0 233
1535580900 0 233 0 233
1535580600 0 233 0 233
1535580300 0 233 0 233
1535580000 0 233 0 233
1535579700 0 233 0 233
1535579400 0 233 0 233
1535579100 0 233 0 234
1535578800 0 234 0 234
1535578500 0 234 0 234
1535578200 0 234 0 234
1535577900 0 234 0 234
1535577600 0 234 0 234
1535577300 0 234 0 234
1535577000 0 234 0 234
1535576700 0 234 0 235
1535576400 0 235 0 235
1535576100 0 235 0 235
1535575800 0 235 0 235
1535575500 0 235 0 236
1535575200 0 236 0 236
1535574900 0 236 0 236
1535574600 0 236 0 236
1535574300 0 236 0 238
1535574000 0 238 0 238
1535573700 0 238 0 238
1535573400 0 238 0 238
1535573100 0 237 0 238
1535572800 0 237 0 237
1535572500 0 237 0 237
1535572200 0 237 0 237
1535571900 0 237 0 237
1535571600 0 237 0 237
1535571300 0 237 0 237
1535571000 0 237 0 237
1535570700 0 237 0 238
1535570400 0 238 0 238
1535570100 0 238 0 238
1535569800 0 238 0 238
1535569500 0 238 0 238
1535569200 0 238 0 238
1535568900 0 238 0 238
1535568600 0 238 0 238
1535568300 0 238 0 238
1535568000 0 238 0 238
1535567700 0 238 0 238
1535567400 0 238 0 238
1535567100 0 237 0 238
1535566800 0 237 0 237
1535566500 0 237 0 237
1535566200 0 237 0 237
1535565900 0 237 0 237
1535565600 0 237 0 237
1535565300 0 237 0 237
1535565000 0 237 0 237
1535564700 0 237 0 238
1535564400 0 238 0 238
1535564100 0 238 0 238
1535563800 0 238 0 238
1535563500 0 237 0 238
1535563200 0 236 0 236
1535562900 0 236 0 236
1535562600 0 236 0 236
1535562300 0 236 0 236
1535562000 0 236 0 236
1535561700 0 236 0 236
1535561400 0 236 0 236
1535561100 0 236 0 236
1535560800 0 236 0 236
1535560500 0 236 0 236
1535560200 0 236 0 236
1535559900 0 236 0 237
1535559600 0 237 0 237
1535559300 0 237 0 237
1535559000 0 237 0 237
1535558700 0 237 0 238
1535558400 0 238 0 238
1535558100 0 238 0 238
1535557800 0 238 0 238
1535557500 0 238 0 239
1535557200 0 239 0 239
1535556900 0 239 0 239
1535556600 0 239 0 239
1535556300 0 239 0 239
1535556000 0 239 0 239
1535555700 0 239 0 239
1535555400 0 239 0 239
1535555100 0 239 0 240
1535554800 0 240 0 240
1535554500 0 240 0 240
1535554200 0 240 0 240
1535553900 0 240 0 241
1535553600 0 241 0 241
1535553300 0 241 0 241
1535553000 0 241 0 241
1535552700 0 241 0 243
1535552400 0 243 0 243
1535552100 0 243 0 243
1535551800 0 243 0 243
1535551500 0 243 0 244
1535551200 0 244 0 244
1535550900 0 244 0 244
1535550600 0 244 0 244
1535550300 0 244 0 246
1535550000 0 246 0 246
1535549700 0 246 0 246
1535549400 0 246 0 246
1535549100 0 246 0 248
1535548800 0 248 0 248
1535548500 0 248 0 248
1535548200 0 248 0 248
1535547900 0 248 0 249
1535547600 0 249 0 249
1535547300 0 249 0 249
1535547000 0 249 0 249
1535546700 0 249 0 251
1535546400 0 251 0 251
1535546100 0 251 0 251
1535545800 0 251 0 251
1535545500 0 251 0 254
1535545200 0 254 0 254
1535544900 0 254 0 254
1535544600 0 254 0 254
1535544300 0 254 0 257
1535544000 0 257 0 257
1535543700 0 257 0 257
1535543400 0 257 0 257
1535543100 0 257 0 260
1535542800 0 260 0 260
1535542500 0 260 0 260
1535542200 0 260 0 260
1535541900 0 260 0 263
1535541600 0 263 0 263
1535541300 0 263 0 263
1535541000 0 263 0 263
1535540700 0 263 0 266
1535540400 0 266 0 266
1535540100 0 266 0 266
1535539800 0 266 0 266
1535539500 0 266 0 270
1535539200 0 270 0 270
1535538900 0 270 0 270
1535538600 0 270 0 270
1535538300 0 270 0 271
1535538000 0 271 0 271
1535537700 0 271 0 271
1535537400 0 271 0 271
1535537100 0 271 0 271
1535536800 0 271 0 271
1535536500 0 271 0 271
1535536200 0 271 0 271
1535535900 0 270 0 271
1535535600 0 270 0 270
1535535300 0 270 0 270
1535535000 0 270 0 270
1535534700 0 269 0 270
1535534400 0 269 0 269
1535534100 0 269 0 269
1535533800 0 269 0 269
1535533500 0 269 0 269
1535533200 0 269 0 269
1535532900 0 269 0 269
1535532600 0 269 0 269
1535532300 0 268 0 269
1535532000 0 268 0 268
1535531700 0 268 0 268
1535531400 0 268 0 268
1535531100 0 267 0 268
1535530800 0 267 0 267
1535530500 0 267 0 267
1535530200 0 267 0 267
1535529900 0 266 0 267
1535529600 0 266 0 266
1535529300 0 266 0 266
1535529000 0 266 0 266
1535528700 0 265 0 266
1535528400 0 265 0 265
1535528100 0 265 0 265
1535527800 0 265 0 265
1535527500 0 265 0 265
1535527200 0 265 0 265
1535526900 0 265 0 265
1535526600 0 265 0 265
1535526300 0 264 0 265
1535526000 0 264 0 264
1535525700 0 264 0 264
1535525400 0 264 0 264
1535525100 0 263 0 264
1535524800 0 263 0 263
1535524500 0 263 0 263
1535524200 0 263 0 263
1535523900 0 262 0 263
1535523600 0 262 0 262
1535523300 0 262 0 262
1535523000 0 262 0 262
1535522700 0 261 0 262
1535522400 0 261 0 261
1535522100 0 261 0 261
1535521800 0 261 0 261
1535521500 0 260 0 261
1535521200 0 260 0 260
1535520900 0 260 0 260
1535520600 0 260 0 260
1535520300 0 259 0 260
1535520000 0 259 0 259
1535519700 0 259 0 259
1535519400 0 259 0 259
1535519100 0 259 0 259
1535518800 0 259 0 259
1535518500 0 259 0 259
1535518200 0 259 0 259
1535517900 0 258 0 259
1535517600 0 258 0 258
1535517300 0 258 0 258
1535517000 0 258 0 258
1535516700 0 257 0 258
1535516400 0 256 0 256
1535516100 0 256 0 256
1535515800 0 256 0 256
1535515500 0 255 0 256
1535515200 0 255 0 255
1535514900 0 255 0 255
1535514600 0 255 0 255
1535514300 0 254 0 255
1535514000 0 254 0 254
1535513700 0 254 0 254
1535513400 0 254 0 254
1535513100 0 253 0 254
1535512800 0 252 0 252
1535512500 0 252 0 252
1535512200 0 252 0 252
1535511900 0 251 0 252
1535511600 0 250 0 250
1535511300 0 250 0 250
1535511000 0 250 0 250
1535510700 0 249 0 250
1535510400 0 248 0 248
1535510100 0 248 0 248
1535509800 0 248 0 248
1535509500 0 247 0 248
1535509200 0 247 0 247
1535508900 0 247 0 247
1535508600 0 247 0 247
1535508300 0 246 0 247
1535508000 0 245 0 245
1535507700 0 245 0 245
1535507400 0 245 0 245
1535507100 0 244 0 245
1535506800 0 242 0 242
1535506500 0 242 0 242
1535506200 0 242 0 242
1535505900 0 241 0 242
1535505600 0 241 0 241
1535505300 0 241 0 241
1535505000 0 241 0 241
1535504700 0 240 0 241
1535504400 0 238 0 238
1535504100 0 238 0 238
1535503800 0 238 0 238
1535503500 0 237 0 238
1535503200 0 237 0 237
1535502900 0 237 0 237
1535502600 0 237 0 237
1535502300 0 237 0 237
1535502000 0 237 0 237
1535501700 0 237 0 237
1535501400 0 237 0 237
1535501100 0 237 0 238
1535500800 0 238 0 238
1535500500 0 238 0 238
1535500200 0 238 0 238
1535499900 0 238 0 239
1535499600 0 239 0 239
1535499300 0 239 0 239
1535499000 0 239 0 239
1535498700 0 239 0 242
1535498400 0 242 0 242
1535498100 0 242 0 242
1535497800 0 242 0 242
1535497500 0 242 0 243
1535497200 0 243 0 243
1535496900 0 243 0 243
1535496600 0 243 0 243
1535496300 0 243 0 245
1535496000 0 245 0 245
1535495700 0 245 0 245
1535495400 0 245 0 245
1535495100 0 245 0 248
1535494800 0 248 0 248
1535494500 0 248 0 248
1535494200 0 248 0 248
1535493900 0 248 0 251
1535493600 0 251 0 251
1535493300 0 251 0 251
1535493000 0 251 0 251
1535492700 0 251 0 255
1535492400 0 255 0 255
1535492100 0 255 0 255
1535491800 0 255 0 255
1535491500 0 255 0 259
1535491200 0 259 0 259
1535490900 0 259 0 259
1535490600 0 259 0 259
1535490300 0 259 0 265
1535490000 0 265 0 265
1535489700 0 265 0 265
1535489400 0 265 0 265
1535489100 0 265 0 267
1535488800 0 267 0 267
1535488500 0 267 0 267
1535488200 0 267 0 267
1535487900 0 267 0 267
1535487600 0 267 0 267
1535487300 0 267 0 267
1535487000 0 267 0 267
1535486700 0 266 0 267
1535486400 0 266 0 266
1535486100 0 266 0 266
1535485800 0 266 0 266
1535485500 0 265 0 266
1535485200 0 264 0 264
1535484900 0 264 0 264
1535484600 0 264 0 264
1535484300 0 264 0 265
1535484000 0 265 0 265
1535483700 0 265 0 265
1535483400 0 265 0 265
1535483100 0 265 0 266
1535482800 0 266 0 266
1535482500 0 266 0 266
1535482200 0 266 0 266
1535481900 0 266 0 266
1535481600 0 266 0 266
1535481300 0 266 0 266
1535481000 0 266 0 266
1535480700 0 266 0 266
1535480400 0 266 0 266
1535480100 0 266 0 266
1535479800 0 266 0 266
1535479500 0 266 0 266
1535479200 0 265 0 266
1535477400 0 264 0 265
1535475600 0 264 0 264
1535473800 0 261 0 264
1535472000 0 258 0 261
1535470200 0 255 0 258
1535468400 0 249 0 252
1535466600 0 245 0 248
1535464800 0 245 0 247
1535463000 0 247 0 251
1535461200 0 251 0 255
1535459400 0 256 0 262
1535457600 0 262 0 264
1535455800 0 266 0 271
1535454000 0 271 0 275
1535452200 0 275 0 276
1535450400 0 275 0 276
1535448600 0 274 0 275
1535446800 0 273 0 274
1535445000 0 272 0 273
1535443200 0 271 0 272
1535441400 0 270 0 271
1535439600 0 270 0 270
1535437800 0 269 0 270
1535436000 0 268 0 269
1535434200 0 266 0 268
1535432400 0 265 0 266
1535430600 0 262 0 265
1535428800 0 261 0 262
1535427000 0 259 0 261
1535425200 0 256 0 258
1535423400 0 253 0 256
1535421600 0 250 0 252
1535419800 0 248 0 250
1535418000 0 246 0 246
1535416200 0 245 0 246
1535414400 0 246 0 249
1535412600 0 249 0 254
1535410800 0 254 0 257
1535409000 0 260 0 266
1535407200 0 266 0 269
1535405400 0 269 0 270
1535403600 0 267 0 269
1535401800 0 267 0 269
1535400000 0 267 0 268
1535398200 0 268 0 269
1535396400 0 268 0 269
1535394600 0 267 0 268
1535392800 0 267 0 267
1535391000 0 266 0 267
1535389200 0 265 0 266
1535387400 0 262 0 265
1535385600 0 258 0 261
1535383800 0 251 0 256
1535382000 0 248 0 249
1535380200 0 249 0 251
1535378400 0 251 0 253
1535376600 0 253 0 255
1535374800 0 255 0 258
1535373000 0 259 0 262
1535371200 0 262 0 266
1535369400 0 266 0 271
1535367600 0 271 0 274
1535365800 0 277 0 283
1535364000 0 284 0 289
1535362200 0 289 0 289
1535360400 0 289 0 289
1535358600 0 289 0 289
1535356800 0 289 0 289
1535355000 0 289 0 289
1535353200 0 289 0 289
1535351400 0 289 0 289
1535349600 0 289 0 289
1535347800 0 288 0 289
1535346000 0 288 0 288
1535344200 0 288 0 288
1535342400 0 288 0 288
1535340600 0 288 0 288
1535338800 0 288 0 288
1535337000 0 288 0 288
1535335200 0 288 0 288
1535333400 0 287 0 288
1535331600 0 287 0 287
1535329800 0 287 0 287
1535328000 0 287 0 287
1535326200 0 287 0 287
1535324400 0 287 0 287
1535322600 0 286 0 287
1535320800 0 286 0 286
1535319000 0 286 0 286
1535317200 0 285 0 286
1535315400 0 284 0 285
1535313600 0 284 0 284
1535311800 0 283 0 284
1535310000 0 283 0 283
1535308200 0 283 0 283
1535306400 0 282 0 283
1535304600 0 282 0 282
1535302800 0 282 0 282
1535301000 0 281 0 282
1535299200 0 281 0 281
1535297400 0 280 0 281
1535295600 0 280 0 280
1535293800 0 280 0 280
1535292000 0 280 0 280
1535290200 0 280 0 280
1535288400 0 280 0 280
1535286600 0 280 0 280
1535284800 0 280 0 280
1535283000 0 279 0 280
1535281200 0 279 0 279
1535279400 0 279 0 279
1535277600 0 279 0 279
1535275800 0 279 0 279
1535274000 0 279 0 279
1535272200 0 278 0 279
1535270400 0 278 0 278
1535268600 0 277 0 278
1535266800 0 277 0 277
1535265000 0 276 0 277
1535263200 0 276 0 276
1535261400 0 276 0 276
1535259600 0 276 0 276
1535257800 0 275 0 276
1535256000 0 275 0 275
1535254200 0 275 0 275
1535252400 0 275 0 275
1535250600 0 274 0 275
1535248800 0 274 0 274
1535247000 0 274 0 274
1535245200 0 274 0 274
1535243400 0 273 0 274
1535241600 0 273 0 273
1535239800 0 272 0 273
1535238000 0 272 0 272
1535236200 0 271 0 272
1535234400 0 271 0 271
1535232600 0 271 0 272
1535230800 0 271 0 272
1535229000 0 271 0 271
1535227200 0 271 0 271
1535225400 0 270 0 271
1535223600 0 270 0 270
1535221800 0 269 0 270
1535220000 0 269 0 269
1535218200 0 268 0 269
1535216400 0 268 0 268
1535214600 0 267 0 268
1535212800 0 267 0 267
1535211000 0 266 0 267
1535209200 0 266 0 266
1535207400 0 265 0 266
1535205600 0 265 0 265
1535203800 0 264 0 265
1535202000 0 264 0 264
1535200200 0 264 0 264
1535198400 0 263 0 264
1535196600 0 263 0 263
1535194800 0 262 0 263
1535193000 0 262 0 262
1535191200 0 262 0 262
1535189400 0 261 0 262
1535187600 0 261 0 261
1535185800 0 260 0 261
1535184000 0 259 0 260
1535182200 0 258 0 259
1535180400 0 257 0 258
1535178600 0 256 0 257
1535176800 0 256 0 256
1535175000 0 255 0 256
1535173200 0 254 0 255
1535171400 0 253 0 254
1535169600 0 252 0 253
1535167800 0 250 0 252
1535166000 0 248 0 250
1535164200 0 245 0 248
1535162400 0 243 0 245
1535160600 0 241 0 243
1535158800 0 239 0 240
1535157000 0 235 0 239
1535155200 0 233 0 235
1535153400 0 233 0 236
1535151600 0 236 0 237
1535149800 0 237 0 241
1535148000 0 241 0 243
1535146200 0 244 0 252
1535144400 0 252 0 256
1535142600 0 255 0 256
1535140800 0 255 0 255
1535139000 0 254 0 255
1535137200 0 254 0 254
1535135400 0 253 0 254
1535133600 0 253 0 253
1535131800 0 252 0 253
1535130000 0 250 0 252
1535128200 0 248 0 250
1535126400 0 245 0 247
1535124600 0 241 0 245
1535122800 0 236 0 239
1535121000 0 234 0 236
1535119200 0 236 0 236
1535117400 0 236 0 239
1535115600 0 239 0 241
1535113800 0 241 0 245
1535112000 0 245 0 248
1535110200 0 249 0 255
1535108400 0 255 0 259
1535106600 0 259 0 260
1535104800 0 259 0 259
1535103000 0 258 0 259
1535101200 0 258 0 258
1535099400 0 256 0 258
1535097600 0 256 0 256
1535095800 0 255 0 256
1535094000 0 254 0 255
1535092200 0 253 0 254
1535090400 0 252 0 253
1535088600 0 250 0 252
1535086800 0 249 0 250
1535085000 0 248 0 249
1535083200 0 246 0 248
1535081400 0 244 0 246
1535079600 0 242 0 244
1535077800 0 240 0 242
1535076000 0 237 0 239
1535074200 0 234 0 237
1535072400 0 232 0 234
1535070600 0 231 0 232
1535068800 0 232 0 234
1535067000 0 234 0 238
1535065200 0 238 0 241
1535063400 0 242 0 248
1535061600 0 248 0 253
1535059800 0 253 0 256
1535058000 0 255 0 256
1535056200 0 253 0 256
1535054400 0 253 0 254
1535052600 0 252 0 254
1535050800 0 252 0 252
1535049000 0 252 0 252
1535047200 0 252 0 252
1535045400 0 251 0 252
1535043600 0 250 0 251
1535041800 0 248 0 250
1535040000 0 246 0 248
1535038200 0 243 0 246
1535036400 0 237 0 240
1535034600 0 234 0 236
1535032800 0 234 0 236
1535031000 0 236 0 239
1535029200 0 239 0 241
1535027400 0 242 0 247
1535025600 0 247 0 248
1535023800 0 250 0 254
1535022000 0 254 0 257
1535020200 0 255 0 257
1535018400 0 254 0 254
1535016600 0 253 0 254
1535014800 0 253 0 253
1535013000 0 252 0 253
1535011200 0 252 0 252
1535009400 0 251 0 252
1535007600 0 251 0 251
1535005800 0 251 0 251
1535004000 0 250 0 251
1535002200 0 249 0 250
1535000400 0 249 0 249
1534998600 0 248 0 249
1534996800 0 247 0 248
1534995000 0 246 0 247
1534993200 0 244 0 246
1534991400 0 242 0 244
1534989600 0 240 0 242
1534987800 0 238 0 240
1534986000 0 235 0 237
1534984200 0 230 0 235
1534982400 0 231 0 231
1534980600 0 231 0 233
1534978800 0 233 0 234
1534977000 0 234 0 235
1534975200 0 235 0 237
1534973400 0 237 0 239
1534971600 0 239 0 242
1534969800 0 244 0 249
1534968000 0 249 0 253
1534966200 0 255 0 260
1534964400 0 260 0 260
1534962600 0 258 0 260
1534960800 0 258 0 259
1534959000 0 259 0 260
1534957200 0 260 0 261
1534955400 0 260 0 261
1534953600 0 257 0 258
1534951800 0 254 0 257
1534950000 0 247 0 251
1534948200 0 240 0 245
1534946400 0 239 0 240
1534944600 0 240 0 243
1534942800 0 243 0 245
1534941000 0 245 0 249
1534939200 0 249 0 253
1534937400 0 253 0 258
1534935600 0 258 0 262
1534933800 0 261 0 262
1534932000 0 258 0 259
1534930200 0 258 0 258
1534928400 0 257 0 258
1534926600 0 257 0 257
1534924800 0 256 0 257
1534923000 0 255 0 256
1534921200 0 255 0 255
1534919400 0 254 0 255
1534917600 0 254 0 254
1534915800 0 253 0 254
1534914000 0 253 0 253
1534912200 0 251 0 253
1534910400 0 250 0 251
1534908600 0 248 0 250
1534906800 0 246 0 248
1534905000 0 244 0 246
1534903200 0 241 0 242
1534901400 0 237 0 241
1534899600 0 234 0 236
1534897800 0 232 0 234
1534896000 0 233 0 234
1534894200 0 234 0 234
1534892400 0 234 0 235
1534890600 0 235 0 238
1534888800 0 238 0 238
1534887000 0 235 0 238
1534885200 0 236 0 237
1534883400 0 234 0 237
1534881600 0 234 0 234
1534879800 0 234 0 235
1534878000 0 235 0 235
1534876200 0 235 0 238
1534874400 0 238 0 238
1534872600 0 238 0 240
1534870800 0 240 0 242
1534869000 0 240 0 242
1534867200 0 240 0 240
1534865400 0 240 0 242
1534863600 0 242 0 244
1534861800 0 244 0 247
1534860000 0 247 0 248
1534858200 0 248 0 252
1534856400 0 252 0 254
1534854600 0 254 0 259
1534852800 0 259 0 262
1534851000 0 263 0 270
1534849200 0 270 0 274
1534847400 0 274 0 277
1534845600 0 276 0 276
1534843800 0 275 0 276
1534842000 0 274 0 275
1534840200 0 272 0 274
1534838400 0 272 0 272
1534836600 0 271 0 272
1534834800 0 271 0 272
1534833000 0 269 0 271
1534831200 0 269 0 269
1534829400 0 267 0 269
1534827600 0 265 0 266
1534825800 0 264 0 265
1534824000 0 262 0 264
1534822200 0 259 0 262
1534820400 0 256 0 259
1534818600 0 254 0 256
1534816800 0 250 0 253
1534815000 0 246 0 250
1534813200 0 243 0 245
1534811400 0 243 0 243
1534809600 0 243 0 245
1534807800 0 245 0 249
1534806000 0 249 0 251
1534804200 0 252 0 256
1534802400 0 256 0 261
1534800600 0 264 0 270
1534798800 0 270 0 270
1534797000 0 270 0 270
1534795200 0 270 0 271
1534793400 0 271 0 272
1534791600 0 272 0 273
1534789800 0 273 0 274
1534788000 0 270 0 272
1534786200 0 270 0 272
1534784400 0 270 0 271
1534782600 0 268 0 270
1534780800 0 265 0 267
1534779000 0 260 0 265
1534777200 0 252 0 255
1534775400 0 252 0 255
1534773600 0 255 0 257
1534771800 0 257 0 259
1534770000 0 258 0 260
1534768200 0 260 0 265
1534766400 0 265 0 267
1534764600 0 268 0 273
1534762800 0 273 0 277
1534761000 0 280 0 287
1534759200 0 287 0 291
1534757400 0 291 0 293
1534755600 0 292 0 293
1534753800 0 292 0 292
1534752000 0 292 0 292
1534750200 0 291 0 292
1534748400 0 291 0 291
1534746600 0 291 0 291
1534744800 0 291 0 291
1534743000 0 291 0 291
1534741200 0 291 0 291
1534739400 0 291 0 291
1534737600 0 291 0 291
1534735800 0 291 0 291
1534734000 0 291 0 291
1534732200 0 291 0 291
1534730400 0 291 0 291
1534728600 0 290 0 291
1534726800 0 290 0 290
1534725000 0 290 0 290
1534723200 0 290 0 290
1534721400 0 290 0 290
1534719600 0 290 0 290
1534717800 0 290 0 290
1534716000 0 290 0 290
1534714200 0 290 0 290
1534712400 0 290 0 290
1534710600 0 290 0 290
1534708800 0 290 0 290
1534707000 0 290 0 291
1534705200 0 288 0 291
1534703400 0 287 0 288
1534701600 0 287 0 287
1534699800 0 286 0 287
1534698000 0 286 0 286
1534696200 0 285 0 286
1534694400 0 285 0 285
1534692600 0 284 0 285
1534690800 0 284 0 284
1534689000 0 284 0 284
1534687200 0 284 0 284
1534685400 0 283 0 284
1534683600 0 283 0 283
1534681800 0 283 0 283
1534680000 0 283 0 283
1534678200 0 283 0 283
1534676400 0 283 0 283
1534674600 0 283 0 283
1534672800 0 283 0 283
1534671000 0 283 0 283
1534669200 0 283 0 283
1534667400 0 282 0 283
1534665600 0 282 0 282
1534663800 0 281 0 282
1534662000 0 281 0 281
1534660200 0 281 0 281
1534658400 0 281 0 281
1534656600 0 280 0 281
1534654800 0 280 0 280
1534653000 0 280 0 280
1534651200 0 280 0 280
1534649400 0 280 0 280
1534647600 0 280 0 280
1534645800 0 279 0 280
1534644000 0 279 0 279
1534642200 0 279 0 279
1534640400 0 279 0 279
1534638600 0 279 0 279
1534636800 0 278 0 279
1534635000 0 278 0 278
1534633200 0 278 0 278
1534631400 0 277 0 278
1534629600 0 277 0 278
1534627800 0 277 0 278
1534626000 0 277 0 277
1534624200 0 276 0 277
1534622400 0 276 0 276
1534620600 0 275 0 276
1534618800 0 275 0 275
1534617000 0 274 0 275
1534615200 0 274 0 274
1534613400 0 273 0 274
1534611600 0 273 0 273
1534609800 0 272 0 273
1534608000 0 272 0 272
1534606200 0 271 0 272
1534604400 0 271 0 271
1534602600 0 270 0 271
1534600800 0 270 0 270
1534599000 0 270 0 270
1534597200 0 269 0 270
1534595400 0 269 0 269
1534593600 0 269 0 269
1534591800 0 268 0 269
1534590000 0 268 0 268
1534588200 0 268 0 268
1534586400 0 268 0 268
1534584600 0 267 0 268
1534582800 0 266 0 267
1534581000 0 265 0 266
1534579200 0 264 0 265
1534577400 0 263 0 264
1534575600 0 263 0 263
1534573800 0 262 0 263
1534572000 0 261 0 262
1534570200 0 260 0 261
1534568400 0 259 0 260
1534566600 0 258 0 259
1534564800 0 258 0 258
1534563000 0 256 0 258
1534561200 0 255 0 256
1534559400 0 252 0 255
1534557600 0 251 0 252
1534555800 0 248 0 251
1534554000 0 246 0 247
1534552200 0 243 0 246
1534550400 0 241 0 243
1534548600 0 241 0 245
1534546800 0 245 0 247
1534545000 0 249 0 256
1534543200 0 256 0 259
1534541400 0 259 0 261
1534539600 0 260 0 260
1534537800 0 259 0 260
1534536000 0 258 0 259
1534534200 0 258 0 259
1534532400 0 258 0 259
1534530600 0 258 0 259
1534528800 0 258 0 259
1534527000 0 257 0 258
1534525200 0 255 0 257
1534523400 0 253 0 255
1534521600 0 248 0 251
1534519800 0 245 0 248
1534518000 0 237 0 240
1534516200 0 236 0 238
1534514400 0 238 0 240
1534512600 0 240 0 243
1534510800 0 243 0 245
1534509000 0 245 0 250
1534507200 0 250 0 254
1534505400 0 255 0 262
1534503600 0 262 0 263
1534501800 0 263 0 264
1534500000 0 262 0 263
1534498200 0 262 0 262
1534496400 0 261 0 262
1534494600 0 260 0 261
1534492800 0 259 0 260
1534491000 0 258 0 259
1534489200 0 257 0 258
1534487400 0 255 0 257
1534485600 0 255 0 255
1534483800 0 253 0 255
1534482000 0 252 0 253
1534480200 0 250 0 252
1534478400 0 249 0 250
1534476600 0 246 0 249
1534474800 0 244 0 246
1534473000 0 241 0 244
1534471200 0 238 0 241
1534469400 0 235 0 238
1534467600 0 231 0 234
1534465800 0 231 0 232
1534464000 0 232 0 234
1534462200 0 234 0 237
1534460400 0 237 0 238
1534458600 0 239 0 243
1534456800 0 243 0 245
1534455000 0 246 0 248
1534453200 0 248 0 248
1534451400 0 248 0 254
1534449600 0 254 0 258
1534447800 0 258 0 261
1534446000 0 248 0 251
1534444200 0 248 0 248
1534442400 0 248 0 248
1534440600 0 246 0 248
1534438800 0 245 0 246
1534437000 0 244 0 246
1534435200 0 243 0 243
1534433400 0 239 0 243
1534431600 0 236 0 238
1534429800 0 236 0 237
1534428000 0 237 0 238
1534426200 0 238 0 241
1534424400 0 241 0 243
1534422600 0 243 0 247
1534420800 0 247 0 249
1534419000 0 249 0 255
1534417200 0 255 0 258
1534415400 0 256 0 258
1534413600 0 255 0 255
1534411800 0 255 0 255
1534410000 0 255 0 255
1534408200 0 254 0 255
1534406400 0 254 0 254
1534404600 0 254 0 254
1534402800 0 254 0 254
1534401000 0 254 0 254
1534399200 0 252 0 262
1534392000 0 244 0 248
1534384800 0 239 0 248
1534377600 0 235 0 247
1534370400 0 251 0 258
1534363200 0 255 0 257
1534356000 0 255 0 259
1534348800 0 256 0 259
1534341600 0 243 0 253
1534334400 0 250 0 259
1534327200 0 255 0 256
1534320000 0 253 0 255
1534312800 0 251 0 253
1534305600 0 245 0 250
1534298400 0 237 0 241
1534291200 0 242 0 252
1534284000 0 253 0 256
1534276800 0 252 0 255
1534269600 0 238 0 250
1534262400 0 234 0 239
1534255200 0 241 0 249
1534248000 0 255 0 266
1534240800 0 263 0 265
1534233600 0 259 0 263
1534226400 0 253 0 257
1534219200 0 245 0 251
1534212000 0 232 0 240
1534204800 0 230 0 234
1534197600 0 234 0 240
1534190400 0 232 0 233
1534183200 0 233 0 237
1534176000 0 240 0 249
1534168800 0 240 0 247
1534161600 0 252 0 269
1534154400 0 275 0 280
1534147200 0 278 0 278
1534140000 0 277 0 278
1534132800 0 277 0 277
1534125600 0 277 0 277
1534118400 0 276 0 277
1534111200 0 275 0 276
1534104000 0 273 0 275
1534096800 0 270 0 273
1534089600 0 267 0 270
1534082400 0 266 0 267
1534075200 0 266 0 267
1534068000 0 265 0 266
1534060800 0 244 0 244
1534053600 0 244 0 244
1534046400 0 244 0 244
1534039200 0 244 0 244
1534032000 0 244 0 244
1534024800 0 244 0 244
1534017600 0 244 0 244
1534010400 0 244 0 244
1534003200 0 244 0 244
1533996000 0 244 0 244
1533988800 0 244 0 244
1533981600 0 244 0 244
1533974400 0 240 0 244
1533967200 0 235 0 237
1533960000 0 230 0 233
1533952800 0 218 0 226
1533945600 0 206 0 211
1533938400 0 207 0 218
1533931200 0 213 0 221
1533924000 0 212 0 223
1533916800 0 218 0 223
1533909600 0 224 0 231
1533902400 0 238 0 249
1533895200 0 245 0 249
1533888000 0 242 0 245
1533880800 0 236 0 240
1533873600 0 225 0 233
1533866400 0 212 0 221
1533859200 0 212 0 222
1533852000 0 222 0 237
1533844800 0 225 0 237
1533837600 0 215 0 224
1533830400 0 216 0 221
1533823200 0 224 0 234
1533816000 0 240 0 251
1533808800 0 247 0 250
1533801600 0 242 0 246
1533794400 0 238 0 242
1533787200 0 230 0 236
1533780000 0 220 0 226
1533772800 0 213 0 224
1533765600 0 221 0 234
1533758400 0 220 0 234
1533751200 0 217 0 227
1533744000 0 220 0 228
1533736800 0 231 0 242
1533729600 0 250 0 263
1533722400 0 258 0 262
1533715200 0 255 0 258
1533708000 0 251 0 254
1533700800 0 243 0 248
1533693600 0 233 0 239
1533686400 0 233 0 242
1533679200 0 254 0 273
1533672000 0 272 0 274
1533664800 0 263 0 272
1533657600 0 240 0 267
1533650400 0 224 0 224
1533643200 0 224 0 224
1533636000 0 224 0 224
1533628800 0 224 0 224
1533621600 0 224 0 224
1533614400 0 224 0 224
1533607200 0 224 0 224
1533600000 0 224 0 224
1533592800 0 224 0 224
1533585600 0 224 0 224
1533578400 0 224 0 224
1533571200 0 224 0 224
1533564000 0 224 0 224
1533556800 0 224 0 224
1533549600 0 224 0 224
1533542400 0 224 0 224
1533535200 0 224 0 224
1533528000 0 224 0 224
1533520800 0 224 0 224
1533513600 0 224 0 224
1533506400 0 224 0 224
1533499200 0 224 0 224
1533492000 0 224 0 224
1533484800 0 224 0 224
1533477600 0 224 0 224
1533470400 0 224 0 224
1533463200 0 224 0 224
1533456000 0 224 0 224
1533448800 0 224 0 224
1533441600 0 224 0 224
1533434400 0 224 0 224
1533427200 0 224 0 224
1533420000 0 224 0 224
1533412800 0 224 0 224
1533405600 0 224 0 224
1533398400 0 224 0 224
1533391200 0 224 0 224
1533384000 0 224 0 224
1533376800 0 224 0 224
1533369600 0 224 0 224
1533362400 0 224 0 224
1533355200 0 224 0 224
1533348000 0 224 0 224
1533340800 0 224 0 224
1533333600 0 224 0 224
1533326400 0 224 0 224
1533319200 0 224 0 224
1533312000 0 224 0 224
1533304800 0 224 0 224
1533297600 0 224 0 224
1533290400 0 224 0 224
1533283200 0 224 0 224
1533276000 0 224 0 224
1533268800 0 224 0 224
1533261600 0 224 0 224
1533254400 0 224 0 224
1533247200 0 224 0 224
1533240000 0 224 0 224
1533232800 0 224 0 224
1533225600 0 224 0 224
1533218400 0 224 0 224
1533211200 0 224 0 224
1533204000 0 224 0 224
1533196800 0 224 0 224
1533189600 0 224 0 224
1533182400 0 224 0 224
1533175200 0 224 0 224
1533168000 0 224 0 224
1533160800 0 224 0 224
1533153600 0 224 0 224
1533146400 0 224 0 224
1533139200 0 224 0 224
1533132000 0 224 0 224
1533124800 0 224 0 224
1533117600 0 224 0 224
1533110400 0 224 0 224
1533103200 0 224 0 224
1533096000 0 224 0 224
1533088800 0 224 0 224
1533081600 0 224 0 224
1533074400 0 224 0 224
1533067200 0 224 0 224
1533060000 0 224 0 224
1533052800 0 224 0 224
1533045600 0 224 0 224
1533038400 0 224 0 224
1533031200 0 224 0 224
1533024000 0 224 0 224
1533016800 0 224 0 224
1533009600 0 224 0 224
1533002400 0 224 0 224
1532995200 0 224 0 224
1532988000 0 224 0 224
1532980800 0 224 0 224
1532973600 0 224 0 224
1532966400 0 224 0 224
1532959200 0 224 0 224
1532952000 0 224 0 224
1532944800 0 224 0 224
1532937600 0 224 0 224
1532930400 0 224 0 224
1532923200 0 224 0 224
1532916000 0 224 0 224
1532908800 0 224 0 224
1532901600 0 224 0 224
1532894400 0 224 0 224
1532887200 0 224 0 224
1532880000 0 224 0 224
1532872800 0 224 0 224
1532865600 0 224 0 224
1532858400 0 224 0 224
1532851200 0 224 0 224
1532844000 0 224 0 224
1532836800 0 224 0 224
1532829600 0 224 0 224
1532822400 0 224 0 224
1532815200 0 224 0 224
1532808000 0 224 0 224
1532800800 0 224 0 224
1532793600 0 224 0 224
1532786400 0 224 0 224
1532779200 0 224 0 224
1532772000 0 224 0 224
1532764800 0 224 0 224
1532757600 0 224 0 224
1532750400 0 224 0 224
1532743200 0 224 0 224
1532736000 0 224 0 224
1532728800 0 224 0 224
1532721600 0 224 0 224
1532714400 0 224 0 224
1532707200 0 224 0 224
1532700000 0 224 0 224
1532692800 0 224 0 224
1532685600 0 224 0 224
1532678400 0 224 0 224
1532671200 0 224 0 224
1532664000 0 224 0 224
1532656800 0 224 0 224
1532649600 0 224 0 224
1532642400 0 224 0 224
1532635200 0 224 0 224
1532628000 0 224 0 224
1532620800 0 224 0 224
1532613600 0 224 0 224
1532606400 0 224 0 224
1532599200 0 224 0 224
1532592000 0 224 0 224
1532584800 0 224 0 224
1532577600 0 224 0 224
1532570400 0 224 0 224
1532563200 0 224 0 224
1532556000 0 224 0 224
1532548800 0 224 0 224
1532541600 0 224 0 224
1532534400 0 224 0 224
1532527200 0 224 0 224
1532520000 0 224 0 224
1532512800 0 224 0 224
1532505600 0 224 0 224
1532498400 0 224 0 224
1532491200 0 224 0 224
1532484000 0 224 0 224
1532476800 0 224 0 224
1532469600 0 224 0 224
1532462400 0 224 0 224
1532455200 0 224 0 224
1532448000 0 224 0 224
1532440800 0 224 0 224
1532433600 0 224 0 224
1532426400 0 224 0 224
1532419200 0 224 0 224
1532412000 0 224 0 224
1532404800 0 224 0 224
1532397600 0 224 0 224
1532390400 0 224 0 224
1532383200 0 224 0 224
1532376000 0 224 0 224
1532368800 0 224 0 224
1532361600 0 224 0 224
1532354400 0 224 0 224
1532347200 0 224 0 224
1532340000 0 224 0 224
1532332800 0 224 0 224
1532325600 0 224 0 224
1532318400 0 224 0 224
1532311200 0 224 0 224
1532304000 0 224 0 224
1532296800 0 224 0 224
1532289600 0 224 0 224
1532282400 0 224 0 224
1532275200 0 224 0 224
1532268000 0 224 0 224
1532260800 0 224 0 224
1532253600 0 224 0 224
1532246400 0 224 0 224
1532239200 0 224 0 224
1532232000 0 224 0 224
1532224800 0 224 0 224
1532217600 0 224 0 224
1532210400 0 224 0 224
1532203200 0 224 0 224
1532196000 0 224 0 224
1532188800 0 224 0 224
1532181600 0 224 0 224
1532174400 0 224 0 224
1532167200 0 224 0 225
1532160000 0 222 0 224
1532152800 0 222 0 224
1532145600 0 221 0 223
1532138400 0 217 0 220
1532131200 0 215 0 217
1532124000 0 215 0 216
1532116800 0 215 0 217
1532109600 0 216 0 218
1532102400 0 215 0 217
1532095200 0 216 0 219
1532088000 0 220 0 224
1532080800 0 223 0 224
1532073600 0 220 0 223
1532066400 0 220 0 221
1532059200 0 218 0 220
1532052000 0 215 0 217
1532044800 0 215 0 217
1532037600 0 216 0 217
1532030400 0 215 0 217
1532023200 0 215 0 216
1532016000 0 214 0 216
1532008800 0 216 0 221
1532001600 0 222 0 225
1531994400 0 224 0 225
1531987200 0 223 0 224
1531980000 0 221 0 223
1531972800 0 220 0 222
1531965600 0 216 0 220
1531958400 0 216 0 218
1531951200 0 217 0 219
1531944000 0 219 0 219
1531936800 0 218 0 219
1531929600 0 218 0 220
1531922400 0 219 0 223
1531915200 0 224 0 227
1531908000 0 226 0 227
1531900800 0 224 0 226
1531893600 0 223 0 225
1531886400 0 223 0 223
1531879200 0 221 0 223
1531872000 0 221 0 222
1531864800 0 222 0 223
1531857600 0 223 0 224
1531850400 0 223 0 224
1531843200 0 224 0 225
1531836000 0 225 0 230
1531828800 0 232 0 236
1531821600 0 236 0 236
1531814400 0 233 0 236
1531807200 0 232 0 233
1531800000 0 229 0 232
1531792800 0 226 0 228
1531785600 0 226 0 229
1531778400 0 227 0 229
1531771200 0 229 0 230
1531764000 0 229 0 230
1531756800 0 230 0 232
1531749600 0 231 0 233
1531742400 0 235 0 242
1531735200 0 242 0 243
1531728000 0 240 0 242
1531720800 0 240 0 242
1531713600 0 235 0 242
1531706400 0 233 0 233
1531699200 0 233 0 233
1531692000 0 233 0 233
1531684800 0 233 0 233
1531677600 0 233 0 233
1531670400 0 233 0 233
1531663200 0 233 0 233
1531656000 0 233 0 233
1531648800 0 233 0 233
1531641600 0 233 0 233
1531634400 0 233 0 233
1531627200 0 233 0 234
1531620000 0 233 0 234
1531612800 0 232 0 233
1531605600 0 231 0 232
1531598400 0 230 0 232
1531591200 0 228 0 230
1531584000 0 227 0 228
1531576800 0 225 0 227
1531569600 0 223 0 225
1531562400 0 222 0 224
1531555200 0 221 0 222
1531548000 0 220 0 222
1531540800 0 221 0 222
1531533600 0 217 0 221
1531526400 0 213 0 216
1531519200 0 216 0 219
1531512000 0 220 0 221
1531504800 0 220 0 221
1531497600 0 219 0 220
1531490400 0 219 0 220
1531483200 0 221 0 224
1531476000 0 222 0 223
1531468800 0 220 0 222
1531461600 0 218 0 220
1531454400 0 217 0 219
1531447200 0 215 0 217
1531440000 0 215 0 217
1531432800 0 217 0 218
1531425600 0 217 0 219
1531418400 0 217 0 218
1531411200 0 216 0 218
1531404000 0 216 0 218
1531396800 0 218 0 221
1531389600 0 220 0 221
1531382400 0 218 0 220
1531375200 0 219 0 220
1531368000 0 218 0 220
1531360800 0 215 0 217
1531353600 0 217 0 219
1531346400 0 219 0 220
1531339200 0 219 0 220
1531332000 0 218 0 220
1531324800 0 217 0 218
1531317600 0 218 0 221
1531310400 0 221 0 224
1531303200 0 223 0 224
1531296000 0 222 0 223
1531288800 0 222 0 223
1531281600 0 222 0 223
1531274400 0 220 0 223
1531267200 0 221 0 222
1531260000 0 220 0 222
1531252800 0 222 0 224
1531245600 0 223 0 225
1531238400 0 225 0 225
1531231200 0 224 0 226
1531224000 0 227 0 231
1531216800 0 229 0 231
1531209600 0 228 0 229
1531202400 0 228 0 229
1531195200 0 228 0 229
1531188000 0 226 0 228
1531180800 0 226 0 228
1531173600 0 227 0 228
1531166400 0 227 0 228
1531159200 0 225 0 227
1531152000 0 225 0 226
1531144800 0 226 0 229
1531137600 0 231 0 236
1531130400 0 236 0 237
1531123200 0 236 0 237
1531116000 0 236 0 237
1531108800 0 236 0 237
1531101600 0 236 0 237
1531094400 0 235 0 236
1531087200 0 235 0 236
1531080000 0 235 0 235
1531072800 0 233 0 235
1531065600 0 233 0 235
1531058400 0 233 0 234
1531051200 0 233 0 234
1531044000 0 232 0 233
1531036800 0 230 0 233
1531029600 0 229 0 230
1531022400 0 229 0 230
1531015200 0 229 0 230
1531008000 0 228 0 230
1531000800 0 227 0 229
1530993600 0 227 0 227
1530986400 0 224 0 227
1530979200 0 223 0 225
1530972000 0 223 0 225
1530964800 0 223 0 224
1530957600 0 222 0 223
1530950400 0 221 0 222
1530943200 0 220 0 222
1530936000 0 220 0 221
1530928800 0 217 0 221
1530921600 0 216 0 218
1530914400 0 217 0 218
1530907200 0 218 0 220
1530900000 0 219 0 220
1530892800 0 220 0 221
1530885600 0 221 0 226
1530878400 0 228 0 232
1530871200 0 232 0 233
1530864000 0 231 0 232
1530856800 0 232 0 232
1530849600 0 231 0 232
1530842400 0 228 0 231
1530835200 0 225 0 226
1530828000 0 224 0 225
1530820800 0 224 0 225
1530813600 0 224 0 225
1530806400 0 224 0 225
1530799200 0 224 0 226
1530792000 0 226 0 229
1530784800 0 228 0 229
1530777600 0 226 0 228
1530770400 0 226 0 228
1530763200 0 227 0 228
1530756000 0 224 0 227
1530748800 0 223 0 223
1530741600 0 222 0 223
1530734400 0 222 0 223
1530727200 0 222 0 223
1530720000 0 222 0 223
1530712800 0 221 0 224
1530705600 0 224 0 228
1530698400 0 227 0 228
1530691200 0 226 0 227
1530684000 0 226 0 226
1530676800 0 224 0 226
1530669600 0 222 0 224
1530662400 0 222 0 223
1530655200 0 223 0 224
1530648000 0 224 0 225
1530640800 0 224 0 225
1530633600 0 224 0 226
1530626400 0 228 0 237
1530619200 0 241 0 248
1530612000 0 244 0 248
1530604800 0 240 0 244
1530597600 0 235 0 239
1530590400 0 226 0 232
1530583200 0 215 0 222
1530576000 0 213 0 216
1530568800 0 216 0 220
1530561600 0 219 0 221
1530554400 0 221 0 225
1530547200 0 227 0 233
1530540000 0 236 0 246
1530532800 0 254 0 270
1530525600 0 273 0 275
1530518400 0 274 0 274
1530511200 0 273 0 274
1530504000 0 273 0 273
1530496800 0 272 0 273
1530489600 0 272 0 272
1530482400 0 271 0 272
1530475200 0 269 0 271
1530468000 0 267 0 268
1530460800 0 264 0 267
1530453600 0 263 0 264
1530446400 0 262 0 263
1530439200 0 261 0 262
1530432000 0 260 0 261
1530424800 0 259 0 260
1530417600 0 258 0 259
1530410400 0 257 0 258
1530403200 0 255 0 257
1530396000 0 252 0 255
1530388800 0 250 0 252
1530381600 0 247 0 250
1530374400 0 244 0 247
1530367200 0 241 0 244
1530360000 0 239 0 241
1530352800 0 236 0 239
1530345600 0 233 0 235
1530338400 0 228 0 232
1530331200 0 223 0 227
1530324000 0 215 0 220
1530316800 0 208 0 212
1530309600 0 209 0 212
1530302400 0 212 0 215
1530295200 0 215 0 216
1530288000 0 216 0 219
1530280800 0 221 0 229
1530273600 0 232 0 238
1530266400 0 234 0 237
1530259200 0 229 0 233
1530252000 0 225 0 229
1530244800 0 218 0 223
1530237600 0 209 0 214
1530230400 0 207 0 208
1530223200 0 208 0 211
1530216000 0 210 0 211
1530208800 0 211 0 214
1530201600 0 216 0 222
1530194400 0 224 0 232
1530187200 0 236 0 242
1530180000 0 238 0 241
1530172800 0 234 0 237
1530165600 0 228 0 232
1530158400 0 222 0 226
1530151200 0 214 0 219
1530144000 0 212 0 214
1530136800 0 214 0 216
1530129600 0 216 0 219
1530122400 0 219 0 220
1530115200 0 221 0 227
1530108000 0 229 0 237
1530100800 0 240 0 246
1530093600 0 241 0 245
1530086400 0 236 0 240
1530079200 0 224 0 235
1530057600 0 231 0 251
1529971200 0 245 0 265
1529884800 0 254 0 262
1529798400 0 240 0 253
1529712000 0 222 0 246
1529625600 0 228 0 247
1529539200 0 232 0 253
1529452800 0 234 0 236
1529366400 0 236 0 236
1529280000 0 236 0 236
1529193600 0 228 0 236
1529107200 0 222 0 244
1529020800 0 226 0 247
1528934400 0 233 0 252
1528848000 0 238 0 255
1528761600 0 254 0 278
1528675200 0 263 0 274
1528588800 0 247 0 262
1528502400 0 228 0 244
1528416000 0 230 0 251
1528329600 0 233 0 255
1528243200 0 234 0 256
1528156800 0 255 0 280
1528070400 0 265 0 275
1527984000 0 247 0 263
1527897600 0 232 0 255
1527811200 0 236 0 243
1527724800 0 238 0 258
1527638400 0 240 0 265
1527552000 0 260 0 285
1527465600 0 269 0 280
1527379200 0 250 0 268
1527292800 0 233 0 237
1527206400 0 248 0 256
1527120000 0 249 0 256
1527033600 0 243 0 258
1526947200 0 254 0 276
1526860800 0 262 0 274
1526774400 0 247 0 258
1526688000 0 235 0 253
1526601600 0 241 0 254
1526515200 0 241 0 244
1526428800 0 244 0 244
1526342400 0 244 0 244
1526256000 0 244 0 244
1526169600 0 244 0 244
1526083200 0 244 0 244
1525996800 0 244 0 244
1525910400 0 244 0 244
1525824000 0 244 0 244
1525737600 0 244 0 244
1525651200 0 244 0 244
1525564800 0 244 0 244
1525478400 0 244 0 244
1525392000 0 244 0 244
1525305600 0 244 0 244
1525219200 0 237 0 244
1525132800 0 226 0 237
1525046400 0 225 0 225
1524960000 0 224 0 237
1524873600 0 234 0 237
1524787200 0 234 0 249
1524700800 0 245 0 258
1524614400 0 88 0 246
1524528000 0 0 0 0
1524441600 0 0 0 0
1524355200 0 0 0 0
1524268800 0 0 0 0
1524182400 0 0 0 0
1524096000 0 0 0 0
1524009600 0 0 0 0
1523923200 0 0 0 0
1523836800 0 0 0 0
1523750400 0 0 0 0
1523664000 0 0 0 0
1523577600 0 0 0 0
1523491200 0 0 0 0
1523404800 0 0 0 0
1523318400 0 0 0 0
1523232000 0 0 0 0
1523145600 0 0 0 0
1523059200 0 0 0 0
1522972800 0 0 0 0
1522886400 0 0 0 0
1522800000 0 0 0 0
1522713600 0 0 0 0
1522627200 0 0 0 0
1522540800 0 0 0 0
1522454400 0 0 0 0
1522368000 0 0 0 0
1522281600 0 0 0 0
1522195200 0 0 0 0
1522108800 0 0 0 0
1522022400 0 0 0 0
1521936000 0 0 0 0
1521849600 0 0 0 0
1521763200 0 0 0 0
1521676800 0 0 0 0
1521590400 0 0 0 0
1521504000 0 0 0 0
1521417600 0 0 0 0
1521331200 0 0 0 0
1521244800 0 0 0 0
1521158400 0 0 0 0
1521072000 0 0 0 0
1520985600 0 0 0 0
1520899200 0 0 0 0
1520812800 0 0 0 0
1520726400 0 0 0 0
1520640000 0 0 0 0
1520553600 0 0 0 0
1520467200 0 0 0 0
1520380800 0 0 0 0
1520294400 0 0 0 0
1520208000 0 0 0 0
1520121600 0 0 0 0
1520035200 0 0 0 0
1519948800 0 0 0 0
1519862400 0 0 0 0
1519776000 0 0 0 0
1519689600 0 0 0 0
1519603200 0 0 0 0
1519516800 0 0 0 0
1519430400 0 0 0 0
1519344000 0 0 0 0
1519257600 0 0 0 0
1519171200 0 0 0 0
1519084800 0 0 0 0
1518998400 0 0 0 0
1518912000 0 0 0 0
1518825600 0 0 0 0
1518739200 0 0 0 0
1518652800 0 0 0 0
1518566400 0 0 0 0
1518480000 0 0 0 0
1518393600 0 0 0 0
1518307200 0 0 0 0
1518220800 0 0 0 0
1518134400 0 0 0 0
1518048000 0 0 0 0
1517961600 0 0 0 0
1517875200 0 0 0 0
1517788800 0 0 0 0
1517702400 0 0 0 0
1517616000 0 0 0 0
1517529600 0 0 0 0
1517443200 0 0 0 0
1517356800 0 0 0 0
1517270400 0 0 0 0
1517184000 0 0 0 0
1517097600 0 0 0 0
1517011200 0 0 0 0
1516924800 0 0 0 0
1516838400 0 0 0 0
1516752000 0 0 0 0
1516665600 0 0 0 0
1516579200 0 0 0 0
1516492800 0 0 0 0
1516406400 0 0 0 0
1516320000 0 0 0 0
1516233600 0 0 0 0
1516147200 0 0 0 0
1516060800 0 0 0 0
1515974400 0 0 0 0
1515888000 0 0 0 0
1515801600 0 0 0 0
1515715200 0 0 0 0
1515628800 0 0 0 0
1515542400 0 0 0 0
1515456000 0 0 0 0
1515369600 0 0 0 0
1515283200 0 0 0 0
1515196800 0 0 0 0
1515110400 0 0 0 0
1515024000 0 0 0 0
1514937600 0 0 0 0
1514851200 0 0 0 0
1514764800 0 0 0 0
1514678400 0 0 0 0
1514592000 0 0 0 0
1514505600 0 0 0 0
1514419200 0 0 0 0
1514332800 0 0 0 0
1514246400 0 0 0 0
1514160000 0 0 0 0
1514073600 0 0 0 0
1513987200 0 0 0 0
1513900800 0 0 0 0
1513814400 0 0 0 0
1513728000 0 0 0 0
1513641600 0 0 0 0
1513555200 0 0 0 0
1513468800 0 0 0 0
1513382400 0 0 0 0
1513296000 0 0 0 0
1513209600 0 0 0 0
1513123200 0 0 0 0
1513036800 0 0 0 0
1512950400 0 0 0 0
1512864000 0 0 0 0
1512777600 0 0 0 0
1512691200 0 0 0 0
1512604800 0 0 0 0
1512518400 0 0 0 0
1512432000 0 0 0 0
1512345600 0 0 0 0
1512259200 0 0 0 0
1512172800 0 0 0 0
1512086400 0 0 0 0
1512000000 0 0 0 0
1511913600 0 0 0 0
1511827200 0 0 0 0
1511740800 0 0 0 0
1511654400 0 0 0 0
1511568000 0 0 0 0
1511481600 0 0 0 0
1511395200 0 0 0 0
1511308800 0 0 0 0
1511222400 0 0 0 0
1511136000 0 0 0 0
1511049600 0 0 0 0
1510963200 0 0 0 0
1510876800 0 0 0 0
1510790400 0 0 0 0
1510704000 0 0 0 0
1510617600 0 0 0 0
1510531200 0 0 0 0
1510444800 0 0 0 0
1510358400 0 0 0 0
1510272000 0 0 0 0
1510185600 0 0 0 0
1510099200 0 0 0 0
1510012800 0 0 0 0
1509926400 0 0 0 0
1509840000 0 0 0 0
1509753600 0 0 0 0
1509667200 0 0 0 0
1509580800 0 0 0 0
1509494400 0 0 0 0
1509408000 0 0 0 0
1509321600 0 0 0 0
1509235200 0 0 0 0
1509148800 0 0 0 0
1509062400 0 0 0 0
1508976000 0 0 0 0
1508889600 0 0 0 0
1508803200 0 0 0 0
1508716800 0 0 0 0
1508630400 0 0 0 0
1508544000 0 0 0 0
1508457600 0 0 0 0
1508371200 0 0 0 0
1508284800 0 0 0 0
1508198400 0 0 0 0
1508112000 0 0 0 0
1508025600 0 0 0 0
1507939200 0 0 0 0
1507852800 0 0 0 0
1507766400 0 0 0 0
1507680000 0 0 0 0
1507593600 0 0 0 0
1507507200 0 0 0 0
1507420800 0 0 0 0
1507334400 0 0 0 0
1507248000 0 0 0 0
1507161600 0 0 0 0
1507075200 0 0 0 0
1506988800 0 0 0 0
1506902400 0 0 0 0
1506816000 0 0 0 0
1506729600 0 0 0 0
1506643200 0 0 0 0
1506556800 0 0 0 0
1506470400 0 0 0 0
1506384000 0 0 0 0
1506297600 0 0 0 0
1506211200 0 0 0 0
1506124800 0 0 0 0
1506038400 0 0 0 0
1505952000 0 0 0 0
1505865600 0 0 0 0
1505779200 0 0 0 0
1505692800 0 0 0 0
1505606400 0 0 0 0
1505520000 0 0 0 0
1505433600 0 0 0 0
1505347200 0 0 0 0
1505260800 0 0 0 0
1505174400 0 0 0 0
1505088000 0 0 0 0
1505001600 0 0 0 0
1504915200 0 0 0 0
1504828800 0 0 0 0
1504742400 0 0 0 0
1504656000 0 0 0 0
1504569600 0 0 0 0
1504483200 0 0 0 0
1504396800 0 0 0 0
1504310400 0 0 0 0
1504224000 0 0 0 0
1504137600 0 0 0 0
1504051200 0 0 0 0
1503964800 0 0 0 0
1503878400 0 0 0 0
1503792000 0 0 0 0
1503705600 0 0 0 0
1503619200 0 0 0 0
1503532800 0 0 0 0
1503446400 0 0 0 0
1503360000 0 0 0 0
1503273600 0 0 0 0
1503187200 0 0 0 0
1503100800 0 0 0 0
1503014400 0 0 0 0
1502928000 0 0 0 0
1502841600 0 0 0 0
1502755200 0 0 0 0
1502668800 0 0 0 0
1502582400 0 0 0 0
1502496000 0 0 0 0
1502409600 0 0 0 0
1502323200 0 0 0 0
1502236800 0 0 0 0
1502150400 0 0 0 0
1502064000 0 0 0 0
1501977600 0 0 0 0
1501891200 0 0 0 0
1501804800 0 0 0 0
1501718400 0 0 0 0
1501632000 0 0 0 0
1501545600 0 0 0 0
1501459200 0 0 0 0
1501372800 0 0 0 0
1501286400 0 0 0 0
1501200000 0 0 0 0
1501113600 0 0 0 0
1501027200 0 0 0 0
1500940800 0 0 0 0
1500854400 0 0 0 0
1500768000 0 0 0 0
1500681600 0 0 0 0
1500595200 0 0 0 0
1500508800 0 0 0 0
1500422400 0 0 0 0
1500336000 0 0 0 0
1500249600 0 0 0 0
1500163200 0 0 0 0
1500076800 0 0 0 0
1499990400 0 0 0 0
1499904000 0 0 0 0
1499817600 0 0 0 0
1499731200 0 0 0 0
1499644800 0 0 0 0
1499558400 0 0 0 0
1499472000 0 0 0 0
1499385600 0 0 0 0
1499299200 0 0 0 0
1499212800 0 0 0 0
1499126400 0 0 0 0
1499040000 0 0 0 0
1498953600 0 0 0 0
1498867200 0 0 0 0
1498780800 0 0 0 0
1498694400 0 0 0 0
1498608000 0 0 0 0
1498521600 0 0 0 0
1498435200 0 0 0 0
1498348800 0 0 0 0
1498262400 0 0 0 0
1498176000 0 0 0 0
1498089600 0 0 0 0
1498003200 0 0 0 0
1497916800 0 0 0 0
1497830400 0 0 0 0
1497744000 0 0 0 0
1497657600 0 0 0 0
1497571200 0 0 0 0
1497484800 0 0 0 0
1497398400 0 0 0 0
1497312000 0 0 0 0
1497225600 0 0 0 0
1497139200 0 0 0 0
1497052800 0 0 0 0
1496966400 0 0 0 0
1496880000 0 0 0 0
1496793600 0 0 0 0
1496707200 0 0 0 0
1496620800 0 0 0 0
1496534400 0 0 0 0
1496448000 0 0 0 0
1496361600 0 0 0 0
1496275200 0 0 0 0
1496188800 0 0 0 0
1496102400 0 0 0 0
1496016000 0 0 0 0
1495929600 0 0 0 0
1495843200 0 0 0 0
1495756800 0 0 0 0
1495670400 0 0 0 0
1495584000 0 0 0 0
1495497600 0 0 0 0
1495411200 0 0 0 0
1495324800 0 0 0 0
1495238400 0 0 0 0
1495152000 0 0 0 0
1495065600 0 0 0 0
1494979200 0 0 0 0
1494892800 0 0 0 0
1494806400 0 0 0 0
1494720000 0 0 0 0
1494633600 0 0 0 0
1494547200 0 0 0 0
1494460800 0 0 0 0
1494374400 0 0 0 0
1494288000 0 0 0 0
1494201600 0 0 0 0
1494115200 0 0 0 0
1494028800 0 0 0 0
1493942400 0 0 0 0
1493856000 0 0 0 0
1493769600 0 0 0 0
1493683200 0 0 0 0
1493596800 0 0 0 0
1493510400 0 0 0 0
1493424000 0 0 0 0
1493337600 0 0 0 0
1493251200 0 0 0 0
1493164800 0 0 0 0
1493078400 0 0 0 0
1492992000 0 0 0 0
1492905600 0 0 0 0
1492819200 0 0 0 0
1492732800 0 0 0 0
1492646400 0 0 0 0
1492560000 0 0 0 0
1492473600 0 0 0 0
1492387200 0 0 0 0
1492300800 0 0 0 0
1492214400 0 0 0 0
1492128000 0 0 0 0
1492041600 0 0 0 0
1491955200 0 0 0 0
1491868800 0 0 0 0
1491782400 0 0 0 0
1491696000 0 0 0 0
1491609600 0 0 0 0
1491523200 0 0 0 0
1491436800 0 0 0 0
1491350400 0 0 0 0
1491264000 0 0 0 0
1491177600 0 0 0 0
1491091200 0 0 0 0
1491004800 0 0 0 0
1490918400 0 0 0 0
1490832000 0 0 0 0
1490745600 0 0 0 0
1490659200 0 0 0 0
1490572800 0 0 0 0
1490486400 0 0 0 0
1490400000 0 0 0 0
1490313600 0 0 0 0
1490227200 0 0 0 0
1490140800 0 0 0 0
1490054400 0 0 0 0
1489968000 0 0 0 0
1489881600 0 0 0 0
1489795200 0 0 0 0
1489708800 0 0 0 0
1489622400 0 0 0 0
1489536000 0 0 0 0
1489449600 0 0 0 0
1489363200 0 0 0 0
1489276800 0 0 0 0
1489190400 0 0 0 0
1489104000 0 0 0 0
1489017600 0 0 0 0
1488931200 0 0 0 0
1488844800 0 0 0 0
1488758400 0 0 0 0
1488672000 0 0 0 0
1488585600 0 0 0 0
1488499200 0 0 0 0
1488412800 0 0 0 0
1488326400 0 0 0 0
1488240000 0 0 0 0
1488153600 0 0 0 0
1488067200 0 0 0 0
1487980800 0 0 0 0
1487894400 0 0 0 0
1487808000 0 0 0 0
1487721600 0 0 0 0
1487635200 0 0 0 0
1487548800 0 0 0 0
1487462400 0 0 0 0
1487376000 0 0 0 0
1487289600 0 0 0 0
1487203200 0 0 0 0
1487116800 0 0 0 0
1487030400 0 0 0 0
1486944000 0 0 0 0
1486857600 0 0 0 0
1486771200 0 0 0 0
1486684800 0 0 0 0
1486598400 0 0 0 0
1486512000 0 0 0 0
1486425600 0 0 0 0
1486339200 0 0 0 0
1486252800 0 0 0 0
1486166400 0 0 0 0
1486080000 0 0 0 0
1485993600 0 0 0 0
1485907200 0 0 0 0
1485820800 0 0 0 0
1485734400 0 0 0 0
1485648000 0 0 0 0
1485561600 0 0 0 0
1485475200 0 0 0 0
1485388800 0 0 0 0
1485302400 0 0 0 0
1485216000 0 0 0 0
1485129600 0 0 0 0
1485043200 0 0 0 0
1484956800 0 0 0 0
1484870400 0 0 0 0
1484784000 0 0 0 0
1484697600 0 0 0 0
1484611200 0 0 0 0
1484524800 0 0 0 0
1484438400 0 0 0 0
1484352000 0 0 0 0
1484265600 0 0 0 0
1484179200 0 0 0 0
1484092800 0 0 0 0
1484006400 0 0 0 0
1483920000 0 0 0 0
1483833600 0 0 0 0
1483747200 0 0 0 0
1483660800 0 0 0 0
1483574400 0 0 0 0
1483488000 0 0 0 0
1483401600 0 0 0 0
1483315200 0 0 0 0
1483228800 0 0 0 0
1483142400 0 0 0 0
1483056000 0 0 0 0
1482969600 0 0 0 0
1482883200 0 0 0 0
1482796800 0 0 0 0
1482710400 0 0 0 0
1482624000 0 0 0 0
1482537600 0 0 0 0
1482451200 0 0 0 0
1482364800 0 0 0 0
1482278400 0 0 0 0
1482192000 0 0 0 0
1482105600 0 0 0 0
1482019200 0 0 0 0
1481932800 0 0 0 0
1481846400 0 0 0 0
1481760000 0 0 0 0
1481673600 0 0 0 0
1481587200 0 0 0 0
1481500800 0 0 0 0
1481414400 0 0 0 0
1481328000 0 0 0 0
1481241600 0 0 0 0
1481155200 0 0 0 0
1481068800 0 0 0 0
1480982400 0 0 0 0
1480896000 0 0 0 0
1480809600 0 0 0 0
1480723200 0 0 0 0
1480636800 0 0 0 0
1480550400 0 0 0 0
1480464000 0 0 0 0
1480377600 0 0 0 0
1480291200 0 0 0 0
1480204800 0 0 0 0
1480118400 0 0 0 0
1480032000 0 0 0 0
1479945600 0 0 0 0
1479859200 0 0 0 0
1479772800 0 0 0 0
1479686400 0 0 0 0
1479600000 0 0 0 0
1479513600 0 0 0 0
1479427200 0 0 0 0
1479340800 0 0 0 0
1479254400 0 0 0 0
1479168000 0 0 0 0
1479081600 0 0 0 0
1478995200 0 0 0 0
1478908800 0 0 0 0
1478822400 0 0 0 0
1478736000 0 0 0 0
1478649600 0 0 0 0
1478563200 0 0 0 0
1478476800 0 0 0 0
1478390400 0 0 0 0
1478304000 0 0 0 0
1478217600 0 0 0 0
1478131200 0 0 0 0
1478044800 0 0 0 0
1477958400 0 0 0 0
1477872000 0 0 0 0
1477785600 0 0 0 0
1477699200 0 0 0 0
1477612800 0 0 0 0
1477526400 0 0 0 0
1477440000 0 0 0 0
1477353600 0 0 0 0
1477267200 0 0 0 0
1477180800 0 0 0 0
1477094400 0 0 0 0
1477008000 0 0 0 0
1476921600 0 0 0 0
1476835200 0 0 0 0
1476748800 0 0 0 0
1476662400 0 0 0 0
1476576000 0 0 0 0
1476489600 0 0 0 0
1476403200 0 0 0 0
1476316800 0 0 0 0
1476230400 0 0 0 0
1476144000 0 0 0 0
1476057600 0 0 0 0
1475971200 0 0 0 0
1475884800 0 0 0 0
1475798400 0 0 0 0
1475712000 0 0 0 0
1475625600 0 0 0 0
1475539200 0 0 0 0
1475452800 0 0 0 0
1475366400 0 0 0 0
1475280000 0 0 0 0
1475193600 0 0 0 0
1475107200 0 0 0 0
1475020800 0 0 0 0
1474934400 0 0 0 0
1474848000 0 0 0 0
1474761600 0 0 0 0
1474675200 0 0 0 0
1474588800 0 0 0 0
1474502400 0 0 0 0
1474416000 0 0 0 0
1474329600 0 0 0 0
1474243200 0 0 0 0
1474156800 0 0 0 0
1474070400 0 0 0 0
1473984000 0 0 0 0
1473897600 0 0 0 0
1473811200 0 0 0 0
1473724800 0 0 0 0
1473638400 0 0 0 0
1473552000 0 0 0 0
1473465600 0 0 0 0
1473379200 0 0 0 0
1473292800 0 0 0 0
1473206400 0 0 0 0
1473120000 0 0 0 0
1473033600 0 0 0 0
1472947200 0 0 0 0
1472860800 0 0 0 0
1472774400 0 0 0 0
1472688000 0 0 0 0
1472601600 0 0 0 0
1472515200 0 0 0 0
1472428800 0 0 0 0
1472342400 0 0 0 0
1472256000 0 0 0 0
1472169600 0 0 0 0
1472083200 0 0 0 0
1471996800 0 0 0 0
1471910400 0 0 0 0
1471824000 0 0 0 0
1471737600 0 0 0 0
1471651200 0 0 0 0
1471564800 0 0 0 0
1471478400 0 0 0 0
1471392000 0 0 0 0
1471305600 0 0 0 0
1471219200 0 0 0 0
1471132800 0 0 0 0
1471046400 0 0 0 0
1470960000 0 0 0 0
1470873600 0 0 0 0
1470787200 0 0 0 0
1470700800 0 0 0 0
1470614400 0 0 0 0
1470528000 0 0 0 0
1470441600 0 0 0 0
1470355200 0 0 0 0
1470268800 0 0 0 0
1470182400 0 0 0 0
1470096000 0 0 0 0
1470009600 0 0 0 0
1469923200 0 0 0 0
1469836800 0 0 0 0
1469750400 0 0 0 0
1469664000 0 0 0 0
1469577600 0 0 0 0
1469491200 0 0 0 0
1469404800 0 0 0 0
1469318400 0 0 0 0
1469232000 0 0 0 0
1469145600 0 0 0 0
1469059200 0 0 0 0
1468972800 0 0 0 0
1468886400 0 0 0 0
1468800000 0 0 0 0
1468713600 0 0 0 0
1468627200 0 0 0 0
1468540800 0 0 0 0
1468454400 0 0 0 0
1468368000 0 0 0 0
1468281600 0 0 0 0
1468195200 0 0 0 0
1468108800 0 0 0 0
1468022400 0 0 0 0
1467936000 0 0 0 0
1467849600 0 0 0 0
1467763200 0 0 0 0
1467676800 0 0 0 0
1467590400 0 0 0 0
1467504000 0 0 0 0
1467417600 0 0 0 0
1467331200 0 0 0 0
1467244800 0 0 0 0
1467158400 0 0 0 0
1467072000 0 0 0 0
1466985600 0 0 0 0
1466899200 0 0 0 0
