1535659503 43 0
1535659503 43 0 43 0
1535659203 43 0 43 0
1535659200 43 0 43 0
1535658900 43 0 43 0
1535658600 43 0 43 0
1535658300 43 0 43 0
1535658000 43 0 43 0
1535657700 43 0 43 0
1535657400 43 0 43 0
1535657100 43 0 43 0
1535656800 43 0 43 0
1535656500 43 0 43 0
1535656200 43 0 43 0
1535655900 43 0 43 0
1535655600 43 0 43 0
1535655300 43 0 43 0
1535655000 43 0 43 0
1535654700 43 0 43 0
1535654400 43 0 43 0
1535654100 43 0 43 0
1535653800 43 0 43 0
1535653500 43 0 43 0
1535653200 43 0 43 0
1535652900 43 0 43 0
1535652600 43 0 43 0
1535652300 43 0 43 0
1535652000 43 0 43 0
1535651700 43 0 43 0
1535651400 43 0 43 0
1535651100 43 0 43 0
1535650800 43 0 43 0
1535650500 43 0 43 0
1535650200 43 0 43 0
1535649900 43 0 43 0
1535649600 43 0 43 0
1535649300 43 0 43 0
1535649000 43 0 43 0
1535648700 43 0 43 0
1535648400 43 0 43 0
1535648100 43 0 43 0
1535647800 43 0 43 0
1535647500 43 0 43 0
1535647200 43 0 43 0
1535646900 43 0 43 0
1535646600 43 0 43 0
1535646300 43 0 43 0
1535646000 43 0 43 0
1535645700 43 0 43 0
1535645400 43 0 43 0
1535645100 43 0 43 0
1535644800 43 0 43 0
1535644500 43 0 43 0
1535644200 43 0 43 0
1535643900 43 0 45 0
1535643600 45 0 45 0
1535643300 45 0 45 0
1535643000 45 0 45 0
1535642700 45 0 45 0
1535642400 45 0 45 0
1535642100 45 0 45 0
1535641800 45 0 45 0
1535641500 45 0 45 0
1535641200 45 0 45 0
1535640900 45 0 45 0
1535640600 45 0 45 0
1535640300 45 0 45 0
1535640000 45 0 45 0
1535639700 45 0 45 0
1535639400 45 0 45 0
1535639100 45 0 45 0
1535638800 45 0 45 0
1535638500 45 0 45 0
1535638200 45 0 45 0
1535637900 45 0 45 0
1535637600 45 0 45 0
1535637300 45 0 45 0
1535637000 45 0 45 0
1535636700 45 0 45 0
1535636400 45 0 45 0
1535636100 45 0 45 0
1535635800 45 0 45 0
1535635500 45 0 45 0
1535635200 45 0 45 0
1535634900 45 0 45 0
1535634600 45 0 45 0
1535634300 45 0 45 0
1535634000 45 0 45 0
1535633700 45 0 45 0
1535633400 45 0 45 0
1535633100 45 0 45 0
1535632800 45 0 45 0
1535632500 45 0 45 0
1535632200 45 0 45 0
1535631900 45 0 45 0
1535631600 45 0 45 0
1535631300 45 0 45 0
1535631000 45 0 45 0
1535630700 45 0 45 0
1535630400 45 0 45 0
1535630100 45 0 45 0
1535629800 45 0 45 0
1535629500 45 0 45 0
1535629200 45 0 45 0
1535628900 45 0 45 0
1535628600 45 0 45 0
1535628300 45 0 45 0
1535628000 45 0 45 0
1535627700 45 0 45 0
1535627400 45 0 45 0
1535627100 45 0 45 0
1535626800 45 0 45 0
1535626500 45 0 45 0
1535626200 45 0 45 0
1535625900 45 0 45 0
1535625600 45 0 45 0
1535625300 45 0 45 0
1535625000 45 0 45 0
1535624700 45 0 45 0
1535624400 45 0 45 0
1535624100 45 0 45 0
1535623800 45 0 45 0
1535623500 45 0 45 0
1535623200 45 0 45 0
1535622900 45 0 45 0
1535622600 45 0 45 0
1535622300 45 0 45 0
1535622000 45 0 45 0
1535621700 45 0 45 0
1535621400 45 0 45 0
1535621100 45 0 45 0
1535620800 45 0 45 0
1535620500 45 0 45 0
1535620200 45 0 45 0
1535619900 45 0 45 0
1535619600 45 0 45 0
1535619300 45 0 45 0
1535619000 45 0 45 0
1535618700 45 0 45 0
1535618400 45 0 45 0
1535618100 45 0 45 0
1535617800 45 0 45 0
1535617500 45 0 45 0
1535617200 45 0 45 0
1535616900 45 0 45 0
1535616600 45 0 45 0
1535616300 45 0 45 0
1535616000 45 0 45 0
1535615700 45 0 45 0
1535615400 45 0 45 0
1535615100 45 0 45 0
1535614800 45 0 45 0
1535614500 45 0 45 0
1535614200 45 0 45 0
1535613900 45 0 45 0
1535613600 45 0 45 0
1535613300 45 0 45 0
1535613000 45 0 45 0
1535612700 45 0 45 0
1535612400 45 0 45 0
1535612100 45 0 45 0
1535611800 45 0 45 0
1535611500 45 0 45 0
1535611200 45 0 45 0
1535610900 45 0 45 0
1535610600 45 0 45 0
1535610300 45 0 45 0
1535610000 45 0 45 0
1535609700 45 0 45 0
1535609400 45 0 45 0
1535609100 45 0 45 0
1535608800 45 0 45 0
1535608500 45 0 45 0
1535608200 45 0 45 0
1535607900 45 0 45 0
1535607600 45 0 45 0
1535607300 45 0 45 0
1535607000 45 0 45 0
1535606700 45 0 45 0
1535606400 45 0 45 0
1535606100 45 0 45 0
1535605800 45 0 45 0
1535605500 45 0 45 0
1535605200 45 0 45 0
1535604900 45 0 45 0
1535604600 45 0 45 0
1535604300 45 0 45 0
1535604000 45 0 45 0
1535603700 45 0 45 0
1535603400 45 0 45 0
1535603100 45 0 45 0
1535602800 45 0 45 0
1535602500 45 0 45 0
1535602200 45 0 45 0
1535601900 45 0 45 0
1535601600 45 0 45 0
1535601300 45 0 45 0
1535601000 45 0 45 0
1535600700 45 0 45 0
1535600400 45 0 45 0
1535600100 45 0 45 0
1535599800 45 0 45 0
1535599500 45 0 45 0
1535599200 45 0 45 0
1535598900 45 0 45 0
1535598600 45 0 45 0
1535598300 45 0 45 0
1535598000 45 0 45 0
1535597700 45 0 45 0
1535597400 45 0 45 0
1535597100 45 0 45 0
1535596800 45 0 45 0
1535596500 45 0 45 0
1535596200 45 0 45 0
1535595900 45 0 45 0
1535595600 45 0 45 0
1535595300 45 0 45 0
1535595000 45 0 45 0
1535594700 45 0 45 0
1535594400 45 0 45 0
1535594100 45 0 45 0
1535593800 45 0 45 0
1535593500 45 0 45 0
1535593200 45 0 45 0
1535592900 45 0 45 0
1535592600 45 0 45 0
1535592300 45 0 45 0
1535592000 45 0 45 0
1535591700 45 0 45 0
1535591400 45 0 45 0
1535591100 45 0 45 0
1535590800 45 0 45 0
1535590500 45 0 45 0
1535590200 45 0 45 0
1535589900 45 0 45 0
1535589600 45 0 45 0
1535589300 45 0 45 0
1535589000 45 0 45 0
1535588700 45 0 45 0
1535588400 45 0 45 0
1535588100 45 0 45 0
1535587800 45 0 45 0
1535587500 45 0 45 0
1535587200 45 0 45 0
1535586900 45 0 45 0
1535586600 45 0 45 0
1535586300 45 0 45 0
1535586000 45 0 45 0
1535585700 45 0 45 0
1535585400 45 0 45 0
1535585100 45 0 45 0
1535584800 45 0 45 0
1535584500 45 0 45 0
1535584200 45 0 45 0
1535583900 45 0 45 0
1535583600 45 0 45 0
1535583300 45 0 45 0
1535583000 45 0 45 0
1535582700 45 0 45 0
1535582400 45 0 45 0
1535582100 45 0 45 0
1535581800 45 0 45 0
1535581500 45 0 45 0
1535581200 45 0 45 0
1535580900 45 0 45 0
1535580600 45 0 45 0
1535580300 45 0 45 0
1535580000 45 0 45 0
1535579700 45 0 45 0
1535579400 45 0 45 0
1535579100 45 0 45 0
1535578800 45 0 45 0
1535578500 45 0 45 0
1535578200 45 0 45 0
1535577900 45 0 45 0
1535577600 45 0 45 0
1535577300 45 0 45 0
1535577000 45 0 45 0
1535576700 45 0 45 0
1535576400 45 0 45 0
1535576100 45 0 45 0
1535575800 45 0 45 0
1535575500 45 0 45 0
1535575200 45 0 45 0
1535574900 45 0 45 0
1535574600 45 0 45 0
1535574300 45 0 45 0
1535574000 45 0 45 0
1535573700 45 0 45 0
1535573400 45 0 45 0
1535573100 45 0 45 0
1535572800 45 0 45 0
1535572500 45 0 45 0
1535572200 45 0 45 0
1535571900 45 0 45 0
1535571600 45 0 45 0
1535571300 45 0 45 0
1535571000 45 0 45 0
1535570700 45 0 45 0
1535570400 45 0 45 0
1535570100 45 0 45 0
1535569800 45 0 45 0
1535569500 45 0 45 0
1535569200 45 0 45 0
1535568900 45 0 45 0
1535568600 45 0 45 0
1535568300 45 0 45 0
1535568000 45 0 45 0
1535567700 45 0 45 0
1535567400 45 0 45 0
1535567100 45 0 45 0
1535566800 45 0 45 0
1535566500 45 0 45 0
1535566200 45 0 45 0
1535565900 45 0 45 0
1535565600 45 0 45 0
1535565300 45 0 45 0
1535565000 45 0 45 0
1535564700 45 0 45 0
1535564400 45 0 45 0
1535564100 45 0 45 0
1535563800 45 0 45 0
1535563500 45 0 45 0
1535563200 45 0 45 0
1535562900 45 0 45 0
1535562600 45 0 45 0
1535562300 45 0 45 0
1535562000 45 0 45 0
1535561700 45 0 45 0
1535561400 45 0 45 0
1535561100 45 0 45 0
1535560800 45 0 45 0
1535560500 45 0 45 0
1535560200 45 0 45 0
1535559900 45 0 45 0
1535559600 45 0 45 0
1535559300 45 0 45 0
1535559000 45 0 45 0
1535558700 45 0 45 0
1535558400 45 0 45 0
1535558100 45 0 45 0
1535557800 45 0 45 0
1535557500 45 0 45 0
1535557200 45 0 45 0
1535556900 45 0 45 0
1535556600 45 0 45 0
1535556300 45 0 45 0
1535556000 45 0 45 0
1535555700 45 0 45 0
1535555400 45 0 45 0
1535555100 45 0 45 0
1535554800 45 0 45 0
1535554500 45 0 45 0
1535554200 45 0 45 0
1535553900 45 0 45 0
1535553600 45 0 45 0
1535553300 45 0 45 0
1535553000 45 0 45 0
1535552700 45 0 45 0
1535552400 45 0 45 0
1535552100 45 0 45 0
1535551800 45 0 45 0
1535551500 45 0 45 0
1535551200 45 0 45 0
1535550900 45 0 45 0
1535550600 45 0 45 0
1535550300 45 0 45 0
1535550000 45 0 45 0
1535549700 45 0 45 0
1535549400 45 0 45 0
1535549100 45 0 45 0
1535548800 45 0 45 0
1535548500 45 0 45 0
1535548200 45 0 45 0
1535547900 45 0 45 0
1535547600 45 0 45 0
1535547300 45 0 45 0
1535547000 45 0 45 0
1535546700 45 0 45 0
1535546400 45 0 45 0
1535546100 45 0 45 0
1535545800 45 0 45 0
1535545500 45 0 45 0
1535545200 45 0 45 0
1535544900 45 0 45 0
1535544600 45 0 45 0
1535544300 45 0 45 0
1535544000 45 0 45 0
1535543700 45 0 45 0
1535543400 45 0 45 0
1535543100 45 0 45 0
1535542800 45 0 45 0
1535542500 45 0 45 0
1535542200 45 0 45 0
1535541900 45 0 45 0
1535541600 45 0 45 0
1535541300 45 0 45 0
1535541000 45 0 45 0
1535540700 45 0 45 0
1535540400 45 0 45 0
1535540100 45 0 45 0
1535539800 45 0 45 0
1535539500 45 0 45 0
1535539200 45 0 45 0
1535538900 45 0 45 0
1535538600 45 0 45 0
1535538300 45 0 45 0
1535538000 45 0 45 0
1535537700 45 0 45 0
1535537400 45 0 45 0
1535537100 45 0 45 0
1535536800 45 0 45 0
1535536500 45 0 45 0
1535536200 45 0 45 0
1535535900 45 0 45 0
1535535600 45 0 45 0
1535535300 45 0 45 0
1535535000 45 0 45 0
1535534700 45 0 45 0
1535534400 45 0 45 0
1535534100 45 0 45 0
1535533800 45 0 45 0
1535533500 45 0 45 0
1535533200 45 0 45 0
1535532900 45 0 45 0
1535532600 45 0 45 0
1535532300 45 0 45 0
1535532000 45 0 45 0
1535531700 45 0 45 0
1535531400 45 0 45 0
1535531100 45 0 45 0
1535530800 45 0 45 0
1535530500 45 0 45 0
1535530200 45 0 45 0
1535529900 45 0 45 0
1535529600 45 0 45 0
1535529300 45 0 45 0
1535529000 45 0 45 0
1535528700 45 0 45 0
1535528400 45 0 45 0
1535528100 45 0 45 0
1535527800 45 0 45 0
1535527500 45 0 45 0
1535527200 45 0 45 0
1535526900 45 0 45 0
1535526600 45 0 45 0
1535526300 45 0 45 0
1535526000 45 0 45 0
1535525700 45 0 45 0
1535525400 45 0 45 0
1535525100 45 0 45 0
1535524800 45 0 45 0
1535524500 45 0 45 0
1535524200 45 0 45 0
1535523900 45 0 45 0
1535523600 45 0 45 0
1535523300 45 0 45 0
1535523000 45 0 45 0
1535522700 45 0 45 0
1535522400 45 0 45 0
1535522100 45 0 45 0
1535521800 45 0 45 0
1535521500 45 0 45 0
1535521200 45 0 45 0
1535520900 45 0 45 0
1535520600 45 0 45 0
1535520300 45 0 45 0
1535520000 45 0 45 0
1535519700 45 0 45 0
1535519400 45 0 45 0
1535519100 45 0 45 0
1535518800 45 0 45 0
1535518500 45 0 45 0
1535518200 45 0 45 0
1535517900 45 0 45 0
1535517600 45 0 45 0
1535517300 45 0 45 0
1535517000 45 0 45 0
1535516700 45 0 45 0
1535516400 45 0 45 0
1535516100 45 0 45 0
1535515800 45 0 45 0
1535515500 44 0 45 0
1535515200 44 0 44 0
1535514900 44 0 44 0
1535514600 44 0 44 0
1535514300 44 0 44 0
1535514000 44 0 44 0
1535513700 44 0 44 0
1535513400 44 0 44 0
1535513100 44 0 44 0
1535512800 44 0 44 0
1535512500 44 0 44 0
1535512200 44 0 44 0
1535511900 44 0 44 0
1535511600 44 0 44 0
1535511300 44 0 44 0
1535511000 44 0 44 0
1535510700 44 0 44 0
1535510400 44 0 44 0
1535510100 44 0 44 0
1535509800 44 0 44 0
1535509500 44 0 44 0
1535509200 44 0 44 0
1535508900 44 0 44 0
1535508600 44 0 44 0
1535508300 44 0 44 0
1535508000 44 0 44 0
1535507700 44 0 44 0
1535507400 44 0 44 0
1535507100 44 0 44 0
1535506800 44 0 44 0
1535506500 44 0 44 0
1535506200 44 0 44 0
1535505900 44 0 44 0
1535505600 44 0 44 0
1535505300 44 0 44 0
1535505000 44 0 44 0
1535504700 44 0 44 0
1535504400 44 0 44 0
1535504100 44 0 44 0
1535503800 44 0 44 0
1535503500 44 0 44 0
1535503200 44 0 44 0
1535502900 44 0 44 0
1535502600 44 0 44 0
1535502300 44 0 44 0
1535502000 44 0 44 0
1535501700 44 0 44 0
1535501400 44 0 44 0
1535501100 44 0 44 0
1535500800 44 0 44 0
1535500500 44 0 44 0
1535500200 44 0 44 0
1535499900 44 0 44 0
1535499600 44 0 44 0
1535499300 44 0 44 0
1535499000 44 0 44 0
1535498700 44 0 44 0
1535498400 44 0 44 0
1535498100 44 0 44 0
1535497800 44 0 44 0
1535497500 44 0 44 0
1535497200 44 0 44 0
1535496900 44 0 44 0
1535496600 44 0 44 0
1535496300 44 0 44 0
1535496000 44 0 44 0
1535495700 44 0 44 0
1535495400 44 0 44 0
1535495100 44 0 44 0
1535494800 44 0 44 0
1535494500 44 0 44 0
1535494200 44 0 44 0
1535493900 44 0 45 0
1535493600 45 0 45 0
1535493300 45 0 45 0
1535493000 45 0 45 0
1535492700 45 0 45 0
1535492400 45 0 45 0
1535492100 45 0 45 0
1535491800 45 0 45 0
1535491500 45 0 45 0
1535491200 45 0 45 0
1535490900 45 0 45 0
1535490600 45 0 45 0
1535490300 45 0 45 0
1535490000 45 0 45 0
1535489700 45 0 45 0
1535489400 45 0 45 0
1535489100 45 0 45 0
1535488800 45 0 45 0
1535488500 45 0 45 0
1535488200 45 0 45 0
1535487900 45 0 45 0
1535487600 45 0 45 0
1535487300 45 0 45 0
1535487000 45 0 45 0
1535486700 45 0 45 0
1535486400 45 0 45 0
1535486100 45 0 45 0
1535485800 45 0 45 0
1535485500 45 0 45 0
1535485200 45 0 45 0
1535484900 45 0 45 0
1535484600 45 0 45 0
1535484300 45 0 45 0
1535484000 45 0 45 0
1535483700 45 0 45 0
1535483400 45 0 45 0
1535483100 45 0 45 0
1535482800 45 0 45 0
1535482500 45 0 45 0
1535482200 45 0 45 0
1535481900 45 0 45 0
1535481600 45 0 45 0
1535481300 45 0 45 0
1535481000 45 0 45 0
1535480700 45 0 45 0
1535480400 45 0 45 0
1535480100 45 0 45 0
1535479800 45 0 45 0
1535479500 45 0 45 0
1535479200 45 0 45 0
1535477400 44 0 45 0
1535475600 44 0 44 0
1535473800 44 0 44 0
1535472000 44 0 44 0
1535470200 44 0 44 0
1535468400 44 0 44 0
1535466600 44 0 44 0
1535464800 44 0 44 0
1535463000 44 0 44 0
1535461200 44 0 44 0
1535459400 44 0 44 0
1535457600 44 0 44 0
1535455800 44 0 45 0
1535454000 45 0 45 0
1535452200 44 0 45 0
1535450400 44 0 44 0
1535448600 44 0 44 0
1535446800 44 0 44 0
1535445000 44 0 44 0
1535443200 44 0 44 0
1535441400 44 0 44 0
1535439600 44 0 44 0
1535437800 44 0 44 0
1535436000 44 0 44 0
1535434200 44 0 44 0
1535432400 44 0 44 0
1535430600 44 0 44 0
1535428800 44 0 44 0
1535427000 44 0 44 0
1535425200 43 0 44 0
1535423400 43 0 43 0
1535421600 43 0 43 0
1535419800 43 0 43 0
1535418000 43 0 43 0
1535416200 43 0 43 0
1535414400 43 0 43 0
1535412600 43 0 43 0
1535410800 43 0 43 0
1535409000 43 0 43 0
1535407200 43 0 43 0
1535405400 43 0 43 0
1535403600 43 0 43 0
1535401800 43 0 43 0
1535400000 43 0 43 0
1535398200 42 0 43 0
1535396400 42 0 42 0
1535394600 42 0 42 0
1535392800 42 0 42 0
1535391000 42 0 42 0
1535389200 42 0 42 0
1535387400 41 0 42 0
1535385600 41 0 42 0
1535383800 41 0 41 0
1535382000 41 0 41 0
1535380200 41 0 41 0
1535378400 41 0 41 0
1535376600 40 0 41 0
1535374800 40 0 40 0
1535373000 40 0 40 0
1535371200 40 0 40 0
1535369400 40 0 40 0
1535367600 40 0 40 0
1535365800 39 0 40 0
1535364000 39 0 40 0
1535362200 38 0 39 0
1535360400 38 0 38 0
1535358600 38 0 38 0
1535356800 38 0 38 0
1535355000 38 0 38 0
1535353200 38 0 38 0
1535351400 38 0 38 0
1535349600 38 0 38 0
1535347800 38 0 38 0
1535346000 38 0 38 0
1535344200 38 0 38 0
1535342400 38 0 38 0
1535340600 38 0 38 0
1535338800 38 0 39 0
1535337000 38 0 39 0
1535335200 38 0 39 0
1535333400 39 0 39 0
1535331600 39 0 39 0
1535329800 39 0 39 0
1535328000 39 0 39 0
1535326200 39 0 39 0
1535324400 39 0 39 0
1535322600 39 0 39 0
1535320800 39 0 39 0
1535319000 39 0 39 0
1535317200 39 0 39 0
1535315400 39 0 39 0
1535313600 39 0 39 0
1535311800 39 0 39 0
1535310000 39 0 39 0
1535308200 39 0 39 0
1535306400 39 0 39 0
1535304600 39 0 39 0
1535302800 39 0 39 0
1535301000 39 0 39 0
1535299200 39 0 39 0
1535297400 39 0 39 0
1535295600 39 0 39 0
1535293800 39 0 39 0
1535292000 39 0 39 0
1535290200 38 0 39 0
1535288400 39 0 39 0
1535286600 39 0 39 0
1535284800 39 0 39 0
1535283000 39 0 39 0
1535281200 39 0 39 0
1535279400 39 0 39 0
1535277600 39 0 39 0
1535275800 39 0 39 0
1535274000 39 0 39 0
1535272200 39 0 39 0
1535270400 39 0 39 0
1535268600 39 0 39 0
1535266800 39 0 39 0
1535265000 39 0 39 0
1535263200 39 0 39 0
1535261400 38 0 39 0
1535259600 38 0 39 0
1535257800 39 0 39 0
1535256000 39 0 39 0
1535254200 38 0 39 0
1535252400 38 0 38 0
1535250600 38 0 38 0
1535248800 38 0 39 0
1535247000 38 0 39 0
1535245200 38 0 38 0
1535243400 38 0 39 0
1535241600 39 0 39 0
1535239800 38 0 39 0
1535238000 38 0 39 0
1535236200 39 0 39 0
1535234400 39 0 39 0
1535232600 39 0 39 0
1535230800 39 0 39 0
1535229000 39 0 39 0
1535227200 39 0 39 0
1535225400 38 0 39 0
1535223600 38 0 38 0
1535221800 38 0 38 0
1535220000 38 0 38 0
1535218200 38 0 38 0
1535216400 38 0 38 0
1535214600 38 0 38 0
1535212800 38 0 38 0
1535211000 38 0 38 0
1535209200 38 0 38 0
1535207400 38 0 39 0
1535205600 39 0 39 0
1535203800 39 0 39 0
1535202000 39 0 39 0
1535200200 38 0 39 0
1535198400 38 0 38 0
1535196600 38 0 39 0
1535194800 39 0 39 0
1535193000 38 0 39 0
1535191200 39 0 39 0
1535189400 39 0 39 0
1535187600 39 0 39 0
1535185800 39 0 39 0
1535184000 39 0 39 0
1535182200 39 0 39 0
1535180400 39 0 39 0
1535178600 39 0 39 0
1535176800 39 0 39 0
1535175000 38 0 39 0
1535173200 38 0 39 0
1535171400 38 0 38 0
1535169600 38 0 38 0
1535167800 38 0 38 0
1535166000 38 0 38 0
1535164200 38 0 38 0
1535162400 38 0 38 0
1535160600 38 0 39 0
1535158800 38 0 39 0
1535157000 38 0 38 0
1535155200 38 0 39 0
1535153400 39 0 39 0
1535151600 39 0 39 0
1535149800 39 0 39 0
1535148000 39 0 39 0
1535146200 39 0 39 0
1535144400 39 0 39 0
1535142600 39 0 39 0
1535140800 39 0 39 0
1535139000 38 0 39 0
1535137200 38 0 38 0
1535135400 38 0 38 0
1535133600 38 0 38 0
1535131800 38 0 38 0
1535130000 37 0 38 0
1535128200 37 0 37 0
1535126400 37 0 37 0
1535124600 36 0 37 0
1535122800 36 0 36 0
1535121000 36 0 36 0
1535119200 35 0 36 0
1535117400 35 0 35 0
1535115600 35 0 35 0
1535113800 34 0 35 0
1535112000 34 0 34 0
1535110200 34 0 34 0
1535108400 34 0 34 0
1535106600 34 0 34 0
1535104800 33 0 34 0
1535103000 33 0 34 0
1535101200 33 0 33 0
1535099400 33 0 33 0
1535097600 33 0 33 0
1535095800 33 0 33 0
1535094000 33 0 33 0
1535092200 33 0 33 0
1535090400 33 0 33 0
1535088600 33 0 33 0
1535086800 33 0 33 0
1535085000 33 0 33 0
1535083200 33 0 33 0
1535081400 33 0 33 0
1535079600 33 0 33 0
1535077800 33 0 33 0
1535076000 33 0 33 0
1535074200 33 0 33 0
1535072400 33 0 33 0
1535070600 33 0 33 0
1535068800 33 0 33 0
1535067000 33 0 33 0
1535065200 33 0 33 0
1535063400 33 0 34 0
1535061600 34 0 34 0
1535059800 34 0 34 0
1535058000 34 0 34 0
1535056200 34 0 34 0
1535054400 34 0 34 0
1535052600 34 0 34 0
1535050800 34 0 34 0
1535049000 34 0 35 0
1535047200 35 0 35 0
1535045400 35 0 35 0
1535043600 35 0 35 0
1535041800 35 0 35 0
1535040000 35 0 35 0
1535038200 35 0 35 0
1535036400 35 0 35 0
1535034600 35 0 35 0
1535032800 35 0 35 0
1535031000 35 0 35 0
1535029200 35 0 35 0
1535027400 35 0 35 0
1535025600 35 0 35 0
1535023800 35 0 35 0
1535022000 35 0 35 0
1535020200 34 0 35 0
1535018400 34 0 35 0
1535016600 34 0 35 0
1535014800 34 0 34 0
1535013000 34 0 34 0
1535011200 34 0 34 0
1535009400 34 0 34 0
1535007600 34 0 34 0
1535005800 34 0 34 0
1535004000 34 0 34 0
1535002200 34 0 34 0
1535000400 34 0 34 0
1534998600 34 0 34 0
1534996800 34 0 34 0
1534995000 34 0 35 0
1534993200 35 0 35 0
1534991400 35 0 35 0
1534989600 35 0 35 0
1534987800 35 0 35 0
1534986000 35 0 35 0
1534984200 35 0 36 0
1534982400 36 0 36 0
1534980600 36 0 37 0
1534978800 37 0 37 0
1534977000 37 0 38 0
1534975200 38 0 38 0
1534973400 38 0 38 0
1534971600 38 0 39 0
1534969800 39 0 39 0
1534968000 39 0 39 0
1534966200 39 0 39 0
1534964400 39 0 39 0
1534962600 39 0 39 0
1534960800 39 0 39 0
1534959000 39 0 39 0
1534957200 39 0 39 0
1534955400 39 0 39 0
1534953600 39 0 39 0
1534951800 39 0 39 0
1534950000 39 0 39 0
1534948200 39 0 39 0
1534946400 38 0 39 0
1534944600 38 0 38 0
1534942800 38 0 38 0
1534941000 38 0 38 0
1534939200 38 0 38 0
1534937400 38 0 38 0
1534935600 38 0 39 0
1534933800 39 0 39 0
1534932000 39 0 39 0
1534930200 39 0 39 0
1534928400 39 0 39 0
1534926600 39 0 39 0
1534924800 39 0 40 0
1534923000 40 0 40 0
1534921200 40 0 40 0
1534919400 40 0 40 0
1534917600 40 0 40 0
1534915800 40 0 40 0
1534914000 40 0 40 0
1534912200 40 0 40 0
1534910400 40 0 40 0
1534908600 40 0 40 0
1534906800 40 0 41 0
1534905000 41 0 41 0
1534903200 41 0 41 0
1534901400 41 0 41 0
1534899600 41 0 41 0
1534897800 41 0 41 0
1534896000 41 0 41 0
1534894200 41 0 41 0
1534892400 41 0 41 0
1534890600 41 0 41 0
1534888800 41 0 41 0
1534887000 41 0 41 0
1534885200 41 0 41 0
1534883400 41 0 41 0
1534881600 41 0 41 0
1534879800 41 0 41 0
1534878000 41 0 41 0
1534876200 40 0 41 0
1534874400 40 0 41 0
1534872600 40 0 41 0
1534870800 40 0 40 0
1534869000 40 0 40 0
1534867200 40 0 40 0
1534865400 40 0 40 0
1534863600 40 0 40 0
1534861800 39 0 40 0
1534860000 39 0 39 0
1534858200 39 0 39 0
1534856400 39 0 39 0
1534854600 39 0 40 0
1534852800 39 0 40 0
1534851000 39 0 40 0
1534849200 40 0 40 0
1534847400 39 0 40 0
1534845600 39 0 39 0
1534843800 39 0 39 0
1534842000 39 0 39 0
1534840200 39 0 39 0
1534838400 39 0 39 0
1534836600 39 0 39 0
1534834800 39 0 39 0
1534833000 39 0 39 0
1534831200 39 0 39 0
1534829400 39 0 39 0
1534827600 39 0 39 0
1534825800 39 0 39 0
1534824000 39 0 39 0
1534822200 39 0 40 0
1534820400 40 0 40 0
1534818600 40 0 40 0
1534816800 40 0 40 0
1534815000 39 0 40 0
1534813200 39 0 40 0
1534811400 40 0 40 0
1534809600 40 0 40 0
1534807800 39 0 40 0
1534806000 39 0 39 0
1534804200 39 0 39 0
1534802400 39 0 39 0
1534800600 39 0 39 0
1534798800 39 0 39 0
1534797000 39 0 39 0
1534795200 39 0 39 0
1534793400 39 0 39 0
1534791600 39 0 39 0
1534789800 38 0 39 0
1534788000 38 0 38 0
1534786200 38 0 38 0
1534784400 38 0 38 0
1534782600 38 0 38 0
1534780800 37 0 38 0
1534779000 37 0 37 0
1534777200 37 0 37 0
1534775400 36 0 37 0
1534773600 36 0 36 0
1534771800 35 0 36 0
1534770000 35 0 35 0
1534768200 35 0 35 0
1534766400 35 0 35 0
1534764600 35 0 35 0
1534762800 35 0 35 0
1534761000 35 0 35 0
1534759200 35 0 35 0
1534757400 34 0 35 0
1534755600 34 0 34 0
1534753800 34 0 34 0
1534752000 34 0 34 0
1534750200 34 0 34 0
1534748400 34 0 34 0
1534746600 34 0 34 0
1534744800 34 0 34 0
1534743000 34 0 34 0
1534741200 34 0 34 0
1534739400 34 0 34 0
1534737600 34 0 34 0
1534735800 34 0 34 0
1534734000 34 0 34 0
1534732200 34 0 34 0
1534730400 34 0 34 0
1534728600 34 0 34 0
1534726800 34 0 35 0
1534725000 34 0 35 0
1534723200 35 0 35 0
1534721400 35 0 35 0
1534719600 35 0 35 0
1534717800 35 0 35 0
1534716000 35 0 35 0
1534714200 35 0 35 0
1534712400 35 0 35 0
1534710600 35 0 35 0
1534708800 35 0 35 0
1534707000 35 0 35 0
1534705200 35 0 35 0
1534703400 35 0 35 0
1534701600 35 0 35 0
1534699800 35 0 35 0
1534698000 35 0 35 0
1534696200 35 0 35 0
1534694400 35 0 35 0
1534692600 35 0 36 0
1534690800 36 0 36 0
1534689000 36 0 36 0
1534687200 36 0 36 0
1534685400 36 0 36 0
1534683600 36 0 36 0
1534681800 36 0 36 0
1534680000 36 0 37 0
1534678200 36 0 37 0
1534676400 36 0 37 0
1534674600 36 0 36 0
1534672800 36 0 37 0
1534671000 37 0 37 0
1534669200 37 0 37 0
1534667400 37 0 37 0
1534665600 37 0 37 0
1534663800 37 0 37 0
1534662000 37 0 37 0
1534660200 37 0 38 0
1534658400 38 0 38 0
1534656600 38 0 38 0
1534654800 38 0 38 0
1534653000 38 0 38 0
1534651200 38 0 38 0
1534649400 38 0 38 0
1534647600 38 0 38 0
1534645800 38 0 38 0
1534644000 38 0 38 0
1534642200 38 0 39 0
1534640400 39 0 39 0
1534638600 39 0 39 0
1534636800 39 0 39 0
1534635000 39 0 39 0
1534633200 39 0 39 0
1534631400 39 0 39 0
1534629600 39 0 40 0
1534627800 39 0 40 0
1534626000 40 0 40 0
1534624200 40 0 40 0
1534622400 40 0 40 0
1534620600 40 0 40 0
1534618800 40 0 40 0
1534617000 40 0 40 0
1534615200 40 0 40 0
1534613400 40 0 41 0
1534611600 40 0 40 0
1534609800 40 0 41 0
1534608000 41 0 41 0
1534606200 41 0 41 0
1534604400 41 0 41 0
1534602600 41 0 41 0
1534600800 41 0 41 0
1534599000 41 0 41 0
1534597200 41 0 42 0
1534595400 42 0 42 0
1534593600 42 0 42 0
1534591800 42 0 42 0
1534590000 42 0 42 0
1534588200 42 0 42 0
1534586400 42 0 42 0
1534584600 42 0 42 0
1534582800 42 0 42 0
1534581000 42 0 43 0
1534579200 42 0 43 0
1534577400 43 0 43 0
1534575600 43 0 43 0
1534573800 42 0 43 0
1534572000 42 0 43 0
1534570200 42 0 43 0
1534568400 42 0 43 0
1534566600 43 0 43 0
1534564800 43 0 43 0
1534563000 43 0 43 0
1534561200 43 0 43 0
1534559400 43 0 44 0
1534557600 43 0 44 0
1534555800 43 0 43 0
1534554000 43 0 43 0
1534552200 43 0 43 0
1534550400 43 0 43 0
1534548600 43 0 43 0
1534546800 43 0 43 0
1534545000 43 0 43 0
1534543200 43 0 43 0
1534541400 43 0 43 0
1534539600 43 0 43 0
1534537800 43 0 43 0
1534536000 43 0 43 0
1534534200 43 0 43 0
1534532400 43 0 43 0
1534530600 43 0 43 0
1534528800 43 0 43 0
1534527000 43 0 43 0
1534525200 43 0 43 0
1534523400 43 0 43 0
1534521600 43 0 43 0
1534519800 43 0 43 0
1534518000 43 0 43 0
1534516200 43 0 43 0
1534514400 43 0 43 0
1534512600 43 0 43 0
1534510800 43 0 43 0
1534509000 43 0 43 0
1534507200 43 0 43 0
1534505400 43 0 43 0
1534503600 43 0 43 0
1534501800 43 0 43 0
1534500000 42 0 43 0
1534498200 42 0 43 0
1534496400 43 0 43 0
1534494600 42 0 43 0
1534492800 43 0 43 0
1534491000 43 0 43 0
1534489200 43 0 43 0
1534487400 43 0 43 0
1534485600 43 0 43 0
1534483800 43 0 43 0
1534482000 43 0 43 0
1534480200 43 0 43 0
1534478400 43 0 43 0
1534476600 43 0 43 0
1534474800 43 0 43 0
1534473000 43 0 43 0
1534471200 43 0 43 0
1534469400 43 0 43 0
1534467600 43 0 43 0
1534465800 43 0 43 0
1534464000 43 0 43 0
1534462200 43 0 43 0
1534460400 43 0 43 0
1534458600 43 0 43 0
1534456800 43 0 43 0
1534455000 43 0 43 0
1534453200 43 0 43 0
1534451400 43 0 43 0
1534449600 43 0 43 0
1534447800 43 0 43 0
1534446000 43 0 43 0
1534444200 42 0 43 0
1534442400 42 0 42 0
1534440600 42 0 42 0
1534438800 42 0 42 0
1534437000 42 0 42 0
1534435200 42 0 42 0
1534433400 42 0 42 0
1534431600 42 0 42 0
1534429800 42 0 42 0
1534428000 42 0 42 0
1534426200 41 0 42 0
1534424400 41 0 41 0
1534422600 41 0 41 0
1534420800 41 0 41 0
1534419000 41 0 41 0
1534417200 41 0 41 0
1534415400 41 0 41 0
1534413600 41 0 41 0
1534411800 41 0 41 0
1534410000 41 0 41 0
1534408200 41 0 41 0
1534406400 41 0 41 0
1534404600 41 0 41 0
1534402800 41 0 41 0
1534401000 41 0 41 0
1534399200 41 0 41 0
1534392000 41 0 42 0
1534384800 41 0 41 0
1534377600 41 0 41 0
1534370400 41 0 42 0
1534363200 41 0 42 0
1534356000 41 0 42 0
1534348800 41 0 41 0
1534341600 40 0 41 0
1534334400 40 0 41 0
1534327200 40 0 40 0
1534320000 40 0 40 0
1534312800 40 0 41 0
1534305600 40 0 41 0
1534298400 41 0 41 0
1534291200 41 0 41 0
1534284000 41 0 41 0
1534276800 40 0 41 0
1534269600 39 0 40 0
1534262400 39 0 39 0
1534255200 38 0 39 0
1534248000 38 0 39 0
1534240800 38 0 39 0
1534233600 39 0 39 0
1534226400 39 0 40 0
1534219200 40 0 40 0
1534212000 39 0 40 0
1534204800 38 0 39 0
1534197600 38 0 39 0
1534190400 37 0 38 0
1534183200 36 0 37 0
1534176000 35 0 36 0
1534168800 34 0 35 0
1534161600 34 0 34 0
1534154400 34 0 34 0
1534147200 34 0 34 0
1534140000 34 0 34 0
1534132800 34 0 34 0
1534125600 34 0 35 0
1534118400 34 0 35 0
1534111200 35 0 35 0
1534104000 35 0 35 0
1534096800 35 0 35 0
1534089600 35 0 35 0
1534082400 35 0 35 0
1534075200 35 0 35 0
1534068000 35 0 36 0
1534060800 35 0 36 0
1534053600 35 0 36 0
1534046400 35 0 36 0
1534039200 35 0 36 0
1534032000 36 0 36 0
1534024800 36 0 36 0
1534017600 36 0 37 0
1534010400 37 0 37 0
1534003200 37 0 37 0
1533996000 37 0 38 0
1533988800 38 0 38 0
1533981600 38 0 38 0
1533974400 38 0 39 0
1533967200 38 0 39 0
1533960000 39 0 39 0
1533952800 39 0 39 0
1533945600 39 0 39 0
1533938400 39 0 39 0
1533931200 39 0 39 0
1533924000 39 0 40 0
1533916800 40 0 40 0
1533909600 40 0 41 0
1533902400 41 0 41 0
1533895200 41 0 42 0
1533888000 42 0 42 0
1533880800 42 0 42 0
1533873600 41 0 42 0
1533866400 41 0 41 0
1533859200 41 0 41 0
1533852000 41 0 42 0
1533844800 42 0 42 0
1533837600 41 0 42 0
1533830400 41 0 41 0
1533823200 41 0 41 0
1533816000 41 0 42 0
1533808800 41 0 41 0
1533801600 41 0 42 0
1533794400 42 0 42 0
1533787200 42 0 42 0
1533780000 41 0 42 0
1533772800 41 0 41 0
1533765600 41 0 42 0
1533758400 41 0 42 0
1533751200 41 0 42 0
1533744000 41 0 42 0
1533736800 42 0 42 0
1533729600 42 0 44 0
1533722400 43 0 44 0
1533715200 43 0 44 0
1533708000 43 0 44 0
1533700800 43 0 43 0
1533693600 43 0 43 0
1533686400 43 0 43 0
1533679200 43 0 43 0
1533672000 43 0 43 0
1533664800 42 0 43 0
1533657600 42 0 42 0
1533650400 42 0 42 0
1533643200 42 0 42 0
1533636000 42 0 42 0
1533628800 42 0 42 0
1533621600 42 0 42 0
1533614400 42 0 43 0
1533607200 42 0 43 0
1533600000 42 0 42 0
1533592800 42 0 42 0
1533585600 42 0 42 0
1533578400 41 0 42 0
1533571200 41 0 41 0
1533564000 41 0 41 0
1533556800 41 0 41 0
1533549600 40 0 41 0
1533542400 40 0 40 0
1533535200 40 0 40 0
1533528000 40 0 40 0
1533520800 40 0 40 0
1533513600 40 0 41 0
1533506400 40 0 41 0
1533499200 40 0 40 0
1533492000 40 0 40 0
1533484800 40 0 40 0
1533477600 40 0 40 0
1533470400 40 0 41 0
1533463200 41 0 41 0
1533456000 41 0 41 0
1533448800 41 0 41 0
1533441600 41 0 41 0
1533434400 41 0 41 0
1533427200 41 0 42 0
1533420000 42 0 42 0
1533412800 42 0 42 0
1533405600 42 0 42 0
1533398400 42 0 43 0
1533391200 42 0 43 0
1533384000 43 0 43 0
1533376800 43 0 44 0
1533369600 43 0 44 0
1533362400 44 0 44 0
1533355200 44 0 44 0
1533348000 44 0 44 0
1533340800 44 0 45 0
1533333600 44 0 45 0
1533326400 44 0 44 0
1533319200 44 0 44 0
1533312000 43 0 44 0
1533304800 43 0 44 0
1533297600 43 0 43 0
1533290400 42 0 43 0
1533283200 43 0 43 0
1533276000 43 0 44 0
1533268800 44 0 44 0
1533261600 44 0 44 0
1533254400 44 0 44 0
1533247200 44 0 44 0
1533240000 44 0 44 0
1533232800 43 0 44 0
1533225600 43 0 44 0
1533218400 43 0 43 0
1533211200 43 0 44 0
1533204000 43 0 43 0
1533196800 43 0 44 0
1533189600 43 0 44 0
1533182400 44 0 44 0
1533175200 44 0 44 0
1533168000 44 0 44 0
1533160800 43 0 44 0
1533153600 43 0 44 0
1533146400 43 0 44 0
1533139200 43 0 44 0
1533132000 43 0 44 0
1533124800 42 0 43 0
1533117600 42 0 43 0
1533110400 43 0 43 0
1533103200 43 0 43 0
1533096000 43 0 43 0
1533088800 43 0 43 0
1533081600 43 0 43 0
1533074400 43 0 43 0
1533067200 42 0 43 0
1533060000 41 0 42 0
1533052800 40 0 41 0
1533045600 39 0 40 0
1533038400 39 0 39 0
1533031200 39 0 39 0
1533024000 39 0 39 0
1533016800 39 0 39 0
1533009600 38 0 39 0
1533002400 38 0 38 0
1532995200 38 0 38 0
1532988000 37 0 38 0
1532980800 37 0 37 0
1532973600 36 0 37 0
1532966400 36 0 36 0
1532959200 35 0 36 0
1532952000 35 0 35 0
1532944800 34 0 35 0
1532937600 34 0 34 0
1532930400 34 0 34 0
1532923200 34 0 34 0
1532916000 34 0 34 0
1532908800 34 0 34 0
1532901600 34 0 34 0
1532894400 34 0 34 0
1532887200 34 0 34 0
1532880000 34 0 34 0
1532872800 34 0 35 0
1532865600 34 0 35 0
1532858400 34 0 35 0
1532851200 34 0 34 0
1532844000 34 0 34 0
1532836800 34 0 34 0
1532829600 34 0 34 0
1532822400 34 0 35 0
1532815200 35 0 35 0
1532808000 35 0 35 0
1532800800 35 0 36 0
1532793600 36 0 36 0
1532786400 36 0 37 0
1532779200 37 0 37 0
1532772000 37 0 37 0
1532764800 37 0 37 0
1532757600 37 0 37 0
1532750400 37 0 37 0
1532743200 37 0 37 0
1532736000 37 0 38 0
1532728800 38 0 38 0
1532721600 38 0 38 0
1532714400 38 0 38 0
1532707200 37 0 38 0
1532700000 37 0 37 0
1532692800 37 0 37 0
1532685600 37 0 38 0
1532678400 38 0 38 0
1532671200 38 0 38 0
1532664000 38 0 39 0
1532656800 38 0 39 0
1532649600 38 0 39 0
1532642400 39 0 40 0
1532635200 39 0 39 0
1532628000 38 0 39 0
1532620800 37 0 38 0
1532613600 36 0 37 0
1532606400 37 0 37 0
1532599200 37 0 38 0
1532592000 37 0 38 0
1532584800 37 0 38 0
1532577600 38 0 39 0
1532570400 38 0 39 0
1532563200 39 0 39 0
1532556000 39 0 40 0
1532548800 38 0 39 0
1532541600 38 0 38 0
1532534400 37 0 38 0
1532527200 37 0 38 0
1532520000 38 0 39 0
1532512800 38 0 39 0
1532505600 38 0 38 0
1532498400 38 0 38 0
1532491200 38 0 38 0
1532484000 37 0 38 0
1532476800 37 0 38 0
1532469600 38 0 38 0
1532462400 37 0 38 0
1532455200 36 0 37 0
1532448000 35 0 36 0
1532440800 35 0 37 0
1532433600 35 0 37 0
1532426400 35 0 35 0
1532419200 35 0 36 0
1532412000 36 0 36 0
1532404800 36 0 36 0
1532397600 35 0 36 0
1532390400 35 0 35 0
1532383200 34 0 35 0
1532376000 34 0 34 0
1532368800 34 0 34 0
1532361600 33 0 34 0
1532354400 32 0 33 0
1532347200 33 0 34 0
1532340000 34 0 34 0
1532332800 34 0 34 0
1532325600 33 0 34 0
1532318400 34 0 34 0
1532311200 34 0 34 0
1532304000 34 0 34 0
1532296800 34 0 34 0
1532289600 34 0 34 0
1532282400 34 0 35 0
1532275200 34 0 35 0
1532268000 34 0 35 0
1532260800 35 0 35 0
1532253600 35 0 36 0
1532246400 36 0 37 0
1532239200 37 0 38 0
1532232000 38 0 38 0
1532224800 38 0 39 0
1532217600 38 0 39 0
1532210400 38 0 39 0
1532203200 38 0 39 0
1532196000 39 0 39 0
1532188800 39 0 40 0
1532181600 39 0 40 0
1532174400 40 0 40 0
1532167200 40 0 41 0
1532160000 40 0 41 0
1532152800 40 0 40 0
1532145600 39 0 40 0
1532138400 39 0 39 0
1532131200 38 0 39 0
1532124000 38 0 39 0
1532116800 38 0 38 0
1532109600 38 0 39 0
1532102400 37 0 38 0
1532095200 37 0 37 0
1532088000 36 0 37 0
1532080800 36 0 36 0
1532073600 36 0 36 0
1532066400 36 0 36 0
1532059200 36 0 36 0
1532052000 35 0 36 0
1532044800 35 0 35 0
1532037600 35 0 35 0
1532030400 35 0 35 0
1532023200 34 0 35 0
1532016000 34 0 34 0
1532008800 34 0 34 0
1532001600 34 0 35 0
1531994400 35 0 35 0
1531987200 35 0 36 0
1531980000 36 0 37 0
1531972800 36 0 37 0
1531965600 37 0 37 0
1531958400 36 0 37 0
1531951200 36 0 36 0
1531944000 36 0 36 0
1531936800 36 0 36 0
1531929600 36 0 36 0
1531922400 35 0 36 0
1531915200 35 0 36 0
1531908000 36 0 36 0
1531900800 36 0 36 0
1531893600 36 0 36 0
1531886400 36 0 36 0
1531879200 35 0 36 0
1531872000 35 0 36 0
1531864800 35 0 35 0
1531857600 35 0 36 0
1531850400 36 0 36 0
1531843200 36 0 36 0
1531836000 36 0 37 0
1531828800 37 0 40 0
1531821600 39 0 39 0
1531814400 39 0 39 0
1531807200 38 0 39 0
1531800000 37 0 38 0
1531792800 36 0 37 0
1531785600 36 0 37 0
1531778400 36 0 36 0
1531771200 36 0 37 0
1531764000 36 0 36 0
1531756800 36 0 36 0
1531749600 36 0 36 0
1531742400 36 0 38 0
1531735200 38 0 39 0
1531728000 37 0 38 0
1531720800 37 0 37 0
1531713600 37 0 37 0
1531706400 37 0 38 0
1531699200 38 0 38 0
1531692000 38 0 38 0
1531684800 38 0 38 0
1531677600 38 0 38 0
1531670400 38 0 38 0
1531663200 38 0 38 0
1531656000 38 0 38 0
1531648800 38 0 38 0
1531641600 38 0 38 0
1531634400 38 0 38 0
1531627200 38 0 38 0
1531620000 38 0 38 0
1531612800 37 0 38 0
1531605600 37 0 38 0
1531598400 37 0 37 0
1531591200 37 0 38 0
1531584000 38 0 38 0
1531576800 38 0 38 0
1531569600 38 0 39 0
1531562400 39 0 39 0
1531555200 39 0 39 0
1531548000 39 0 39 0
1531540800 39 0 40 0
1531533600 38 0 39 0
1531526400 38 0 39 0
1531519200 38 0 39 0
1531512000 38 0 39 0
1531504800 38 0 38 0
1531497600 38 0 38 0
1531490400 36 0 38 0
1531483200 35 0 36 0
1531476000 35 0 35 0
1531468800 35 0 36 0
1531461600 35 0 36 0
1531454400 35 0 36 0
1531447200 35 0 36 0
1531440000 36 0 37 0
1531432800 36 0 37 0
1531425600 36 0 36 0
1531418400 36 0 36 0
1531411200 36 0 36 0
1531404000 35 0 36 0
1531396800 35 0 35 0
1531389600 35 0 35 0
1531382400 35 0 36 0
1531375200 36 0 36 0
1531368000 36 0 36 0
1531360800 36 0 36 0
1531353600 36 0 36 0
1531346400 36 0 36 0
1531339200 36 0 36 0
1531332000 36 0 36 0
1531324800 36 0 36 0
1531317600 35 0 36 0
1531310400 35 0 36 0
1531303200 36 0 36 0
1531296000 36 0 36 0
1531288800 36 0 36 0
1531281600 36 0 36 0
1531274400 35 0 36 0
1531267200 35 0 36 0
1531260000 35 0 36 0
1531252800 35 0 36 0
1531245600 36 0 38 0
1531238400 38 0 38 0
1531231200 38 0 38 0
1531224000 38 0 38 0
1531216800 38 0 38 0
1531209600 38 0 38 0
1531202400 38 0 38 0
1531195200 37 0 38 0
1531188000 36 0 37 0
1531180800 36 0 36 0
1531173600 35 0 36 0
1531166400 35 0 36 0
1531159200 34 0 35 0
1531152000 33 0 34 0
1531144800 33 0 33 0
1531137600 33 0 33 0
1531130400 33 0 33 0
1531123200 33 0 33 0
1531116000 33 0 33 0
1531108800 33 0 33 0
1531101600 33 0 34 0
1531094400 34 0 34 0
1531087200 33 0 34 0
1531080000 33 0 34 0
1531072800 33 0 33 0
1531065600 33 0 33 0
1531058400 33 0 33 0
1531051200 33 0 33 0
1531044000 33 0 33 0
1531036800 33 0 34 0
1531029600 33 0 34 0
1531022400 33 0 34 0
1531015200 34 0 34 0
1531008000 34 0 34 0
1531000800 34 0 34 0
1530993600 34 0 34 0
1530986400 34 0 34 0
1530979200 34 0 34 0
1530972000 34 0 35 0
1530964800 35 0 35 0
1530957600 35 0 35 0
1530950400 35 0 36 0
1530943200 36 0 36 0
1530936000 36 0 37 0
1530928800 37 0 37 0
1530921600 37 0 38 0
1530914400 38 0 39 0
1530907200 39 0 39 0
1530900000 39 0 40 0
1530892800 40 0 41 0
1530885600 41 0 42 0
1530878400 42 0 42 0
1530871200 42 0 43 0
1530864000 43 0 44 0
1530856800 44 0 44 0
1530849600 43 0 44 0
1530842400 42 0 44 0
1530835200 42 0 42 0
1530828000 42 0 42 0
1530820800 42 0 42 0
1530813600 41 0 42 0
1530806400 41 0 41 0
1530799200 40 0 41 0
1530792000 41 0 41 0
1530784800 41 0 41 0
1530777600 41 0 41 0
1530770400 40 0 41 0
1530763200 40 0 41 0
1530756000 39 0 40 0
1530748800 39 0 39 0
1530741600 38 0 39 0
1530734400 37 0 38 0
1530727200 37 0 38 0
1530720000 37 0 38 0
1530712800 37 0 38 0
1530705600 37 0 38 0
1530698400 37 0 38 0
1530691200 37 0 38 0
1530684000 37 0 38 0
1530676800 38 0 38 0
1530669600 37 0 38 0
1530662400 38 0 39 0
1530655200 38 0 39 0
1530648000 38 0 38 0
1530640800 38 0 39 0
1530633600 38 0 38 0
1530626400 38 0 39 0
1530619200 38 0 40 0
1530612000 40 0 40 0
1530604800 40 0 41 0
1530597600 41 0 41 0
1530590400 40 0 41 0
1530583200 39 0 40 0
1530576000 39 0 40 0
1530568800 39 0 40 0
1530561600 38 0 40 0
1530554400 37 0 38 0
1530547200 37 0 37 0
1530540000 37 0 37 0
1530532800 37 0 39 0
1530525600 38 0 39 0
1530518400 38 0 39 0
1530511200 38 0 39 0
1530504000 38 0 39 0
1530496800 39 0 40 0
1530489600 39 0 40 0
1530482400 39 0 40 0
1530475200 40 0 41 0
1530468000 40 0 40 0
1530460800 39 0 40 0
1530453600 39 0 40 0
1530446400 40 0 40 0
1530439200 40 0 40 0
1530432000 40 0 40 0
1530424800 40 0 41 0
1530417600 40 0 41 0
1530410400 40 0 41 0
1530403200 40 0 40 0
1530396000 40 0 40 0
1530388800 40 0 40 0
1530381600 39 0 40 0
1530374400 38 0 39 0
1530367200 38 0 39 0
1530360000 39 0 39 0
1530352800 39 0 39 0
1530345600 39 0 40 0
1530338400 39 0 39 0
1530331200 39 0 40 0
1530324000 39 0 40 0
1530316800 39 0 40 0
1530309600 39 0 40 0
1530302400 40 0 41 0
1530295200 39 0 41 0
1530288000 38 0 40 0
1530280800 37 0 38 0
1530273600 38 0 39 0
1530266400 38 0 39 0
1530259200 39 0 39 0
1530252000 39 0 40 0
1530244800 39 0 40 0
1530237600 39 0 39 0
1530230400 39 0 39 0
1530223200 39 0 40 0
1530216000 39 0 40 0
1530208800 38 0 39 0
1530201600 38 0 39 0
1530194400 37 0 38 0
1530187200 37 0 38 0
1530180000 37 0 37 0
1530172800 37 0 38 0
1530165600 38 0 38 0
1530158400 38 0 38 0
1530151200 37 0 38 0
1530144000 37 0 37 0
1530136800 37 0 37 0
1530129600 36 0 37 0
1530122400 35 0 36 0
1530115200 34 0 35 0
1530108000 33 0 34 0
1530100800 32 0 33 0
1530093600 32 0 32 0
1530086400 32 0 32 0
1530079200 31 0 32 0
1530057600 31 0 32 0
1529971200 32 0 34 0
1529884800 34 0 34 0
1529798400 33 0 34 0
1529712000 32 0 33 0
1529625600 33 0 35 0
1529539200 34 0 36 0
1529452800 36 0 40 0
1529366400 33 0 37 0
1529280000 32 0 33 0
1529193600 32 0 33 0
1529107200 32 0 33 0
1529020800 33 0 37 0
1528934400 33 0 37 0
1528848000 26 0 33 0
1528761600 26 0 32 0
1528675200 32 0 33 0
1528588800 33 0 35 0
1528502400 35 0 36 0
1528416000 32 0 35 0
1528329600 31 0 33 0
1528243200 30 0 32 0
1528156800 32 0 34 0
1528070400 34 0 37 0
1527984000 37 0 44 0
1527897600 42 0 44 0
1527811200 41 0 44 0
1527724800 39 0 44 0
1527638400 42 0 44 0
1527552000 36 0 42 0
1527465600 36 0 36 0
1527379200 36 0 36 0
1527292800 33 0 36 0
1527206400 33 0 36 0
1527120000 36 0 40 0
1527033600 27 0 40 0
1526947200 24 0 32 0
1526860800 29 0 32 0
1526774400 24 0 29 0
1526688000 26 0 36 0
1526601600 33 0 36 0
1526515200 23 0 34 0
1526428800 23 0 23 0
1526342400 23 0 23 0
1526256000 23 0 23 0
1526169600 23 0 23 0
1526083200 23 0 23 0
1525996800 23 0 23 0
1525910400 23 0 23 0
1525824000 23 0 23 0
1525737600 23 0 23 0
1525651200 23 0 23 0
1525564800 23 0 23 0
1525478400 23 0 23 0
1525392000 23 0 23 0
1525305600 23 0 23 0
1525219200 19 0 23 0
1525132800 20 0 25 0
1525046400 25 0 25 0
1524960000 25 0 25 0
1524873600 24 0 25 0
1524787200 24 0 32 0
1524700800 23 0 32 0
1524614400 15 0 23 0
1524528000 0 0 0 0
1524441600 0 0 0 0
1524355200 0 0 0 0
1524268800 0 0 0 0
1524182400 0 0 0 0
1524096000 0 0 0 0
1524009600 0 0 0 0
1523923200 0 0 0 0
1523836800 0 0 0 0
1523750400 0 0 0 0
1523664000 0 0 0 0
1523577600 0 0 0 0
1523491200 0 0 0 0
1523404800 0 0 0 0
1523318400 0 0 0 0
1523232000 0 0 0 0
1523145600 0 0 0 0
1523059200 0 0 0 0
1522972800 0 0 0 0
1522886400 0 0 0 0
1522800000 0 0 0 0
1522713600 0 0 0 0
1522627200 0 0 0 0
1522540800 0 0 0 0
1522454400 0 0 0 0
1522368000 0 0 0 0
1522281600 0 0 0 0
1522195200 0 0 0 0
1522108800 0 0 0 0
1522022400 0 0 0 0
1521936000 0 0 0 0
1521849600 0 0 0 0
1521763200 0 0 0 0
1521676800 0 0 0 0
1521590400 0 0 0 0
1521504000 0 0 0 0
1521417600 0 0 0 0
1521331200 0 0 0 0
1521244800 0 0 0 0
1521158400 0 0 0 0
1521072000 0 0 0 0
1520985600 0 0 0 0
1520899200 0 0 0 0
1520812800 0 0 0 0
1520726400 0 0 0 0
1520640000 0 0 0 0
1520553600 0 0 0 0
1520467200 0 0 0 0
1520380800 0 0 0 0
1520294400 0 0 0 0
1520208000 0 0 0 0
1520121600 0 0 0 0
1520035200 0 0 0 0
1519948800 0 0 0 0
1519862400 0 0 0 0
1519776000 0 0 0 0
1519689600 0 0 0 0
1519603200 0 0 0 0
1519516800 0 0 0 0
1519430400 0 0 0 0
1519344000 0 0 0 0
1519257600 0 0 0 0
1519171200 0 0 0 0
1519084800 0 0 0 0
1518998400 0 0 0 0
1518912000 0 0 0 0
1518825600 0 0 0 0
1518739200 0 0 0 0
1518652800 0 0 0 0
1518566400 0 0 0 0
1518480000 0 0 0 0
1518393600 0 0 0 0
1518307200 0 0 0 0
1518220800 0 0 0 0
1518134400 0 0 0 0
1518048000 0 0 0 0
1517961600 0 0 0 0
1517875200 0 0 0 0
1517788800 0 0 0 0
1517702400 0 0 0 0
1517616000 0 0 0 0
1517529600 0 0 0 0
1517443200 0 0 0 0
1517356800 0 0 0 0
1517270400 0 0 0 0
1517184000 0 0 0 0
1517097600 0 0 0 0
1517011200 0 0 0 0
1516924800 0 0 0 0
1516838400 0 0 0 0
1516752000 0 0 0 0
1516665600 0 0 0 0
1516579200 0 0 0 0
1516492800 0 0 0 0
1516406400 0 0 0 0
1516320000 0 0 0 0
1516233600 0 0 0 0
1516147200 0 0 0 0
1516060800 0 0 0 0
1515974400 0 0 0 0
1515888000 0 0 0 0
1515801600 0 0 0 0
1515715200 0 0 0 0
1515628800 0 0 0 0
1515542400 0 0 0 0
1515456000 0 0 0 0
1515369600 0 0 0 0
1515283200 0 0 0 0
1515196800 0 0 0 0
1515110400 0 0 0 0
1515024000 0 0 0 0
1514937600 0 0 0 0
1514851200 0 0 0 0
1514764800 0 0 0 0
1514678400 0 0 0 0
1514592000 0 0 0 0
1514505600 0 0 0 0
1514419200 0 0 0 0
1514332800 0 0 0 0
1514246400 0 0 0 0
1514160000 0 0 0 0
1514073600 0 0 0 0
1513987200 0 0 0 0
1513900800 0 0 0 0
1513814400 0 0 0 0
1513728000 0 0 0 0
1513641600 0 0 0 0
1513555200 0 0 0 0
1513468800 0 0 0 0
1513382400 0 0 0 0
1513296000 0 0 0 0
1513209600 0 0 0 0
1513123200 0 0 0 0
1513036800 0 0 0 0
1512950400 0 0 0 0
1512864000 0 0 0 0
1512777600 0 0 0 0
1512691200 0 0 0 0
1512604800 0 0 0 0
1512518400 0 0 0 0
1512432000 0 0 0 0
1512345600 0 0 0 0
1512259200 0 0 0 0
1512172800 0 0 0 0
1512086400 0 0 0 0
1512000000 0 0 0 0
1511913600 0 0 0 0
1511827200 0 0 0 0
1511740800 0 0 0 0
1511654400 0 0 0 0
1511568000 0 0 0 0
1511481600 0 0 0 0
1511395200 0 0 0 0
1511308800 0 0 0 0
1511222400 0 0 0 0
1511136000 0 0 0 0
1511049600 0 0 0 0
1510963200 0 0 0 0
1510876800 0 0 0 0
1510790400 0 0 0 0
1510704000 0 0 0 0
1510617600 0 0 0 0
1510531200 0 0 0 0
1510444800 0 0 0 0
1510358400 0 0 0 0
1510272000 0 0 0 0
1510185600 0 0 0 0
1510099200 0 0 0 0
1510012800 0 0 0 0
1509926400 0 0 0 0
1509840000 0 0 0 0
1509753600 0 0 0 0
1509667200 0 0 0 0
1509580800 0 0 0 0
1509494400 0 0 0 0
1509408000 0 0 0 0
1509321600 0 0 0 0
1509235200 0 0 0 0
1509148800 0 0 0 0
1509062400 0 0 0 0
1508976000 0 0 0 0
1508889600 0 0 0 0
1508803200 0 0 0 0
1508716800 0 0 0 0
1508630400 0 0 0 0
1508544000 0 0 0 0
1508457600 0 0 0 0
1508371200 0 0 0 0
1508284800 0 0 0 0
1508198400 0 0 0 0
1508112000 0 0 0 0
1508025600 0 0 0 0
1507939200 0 0 0 0
1507852800 0 0 0 0
1507766400 0 0 0 0
1507680000 0 0 0 0
1507593600 0 0 0 0
1507507200 0 0 0 0
1507420800 0 0 0 0
1507334400 0 0 0 0
1507248000 0 0 0 0
1507161600 0 0 0 0
1507075200 0 0 0 0
1506988800 0 0 0 0
1506902400 0 0 0 0
1506816000 0 0 0 0
1506729600 0 0 0 0
1506643200 0 0 0 0
1506556800 0 0 0 0
1506470400 0 0 0 0
1506384000 0 0 0 0
1506297600 0 0 0 0
1506211200 0 0 0 0
1506124800 0 0 0 0
1506038400 0 0 0 0
1505952000 0 0 0 0
1505865600 0 0 0 0
1505779200 0 0 0 0
1505692800 0 0 0 0
1505606400 0 0 0 0
1505520000 0 0 0 0
1505433600 0 0 0 0
1505347200 0 0 0 0
1505260800 0 0 0 0
1505174400 0 0 0 0
1505088000 0 0 0 0
1505001600 0 0 0 0
1504915200 0 0 0 0
1504828800 0 0 0 0
1504742400 0 0 0 0
1504656000 0 0 0 0
1504569600 0 0 0 0
1504483200 0 0 0 0
1504396800 0 0 0 0
1504310400 0 0 0 0
1504224000 0 0 0 0
1504137600 0 0 0 0
1504051200 0 0 0 0
1503964800 0 0 0 0
1503878400 0 0 0 0
1503792000 0 0 0 0
1503705600 0 0 0 0
1503619200 0 0 0 0
1503532800 0 0 0 0
1503446400 0 0 0 0
1503360000 0 0 0 0
1503273600 0 0 0 0
1503187200 0 0 0 0
1503100800 0 0 0 0
1503014400 0 0 0 0
1502928000 0 0 0 0
1502841600 0 0 0 0
1502755200 0 0 0 0
1502668800 0 0 0 0
1502582400 0 0 0 0
1502496000 0 0 0 0
1502409600 0 0 0 0
1502323200 0 0 0 0
1502236800 0 0 0 0
1502150400 0 0 0 0
1502064000 0 0 0 0
1501977600 0 0 0 0
1501891200 0 0 0 0
1501804800 0 0 0 0
1501718400 0 0 0 0
1501632000 0 0 0 0
1501545600 0 0 0 0
1501459200 0 0 0 0
1501372800 0 0 0 0
1501286400 0 0 0 0
1501200000 0 0 0 0
1501113600 0 0 0 0
1501027200 0 0 0 0
1500940800 0 0 0 0
1500854400 0 0 0 0
1500768000 0 0 0 0
1500681600 0 0 0 0
1500595200 0 0 0 0
1500508800 0 0 0 0
1500422400 0 0 0 0
1500336000 0 0 0 0
1500249600 0 0 0 0
1500163200 0 0 0 0
1500076800 0 0 0 0
1499990400 0 0 0 0
1499904000 0 0 0 0
1499817600 0 0 0 0
1499731200 0 0 0 0
1499644800 0 0 0 0
1499558400 0 0 0 0
1499472000 0 0 0 0
1499385600 0 0 0 0
1499299200 0 0 0 0
1499212800 0 0 0 0
1499126400 0 0 0 0
1499040000 0 0 0 0
1498953600 0 0 0 0
1498867200 0 0 0 0
1498780800 0 0 0 0
1498694400 0 0 0 0
1498608000 0 0 0 0
1498521600 0 0 0 0
1498435200 0 0 0 0
1498348800 0 0 0 0
1498262400 0 0 0 0
1498176000 0 0 0 0
1498089600 0 0 0 0
1498003200 0 0 0 0
1497916800 0 0 0 0
1497830400 0 0 0 0
1497744000 0 0 0 0
1497657600 0 0 0 0
1497571200 0 0 0 0
1497484800 0 0 0 0
1497398400 0 0 0 0
1497312000 0 0 0 0
1497225600 0 0 0 0
1497139200 0 0 0 0
1497052800 0 0 0 0
1496966400 0 0 0 0
1496880000 0 0 0 0
1496793600 0 0 0 0
1496707200 0 0 0 0
1496620800 0 0 0 0
1496534400 0 0 0 0
1496448000 0 0 0 0
1496361600 0 0 0 0
1496275200 0 0 0 0
1496188800 0 0 0 0
1496102400 0 0 0 0
1496016000 0 0 0 0
1495929600 0 0 0 0
1495843200 0 0 0 0
1495756800 0 0 0 0
1495670400 0 0 0 0
1495584000 0 0 0 0
1495497600 0 0 0 0
1495411200 0 0 0 0
1495324800 0 0 0 0
1495238400 0 0 0 0
1495152000 0 0 0 0
1495065600 0 0 0 0
1494979200 0 0 0 0
1494892800 0 0 0 0
1494806400 0 0 0 0
1494720000 0 0 0 0
1494633600 0 0 0 0
1494547200 0 0 0 0
1494460800 0 0 0 0
1494374400 0 0 0 0
1494288000 0 0 0 0
1494201600 0 0 0 0
1494115200 0 0 0 0
1494028800 0 0 0 0
1493942400 0 0 0 0
1493856000 0 0 0 0
1493769600 0 0 0 0
1493683200 0 0 0 0
1493596800 0 0 0 0
1493510400 0 0 0 0
1493424000 0 0 0 0
1493337600 0 0 0 0
1493251200 0 0 0 0
1493164800 0 0 0 0
1493078400 0 0 0 0
1492992000 0 0 0 0
1492905600 0 0 0 0
1492819200 0 0 0 0
1492732800 0 0 0 0
1492646400 0 0 0 0
1492560000 0 0 0 0
1492473600 0 0 0 0
1492387200 0 0 0 0
1492300800 0 0 0 0
1492214400 0 0 0 0
1492128000 0 0 0 0
1492041600 0 0 0 0
1491955200 0 0 0 0
1491868800 0 0 0 0
1491782400 0 0 0 0
1491696000 0 0 0 0
1491609600 0 0 0 0
1491523200 0 0 0 0
1491436800 0 0 0 0
1491350400 0 0 0 0
1491264000 0 0 0 0
1491177600 0 0 0 0
1491091200 0 0 0 0
1491004800 0 0 0 0
1490918400 0 0 0 0
1490832000 0 0 0 0
1490745600 0 0 0 0
1490659200 0 0 0 0
1490572800 0 0 0 0
1490486400 0 0 0 0
1490400000 0 0 0 0
1490313600 0 0 0 0
1490227200 0 0 0 0
1490140800 0 0 0 0
1490054400 0 0 0 0
1489968000 0 0 0 0
1489881600 0 0 0 0
1489795200 0 0 0 0
1489708800 0 0 0 0
1489622400 0 0 0 0
1489536000 0 0 0 0
1489449600 0 0 0 0
1489363200 0 0 0 0
1489276800 0 0 0 0
1489190400 0 0 0 0
1489104000 0 0 0 0
1489017600 0 0 0 0
1488931200 0 0 0 0
1488844800 0 0 0 0
1488758400 0 0 0 0
1488672000 0 0 0 0
1488585600 0 0 0 0
1488499200 0 0 0 0
1488412800 0 0 0 0
1488326400 0 0 0 0
1488240000 0 0 0 0
1488153600 0 0 0 0
1488067200 0 0 0 0
1487980800 0 0 0 0
1487894400 0 0 0 0
1487808000 0 0 0 0
1487721600 0 0 0 0
1487635200 0 0 0 0
1487548800 0 0 0 0
1487462400 0 0 0 0
1487376000 0 0 0 0
1487289600 0 0 0 0
1487203200 0 0 0 0
1487116800 0 0 0 0
1487030400 0 0 0 0
1486944000 0 0 0 0
1486857600 0 0 0 0
1486771200 0 0 0 0
1486684800 0 0 0 0
1486598400 0 0 0 0
1486512000 0 0 0 0
1486425600 0 0 0 0
1486339200 0 0 0 0
1486252800 0 0 0 0
1486166400 0 0 0 0
1486080000 0 0 0 0
1485993600 0 0 0 0
1485907200 0 0 0 0
1485820800 0 0 0 0
1485734400 0 0 0 0
1485648000 0 0 0 0
1485561600 0 0 0 0
1485475200 0 0 0 0
1485388800 0 0 0 0
1485302400 0 0 0 0
1485216000 0 0 0 0
1485129600 0 0 0 0
1485043200 0 0 0 0
1484956800 0 0 0 0
1484870400 0 0 0 0
1484784000 0 0 0 0
1484697600 0 0 0 0
1484611200 0 0 0 0
1484524800 0 0 0 0
1484438400 0 0 0 0
1484352000 0 0 0 0
1484265600 0 0 0 0
1484179200 0 0 0 0
1484092800 0 0 0 0
1484006400 0 0 0 0
1483920000 0 0 0 0
1483833600 0 0 0 0
1483747200 0 0 0 0
1483660800 0 0 0 0
1483574400 0 0 0 0
1483488000 0 0 0 0
1483401600 0 0 0 0
1483315200 0 0 0 0
1483228800 0 0 0 0
1483142400 0 0 0 0
1483056000 0 0 0 0
1482969600 0 0 0 0
1482883200 0 0 0 0
1482796800 0 0 0 0
1482710400 0 0 0 0
1482624000 0 0 0 0
1482537600 0 0 0 0
1482451200 0 0 0 0
1482364800 0 0 0 0
1482278400 0 0 0 0
1482192000 0 0 0 0
1482105600 0 0 0 0
1482019200 0 0 0 0
1481932800 0 0 0 0
1481846400 0 0 0 0
1481760000 0 0 0 0
1481673600 0 0 0 0
1481587200 0 0 0 0
1481500800 0 0 0 0
1481414400 0 0 0 0
1481328000 0 0 0 0
1481241600 0 0 0 0
1481155200 0 0 0 0
1481068800 0 0 0 0
1480982400 0 0 0 0
1480896000 0 0 0 0
1480809600 0 0 0 0
1480723200 0 0 0 0
1480636800 0 0 0 0
1480550400 0 0 0 0
1480464000 0 0 0 0
1480377600 0 0 0 0
1480291200 0 0 0 0
1480204800 0 0 0 0
1480118400 0 0 0 0
1480032000 0 0 0 0
1479945600 0 0 0 0
1479859200 0 0 0 0
1479772800 0 0 0 0
1479686400 0 0 0 0
1479600000 0 0 0 0
1479513600 0 0 0 0
1479427200 0 0 0 0
1479340800 0 0 0 0
1479254400 0 0 0 0
1479168000 0 0 0 0
1479081600 0 0 0 0
1478995200 0 0 0 0
1478908800 0 0 0 0
1478822400 0 0 0 0
1478736000 0 0 0 0
1478649600 0 0 0 0
1478563200 0 0 0 0
1478476800 0 0 0 0
1478390400 0 0 0 0
1478304000 0 0 0 0
1478217600 0 0 0 0
1478131200 0 0 0 0
1478044800 0 0 0 0
1477958400 0 0 0 0
1477872000 0 0 0 0
1477785600 0 0 0 0
1477699200 0 0 0 0
1477612800 0 0 0 0
1477526400 0 0 0 0
1477440000 0 0 0 0
1477353600 0 0 0 0
1477267200 0 0 0 0
1477180800 0 0 0 0
1477094400 0 0 0 0
1477008000 0 0 0 0
1476921600 0 0 0 0
1476835200 0 0 0 0
1476748800 0 0 0 0
1476662400 0 0 0 0
1476576000 0 0 0 0
1476489600 0 0 0 0
1476403200 0 0 0 0
1476316800 0 0 0 0
1476230400 0 0 0 0
1476144000 0 0 0 0
1476057600 0 0 0 0
1475971200 0 0 0 0
1475884800 0 0 0 0
1475798400 0 0 0 0
1475712000 0 0 0 0
1475625600 0 0 0 0
1475539200 0 0 0 0
1475452800 0 0 0 0
1475366400 0 0 0 0
1475280000 0 0 0 0
1475193600 0 0 0 0
1475107200 0 0 0 0
1475020800 0 0 0 0
1474934400 0 0 0 0
1474848000 0 0 0 0
1474761600 0 0 0 0
1474675200 0 0 0 0
1474588800 0 0 0 0
1474502400 0 0 0 0
1474416000 0 0 0 0
1474329600 0 0 0 0
1474243200 0 0 0 0
1474156800 0 0 0 0
1474070400 0 0 0 0
1473984000 0 0 0 0
1473897600 0 0 0 0
1473811200 0 0 0 0
1473724800 0 0 0 0
1473638400 0 0 0 0
1473552000 0 0 0 0
1473465600 0 0 0 0
1473379200 0 0 0 0
1473292800 0 0 0 0
1473206400 0 0 0 0
1473120000 0 0 0 0
1473033600 0 0 0 0
1472947200 0 0 0 0
1472860800 0 0 0 0
1472774400 0 0 0 0
1472688000 0 0 0 0
1472601600 0 0 0 0
1472515200 0 0 0 0
1472428800 0 0 0 0
1472342400 0 0 0 0
1472256000 0 0 0 0
1472169600 0 0 0 0
1472083200 0 0 0 0
1471996800 0 0 0 0
1471910400 0 0 0 0
1471824000 0 0 0 0
1471737600 0 0 0 0
1471651200 0 0 0 0
1471564800 0 0 0 0
1471478400 0 0 0 0
1471392000 0 0 0 0
1471305600 0 0 0 0
1471219200 0 0 0 0
1471132800 0 0 0 0
1471046400 0 0 0 0
1470960000 0 0 0 0
1470873600 0 0 0 0
1470787200 0 0 0 0
1470700800 0 0 0 0
1470614400 0 0 0 0
1470528000 0 0 0 0
1470441600 0 0 0 0
1470355200 0 0 0 0
1470268800 0 0 0 0
1470182400 0 0 0 0
1470096000 0 0 0 0
1470009600 0 0 0 0
1469923200 0 0 0 0
1469836800 0 0 0 0
1469750400 0 0 0 0
1469664000 0 0 0 0
1469577600 0 0 0 0
1469491200 0 0 0 0
1469404800 0 0 0 0
1469318400 0 0 0 0
1469232000 0 0 0 0
1469145600 0 0 0 0
1469059200 0 0 0 0
1468972800 0 0 0 0
1468886400 0 0 0 0
1468800000 0 0 0 0
1468713600 0 0 0 0
1468627200 0 0 0 0
1468540800 0 0 0 0
1468454400 0 0 0 0
1468368000 0 0 0 0
1468281600 0 0 0 0
1468195200 0 0 0 0
1468108800 0 0 0 0
1468022400 0 0 0 0
1467936000 0 0 0 0
1467849600 0 0 0 0
1467763200 0 0 0 0
1467676800 0 0 0 0
1467590400 0 0 0 0
1467504000 0 0 0 0
1467417600 0 0 0 0
1467331200 0 0 0 0
1467244800 0 0 0 0
1467158400 0 0 0 0
1467072000 0 0 0 0
1466985600 0 0 0 0
1466899200 0 0 0 0
