1540396203 28 0
1540396203 28 0 28 0
1540395902 28 0 28 0
1540395900 28 0 28 0
1540395600 28 0 28 0
1540395300 28 0 28 0
1540395000 28 0 28 0
1540394700 28 0 28 0
1540394400 28 0 28 0
1540394100 28 0 28 0
1540393800 28 0 28 0
1540393500 28 0 28 0
1540393200 28 0 28 0
1540392900 28 0 28 0
1540392600 28 0 28 0
1540392300 28 0 28 0
1540392000 28 0 28 0
1540391700 28 0 28 0
1540391400 28 0 28 0
1540391100 28 0 28 0
1540390800 28 0 28 0
1540390500 28 0 28 0
1540390200 28 0 28 0
1540389900 28 0 28 0
1540389600 28 0 28 0
1540389300 28 0 28 0
1540389000 28 0 28 0
1540388700 28 0 28 0
1540388400 28 0 28 0
1540388100 28 0 28 0
1540387800 28 0 28 0
1540387500 28 0 28 0
1540387200 28 0 28 0
1540386900 28 0 28 0
1540386600 28 0 28 0
1540386300 28 0 28 0
1540386000 28 0 28 0
1540385700 28 0 28 0
1540385400 28 0 28 0
1540385100 28 0 28 0
1540384800 28 0 28 0
1540384500 28 0 28 0
1540384200 28 0 28 0
1540383900 28 0 28 0
1540383600 28 0 28 0
1540383300 28 0 28 0
1540383000 28 0 28 0
1540382700 28 0 28 0
1540382400 28 0 28 0
1540382100 28 0 28 0
1540381800 28 0 28 0
1540381500 28 0 29 0
1540381200 29 0 29 0
1540380900 29 0 29 0
1540380600 29 0 29 0
1540380300 29 0 29 0
1540380000 29 0 29 0
1540379700 29 0 29 0
1540379400 29 0 29 0
1540379100 29 0 29 0
1540378800 29 0 29 0
1540378500 29 0 29 0
1540378200 29 0 29 0
1540377900 28 0 29 0
1540377600 28 0 28 0
1540377300 28 0 28 0
1540377000 28 0 28 0
1540376700 28 0 28 0
1540376400 28 0 28 0
1540376100 28 0 28 0
1540375800 28 0 28 0
1540375500 28 0 29 0
1540375200 29 0 29 0
1540374900 29 0 29 0
1540374600 29 0 29 0
1540374300 29 0 29 0
1540374000 29 0 29 0
1540373700 29 0 29 0
1540373400 29 0 29 0
1540373100 29 0 30 0
1540372800 30 0 30 0
1540372500 30 0 30 0
1540372200 30 0 30 0
1540371900 30 0 30 0
1540371600 30 0 30 0
1540371300 30 0 30 0
1540371000 30 0 30 0
1540370700 30 0 30 0
1540370400 30 0 30 0
1540370100 30 0 30 0
1540369800 30 0 30 0
1540369500 30 0 30 0
1540369200 30 0 30 0
1540368900 30 0 30 0
1540368600 30 0 30 0
1540368300 30 0 30 0
1540368000 30 0 30 0
1540367700 30 0 30 0
1540367400 30 0 30 0
1540367100 30 0 30 0
1540366800 30 0 30 0
1540366500 30 0 30 0
1540366200 30 0 30 0
1540365900 30 0 30 0
1540365600 30 0 30 0
1540365300 30 0 30 0
1540365000 30 0 30 0
1540364700 30 0 30 0
1540364400 30 0 30 0
1540364100 30 0 30 0
1540363800 30 0 30 0
1540363500 30 0 30 0
1540363200 30 0 30 0
1540362900 30 0 30 0
1540362600 30 0 30 0
1540362300 30 0 30 0
1540362000 30 0 30 0
1540361700 30 0 30 0
1540361400 30 0 30 0
1540361100 30 0 30 0
1540360800 30 0 30 0
1540360500 30 0 30 0
1540360200 30 0 30 0
1540359900 30 0 30 0
1540359600 30 0 30 0
1540359300 30 0 30 0
1540359000 30 0 30 0
1540358700 30 0 30 0
1540358400 30 0 30 0
1540358100 30 0 30 0
1540357800 30 0 30 0
1540357500 30 0 30 0
1540357200 30 0 30 0
1540356900 30 0 30 0
1540356600 30 0 30 0
1540356300 30 0 30 0
1540356000 30 0 30 0
1540355700 30 0 30 0
1540355400 30 0 30 0
1540355100 30 0 30 0
1540354800 30 0 30 0
1540354500 30 0 30 0
1540354200 30 0 30 0
1540353900 30 0 30 0
1540353600 30 0 30 0
1540353300 30 0 30 0
1540353000 30 0 30 0
1540352700 30 0 30 0
1540352400 30 0 30 0
1540352100 30 0 30 0
1540351800 30 0 30 0
1540351500 30 0 30 0
1540351200 30 0 30 0
1540350900 30 0 30 0
1540350600 30 0 30 0
1540350300 30 0 30 0
1540350000 30 0 30 0
1540349700 30 0 30 0
1540349400 30 0 30 0
1540349100 30 0 30 0
1540348800 30 0 30 0
1540348500 30 0 30 0
1540348200 30 0 30 0
1540347900 30 0 30 0
1540347600 30 0 30 0
1540347300 30 0 30 0
1540347000 30 0 30 0
1540346700 29 0 30 0
1540346400 29 0 29 0
1540346100 29 0 29 0
1540345800 29 0 29 0
1540345500 29 0 29 0
1540345200 29 0 29 0
1540344900 29 0 29 0
1540344600 29 0 29 0
1540344300 29 0 29 0
1540344000 29 0 29 0
1540343700 29 0 29 0
1540343400 29 0 29 0
1540343100 29 0 29 0
1540342800 29 0 29 0
1540342500 29 0 29 0
1540342200 29 0 29 0
1540341900 29 0 29 0
1540341600 29 0 29 0
1540341300 29 0 29 0
1540341000 29 0 29 0
1540340700 29 0 29 0
1540340400 29 0 29 0
1540340100 29 0 29 0
1540339800 29 0 29 0
1540339500 29 0 29 0
1540339200 29 0 29 0
1540338900 29 0 29 0
1540338600 29 0 29 0
1540338300 29 0 29 0
1540338000 29 0 29 0
1540337700 29 0 29 0
1540337400 29 0 29 0
1540337100 29 0 29 0
1540336800 29 0 29 0
1540336500 29 0 29 0
1540336200 29 0 29 0
1540335900 29 0 29 0
1540335600 29 0 29 0
1540335300 29 0 29 0
1540335000 29 0 29 0
1540334700 29 0 29 0
1540334400 29 0 29 0
1540334100 29 0 29 0
1540333800 29 0 29 0
1540333500 29 0 30 0
1540333200 30 0 30 0
1540332900 30 0 30 0
1540332600 30 0 30 0
1540332300 30 0 30 0
1540332000 30 0 30 0
1540331700 30 0 30 0
1540331400 30 0 30 0
1540331100 30 0 30 0
1540330800 30 0 30 0
1540330500 30 0 30 0
1540330200 30 0 30 0
1540329900 30 0 30 0
1540329600 30 0 30 0
1540329300 30 0 30 0
1540329000 30 0 30 0
1540328700 30 0 30 0
1540328400 30 0 30 0
1540328100 30 0 30 0
1540327800 30 0 30 0
1540327500 30 0 30 0
1540327200 30 0 30 0
1540326900 30 0 30 0
1540326600 30 0 30 0
1540326300 30 0 30 0
1540326000 30 0 30 0
1540325700 30 0 30 0
1540325400 30 0 30 0
1540325100 30 0 30 0
1540324800 30 0 30 0
1540324500 30 0 30 0
1540324200 30 0 30 0
1540323900 30 0 30 0
1540323600 30 0 30 0
1540323300 30 0 30 0
1540323000 30 0 30 0
1540322700 30 0 30 0
1540322400 30 0 30 0
1540322100 30 0 30 0
1540321800 30 0 30 0
1540321500 30 0 30 0
1540321200 30 0 30 0
1540320900 30 0 30 0
1540320600 30 0 30 0
1540320300 30 0 30 0
1540320000 30 0 30 0
1540319700 30 0 30 0
1540319400 30 0 30 0
1540319100 30 0 30 0
1540318800 30 0 30 0
1540318500 30 0 30 0
1540318200 30 0 30 0
1540317900 30 0 30 0
1540317600 30 0 30 0
1540317300 30 0 30 0
1540317000 30 0 30 0
1540316700 30 0 30 0
1540316400 30 0 30 0
1540316100 30 0 30 0
1540315800 30 0 30 0
1540315500 30 0 30 0
1540315200 30 0 30 0
1540314900 30 0 30 0
1540314600 30 0 30 0
1540314300 30 0 30 0
1540314000 30 0 30 0
1540313700 30 0 30 0
1540313400 30 0 30 0
1540313100 30 0 30 0
1540312800 30 0 30 0
1540312500 30 0 30 0
1540312200 30 0 30 0
1540311900 30 0 30 0
1540311600 30 0 30 0
1540311300 30 0 30 0
1540311000 30 0 30 0
1540310700 30 0 30 0
1540310400 30 0 30 0
1540310100 30 0 30 0
1540309800 30 0 30 0
1540309500 29 0 30 0
1540309200 29 0 29 0
1540308900 29 0 29 0
1540308600 29 0 29 0
1540308300 29 0 29 0
1540308000 29 0 29 0
1540307700 29 0 29 0
1540307400 29 0 29 0
1540307100 29 0 29 0
1540306800 29 0 29 0
1540306500 29 0 29 0
1540306200 29 0 29 0
1540305900 29 0 29 0
1540305600 29 0 29 0
1540305300 29 0 29 0
1540305000 29 0 29 0
1540304700 29 0 29 0
1540304400 29 0 29 0
1540304100 29 0 29 0
1540303800 29 0 29 0
1540303500 29 0 29 0
1540303200 29 0 29 0
1540302900 29 0 29 0
1540302600 29 0 29 0
1540302300 29 0 29 0
1540302000 29 0 29 0
1540301700 29 0 29 0
1540301400 29 0 29 0
1540301100 29 0 29 0
1540300800 29 0 29 0
1540300500 29 0 29 0
1540300200 29 0 29 0
1540299900 29 0 29 0
1540299600 29 0 29 0
1540299300 29 0 29 0
1540299000 29 0 29 0
1540298700 29 0 29 0
1540298400 29 0 29 0
1540298100 29 0 29 0
1540297800 29 0 29 0
1540297500 28 0 29 0
1540297200 28 0 28 0
1540296900 28 0 28 0
1540296600 28 0 28 0
1540296300 28 0 28 0
1540296000 28 0 28 0
1540295700 28 0 28 0
1540295400 28 0 28 0
1540295100 27 0 28 0
1540294800 27 0 27 0
1540294500 27 0 27 0
1540294200 27 0 27 0
1540293900 27 0 27 0
1540293600 27 0 27 0
1540293300 27 0 27 0
1540293000 27 0 27 0
1540292700 27 0 27 0
1540292400 27 0 27 0
1540292100 27 0 27 0
1540291800 27 0 27 0
1540291500 27 0 27 0
1540291200 27 0 27 0
1540290900 27 0 27 0
1540290600 27 0 27 0
1540290300 27 0 27 0
1540290000 27 0 27 0
1540289700 27 0 27 0
1540289400 27 0 27 0
1540289100 27 0 27 0
1540288800 27 0 27 0
1540288500 27 0 27 0
1540288200 27 0 27 0
1540287900 27 0 27 0
1540287600 27 0 27 0
1540287300 27 0 27 0
1540287000 27 0 27 0
1540286700 27 0 27 0
1540286400 27 0 27 0
1540286100 27 0 27 0
1540285800 27 0 27 0
1540285500 27 0 27 0
1540285200 27 0 27 0
1540284900 27 0 27 0
1540284600 27 0 27 0
1540284300 27 0 27 0
1540284000 27 0 27 0
1540283700 27 0 27 0
1540283400 27 0 27 0
1540283100 27 0 28 0
1540282800 28 0 28 0
1540282500 28 0 28 0
1540282200 28 0 28 0
1540281900 28 0 28 0
1540281600 28 0 28 0
1540281300 28 0 28 0
1540281000 28 0 28 0
1540280700 28 0 28 0
1540280400 28 0 28 0
1540280100 28 0 28 0
1540279800 28 0 28 0
1540279500 28 0 28 0
1540279200 28 0 28 0
1540278900 28 0 28 0
1540278600 28 0 28 0
1540278300 28 0 28 0
1540278000 28 0 28 0
1540277700 28 0 28 0
1540277400 28 0 28 0
1540277100 28 0 28 0
1540276800 28 0 28 0
1540276500 28 0 28 0
1540276200 28 0 28 0
1540275900 28 0 28 0
1540275600 28 0 28 0
1540275300 28 0 28 0
1540275000 28 0 28 0
1540274700 28 0 28 0
1540274400 28 0 28 0
1540274100 28 0 28 0
1540273800 28 0 28 0
1540273500 28 0 28 0
1540273200 28 0 28 0
1540272900 28 0 28 0
1540272600 28 0 28 0
1540272300 28 0 28 0
1540272000 28 0 28 0
1540271700 28 0 28 0
1540271400 28 0 28 0
1540271100 28 0 28 0
1540270800 28 0 28 0
1540270500 28 0 28 0
1540270200 28 0 28 0
1540269900 28 0 28 0
1540269600 28 0 28 0
1540269300 28 0 28 0
1540269000 28 0 28 0
1540268700 28 0 28 0
1540268400 28 0 28 0
1540268100 28 0 28 0
1540267800 28 0 28 0
1540267500 28 0 28 0
1540267200 28 0 28 0
1540266900 28 0 28 0
1540266600 28 0 28 0
1540266300 28 0 28 0
1540266000 28 0 28 0
1540265700 28 0 28 0
1540265400 28 0 28 0
1540265100 28 0 28 0
1540264800 28 0 28 0
1540264500 28 0 28 0
1540264200 28 0 28 0
1540263900 28 0 28 0
1540263600 28 0 28 0
1540263300 28 0 28 0
1540263000 28 0 28 0
1540262700 28 0 28 0
1540262400 28 0 28 0
1540262100 28 0 28 0
1540261800 28 0 28 0
1540261500 28 0 28 0
1540261200 28 0 28 0
1540260900 28 0 28 0
1540260600 28 0 28 0
1540260300 28 0 28 0
1540260000 28 0 28 0
1540259700 28 0 28 0
1540259400 28 0 28 0
1540259100 28 0 28 0
1540258800 28 0 28 0
1540258500 28 0 28 0
1540258200 28 0 28 0
1540257900 28 0 28 0
1540257600 28 0 28 0
1540257300 28 0 28 0
1540257000 28 0 28 0
1540256700 28 0 28 0
1540256400 28 0 28 0
1540256100 28 0 28 0
1540255800 28 0 28 0
1540255500 28 0 28 0
1540255200 28 0 28 0
1540254900 28 0 28 0
1540254600 28 0 28 0
1540254300 27 0 28 0
1540254000 27 0 27 0
1540253700 27 0 27 0
1540253400 27 0 27 0
1540253100 27 0 27 0
1540252800 27 0 27 0
1540252500 27 0 27 0
1540252200 27 0 27 0
1540251900 27 0 27 0
1540251600 27 0 27 0
1540251300 27 0 27 0
1540251000 27 0 27 0
1540250700 27 0 27 0
1540250400 27 0 27 0
1540250100 27 0 27 0
1540249800 27 0 27 0
1540249500 27 0 27 0
1540249200 27 0 27 0
1540248900 27 0 27 0
1540248600 27 0 27 0
1540248300 27 0 27 0
1540248000 27 0 27 0
1540247700 27 0 27 0
1540247400 27 0 27 0
1540247100 27 0 27 0
1540246800 27 0 27 0
1540246500 27 0 27 0
1540246200 27 0 27 0
1540245900 27 0 27 0
1540245600 27 0 27 0
1540245300 27 0 27 0
1540245000 27 0 27 0
1540244700 27 0 27 0
1540244400 27 0 27 0
1540244100 27 0 27 0
1540243800 27 0 27 0
1540243500 27 0 27 0
1540243200 27 0 27 0
1540242900 27 0 27 0
1540242600 27 0 27 0
1540242300 27 0 27 0
1540242000 27 0 27 0
1540241700 27 0 27 0
1540241400 27 0 27 0
1540241100 27 0 27 0
1540240800 27 0 27 0
1540240500 27 0 27 0
1540240200 27 0 27 0
1540239900 26 0 27 0
1540239600 26 0 26 0
1540239300 26 0 26 0
1540239000 26 0 26 0
1540238700 26 0 26 0
1540238400 26 0 26 0
1540238100 26 0 26 0
1540237800 26 0 26 0
1540237500 26 0 26 0
1540237200 26 0 26 0
1540236900 26 0 26 0
1540236600 26 0 26 0
1540236300 26 0 26 0
1540236000 26 0 26 0
1540235700 26 0 26 0
1540235400 26 0 26 0
1540235100 26 0 26 0
1540234800 26 0 26 0
1540234500 26 0 26 0
1540234200 26 0 26 0
1540233900 26 0 27 0
1540233600 27 0 27 0
1540233300 27 0 27 0
1540233000 27 0 27 0
1540232700 27 0 27 0
1540232400 27 0 27 0
1540232100 27 0 27 0
1540231800 27 0 27 0
1540231500 26 0 27 0
1540231200 26 0 26 0
1540230900 26 0 26 0
1540230600 26 0 26 0
1540230300 26 0 26 0
1540230000 26 0 26 0
1540229700 26 0 26 0
1540229400 26 0 26 0
1540229100 26 0 26 0
1540228800 26 0 26 0
1540228500 26 0 26 0
1540228200 26 0 26 0
1540227900 26 0 26 0
1540227600 26 0 26 0
1540227300 26 0 26 0
1540227000 26 0 26 0
1540226700 26 0 26 0
1540226400 26 0 26 0
1540226100 26 0 26 0
1540225800 26 0 26 0
1540225500 26 0 26 0
1540225200 26 0 26 0
1540224900 26 0 26 0
1540224600 26 0 26 0
1540224300 26 0 26 0
1540224000 26 0 26 0
1540223700 26 0 26 0
1540223400 26 0 26 0
1540223100 26 0 26 0
1540222800 26 0 26 0
1540222500 26 0 26 0
1540222200 26 0 26 0
1540221900 26 0 26 0
1540221600 26 0 26 0
1540221300 26 0 26 0
1540221000 26 0 26 0
1540220700 26 0 26 0
1540220400 26 0 26 0
1540220100 26 0 26 0
1540219800 26 0 26 0
1540219500 26 0 26 0
1540219200 26 0 26 0
1540218900 26 0 26 0
1540218600 26 0 26 0
1540218300 26 0 26 0
1540218000 26 0 26 0
1540217700 26 0 26 0
1540217400 26 0 26 0
1540217100 26 0 26 0
1540216800 26 0 26 0
1540216500 26 0 26 0
1540216200 26 0 26 0
1540215000 26 0 26 0
1540213200 26 0 26 0
1540211400 25 0 26 0
1540209600 25 0 25 0
1540207800 25 0 25 0
1540206000 25 0 25 0
1540204200 25 0 26 0
1540202400 26 0 26 0
1540200600 26 0 27 0
1540198800 27 0 27 0
1540197000 27 0 27 0
1540195200 27 0 27 0
1540193400 27 0 27 0
1540191600 27 0 27 0
1540189800 27 0 27 0
1540188000 27 0 27 0
1540186200 27 0 27 0
1540184400 27 0 27 0
1540182600 27 0 27 0
1540180800 27 0 27 0
1540179000 27 0 27 0
1540177200 27 0 27 0
1540175400 27 0 27 0
1540173600 27 0 27 0
1540171800 27 0 27 0
1540170000 27 0 27 0
1540168200 27 0 27 0
1540166400 27 0 27 0
1540164600 27 0 27 0
1540162800 27 0 27 0
1540161000 27 0 27 0
1540159200 27 0 27 0
1540157400 27 0 27 0
1540155600 27 0 27 0
1540153800 27 0 27 0
1540152000 27 0 27 0
1540150200 27 0 27 0
1540148400 27 0 27 0
1540146600 27 0 27 0
1540144800 27 0 27 0
1540143000 27 0 27 0
1540141200 27 0 27 0
1540139400 27 0 27 0
1540137600 27 0 27 0
1540135800 27 0 27 0
1540134000 27 0 27 0
1540132200 27 0 28 0
1540130400 28 0 28 0
1540128600 28 0 28 0
1540126800 28 0 28 0
1540125000 28 0 28 0
1540123200 28 0 28 0
1540121400 28 0 28 0
1540119600 28 0 28 0
1540117800 28 0 28 0
1540116000 28 0 28 0
1540114200 28 0 28 0
1540112400 28 0 28 0
1540110600 28 0 28 0
1540108800 28 0 28 0
1540107000 28 0 28 0
1540105200 28 0 28 0
1540103400 28 0 28 0
1540101600 28 0 28 0
1540099800 28 0 28 0
1540098000 28 0 28 0
1540096200 28 0 28 0
1540094400 28 0 28 0
1540092600 28 0 28 0
1540090800 28 0 28 0
1540089000 28 0 28 0
1540087200 28 0 28 0
1540085400 28 0 28 0
1540083600 28 0 28 0
1540081800 28 0 28 0
1540080000 28 0 28 0
1540078200 28 0 28 0
1540076400 28 0 28 0
1540074600 28 0 28 0
1540072800 28 0 28 0
1540071000 28 0 28 0
1540069200 28 0 28 0
1540067400 28 0 28 0
1540065600 28 0 28 0
1540063800 28 0 28 0
1540062000 28 0 28 0
1540060200 28 0 28 0
1540058400 28 0 28 0
1540056600 28 0 28 0
1540054800 28 0 28 0
1540053000 28 0 28 0
1540051200 28 0 28 0
1540049400 28 0 28 0
1540047600 28 0 28 0
1540045800 28 0 28 0
1540044000 28 0 28 0
1540042200 28 0 28 0
1540040400 28 0 28 0
1540038600 28 0 28 0
1540036800 28 0 28 0
1540035000 28 0 28 0
1540033200 28 0 28 0
1540031400 28 0 28 0
1540029600 28 0 28 0
1540027800 28 0 28 0
1540026000 28 0 28 0
1540024200 28 0 28 0
1540022400 28 0 29 0
1540020600 29 0 29 0
1540018800 29 0 29 0
1540017000 29 0 29 0
1540015200 29 0 29 0
1540013400 29 0 29 0
1540011600 29 0 29 0
1540009800 29 0 29 0
1540008000 29 0 29 0
1540006200 29 0 29 0
1540004400 29 0 29 0
1540002600 29 0 29 0
1540000800 29 0 29 0
1539999000 29 0 29 0
1539997200 29 0 29 0
1539995400 29 0 29 0
1539993600 29 0 29 0
1539991800 29 0 29 0
1539990000 29 0 29 0
1539988200 29 0 29 0
1539986400 29 0 29 0
1539984600 29 0 29 0
1539982800 29 0 29 0
1539981000 28 0 29 0
1539979200 28 0 28 0
1539977400 28 0 28 0
1539975600 28 0 28 0
1539973800 28 0 28 0
1539972000 27 0 28 0
1539970200 27 0 27 0
1539968400 27 0 27 0
1539966600 26 0 27 0
1539964800 26 0 26 0
1539963000 26 0 26 0
1539961200 26 0 26 0
1539959400 26 0 26 0
1539957600 26 0 26 0
1539955800 26 0 26 0
1539954000 26 0 26 0
1539952200 26 0 26 0
1539950400 26 0 26 0
1539948600 26 0 26 0
1539946800 25 0 26 0
1539945000 26 0 26 0
1539943200 26 0 26 0
1539941400 26 0 26 0
1539939600 26 0 26 0
1539937800 26 0 26 0
1539936000 26 0 26 0
1539934200 26 0 26 0
1539932400 26 0 26 0
1539930600 26 0 26 0
1539928800 26 0 26 0
1539927000 26 0 26 0
1539925200 26 0 26 0
1539923400 26 0 26 0
1539921600 26 0 26 0
1539919800 26 0 26 0
1539918000 26 0 26 0
1539916200 25 0 26 0
1539914400 25 0 25 0
1539912600 25 0 25 0
1539910800 25 0 25 0
1539909000 25 0 25 0
1539907200 25 0 25 0
1539905400 25 0 25 0
1539903600 25 0 25 0
1539901800 25 0 25 0
1539900000 25 0 25 0
1539898200 24 0 25 0
1539896400 24 0 24 0
1539894600 24 0 24 0
1539892800 24 0 24 0
1539891000 24 0 24 0
1539889200 24 0 24 0
1539887400 24 0 26 0
1539885600 26 0 27 0
1539883800 27 0 27 0
1539882000 27 0 27 0
1539880200 27 0 27 0
1539878400 27 0 27 0
1539876600 27 0 27 0
1539874800 27 0 27 0
1539873000 27 0 27 0
1539871200 27 0 27 0
1539869400 27 0 27 0
1539867600 27 0 27 0
1539865800 27 0 28 0
1539864000 28 0 28 0
1539862200 28 0 28 0
1539860400 28 0 28 0
1539858600 28 0 28 0
1539856800 28 0 28 0
1539855000 28 0 28 0
1539853200 28 0 28 0
1539851400 28 0 28 0
1539849600 28 0 28 0
1539847800 28 0 28 0
1539846000 28 0 28 0
1539844200 28 0 28 0
1539842400 28 0 28 0
1539840600 28 0 28 0
1539838800 28 0 28 0
1539837000 28 0 28 0
1539835200 28 0 28 0
1539833400 28 0 28 0
1539831600 28 0 28 0
1539829800 28 0 28 0
1539828000 28 0 28 0
1539826200 28 0 28 0
1539824400 28 0 28 0
1539822600 28 0 28 0
1539820800 28 0 28 0
1539819000 28 0 28 0
1539817200 28 0 28 0
1539815400 28 0 29 0
1539813600 29 0 29 0
1539811800 29 0 29 0
1539810000 29 0 29 0
1539808200 29 0 29 0
1539806400 29 0 29 0
1539804600 29 0 29 0
1539802800 29 0 29 0
1539801000 29 0 29 0
1539799200 29 0 29 0
1539797400 29 0 29 0
1539795600 29 0 29 0
1539793800 29 0 29 0
1539792000 29 0 29 0
1539790200 29 0 29 0
1539788400 29 0 29 0
1539786600 29 0 29 0
1539784800 29 0 29 0
1539783000 29 0 29 0
1539781200 29 0 29 0
1539779400 29 0 29 0
1539777600 29 0 29 0
1539775800 29 0 29 0
1539774000 29 0 29 0
1539772200 29 0 29 0
1539770400 29 0 29 0
1539768600 29 0 29 0
1539766800 29 0 29 0
1539765000 29 0 29 0
1539763200 29 0 29 0
1539761400 29 0 29 0
1539759600 29 0 29 0
1539757800 29 0 29 0
1539756000 29 0 29 0
1539754200 29 0 29 0
1539752400 29 0 29 0
1539750600 29 0 29 0
1539748800 29 0 29 0
1539747000 29 0 29 0
1539745200 29 0 29 0
1539743400 29 0 29 0
1539741600 29 0 29 0
1539739800 29 0 29 0
1539738000 29 0 29 0
1539736200 29 0 29 0
1539734400 29 0 29 0
1539732600 29 0 29 0
1539730800 29 0 29 0
1539729000 29 0 29 0
1539727200 29 0 29 0
1539725400 29 0 29 0
1539723600 29 0 29 0
1539721800 29 0 29 0
1539720000 29 0 29 0
1539718200 29 0 29 0
1539716400 29 0 29 0
1539714600 29 0 29 0
1539712800 29 0 29 0
1539711000 29 0 29 0
1539709200 29 0 29 0
1539707400 29 0 29 0
1539705600 29 0 30 0
1539703800 30 0 30 0
1539702000 30 0 30 0
1539700200 30 0 30 0
1539698400 30 0 30 0
1539696600 30 0 30 0
1539694800 30 0 31 0
1539693000 31 0 31 0
1539691200 31 0 31 0
1539689400 31 0 31 0
1539687600 31 0 32 0
1539685800 32 0 32 0
1539684000 32 0 32 0
1539682200 32 0 32 0
1539680400 32 0 32 0
1539678600 32 0 32 0
1539676800 32 0 32 0
1539675000 32 0 32 0
1539673200 32 0 32 0
1539671400 32 0 32 0
1539669600 32 0 32 0
1539667800 32 0 32 0
1539666000 32 0 32 0
1539664200 32 0 33 0
1539662400 32 0 33 0
1539660600 32 0 33 0
1539658800 33 0 33 0
1539657000 32 0 33 0
1539655200 33 0 33 0
1539653400 33 0 33 0
1539651600 33 0 33 0
1539649800 33 0 34 0
1539648000 34 0 34 0
1539646200 34 0 35 0
1539644400 35 0 35 0
1539642600 35 0 36 0
1539640800 36 0 36 0
1539639000 36 0 37 0
1539637200 37 0 37 0
1539635400 37 0 37 0
1539633600 37 0 37 0
1539631800 37 0 38 0
1539630000 37 0 38 0
1539628200 37 0 38 0
1539626400 37 0 37 0
1539624600 37 0 37 0
1539622800 37 0 37 0
1539621000 36 0 37 0
1539619200 36 0 36 0
1539617400 35 0 36 0
1539615600 34 0 35 0
1539613800 32 0 34 0
1539612000 32 0 32 0
1539610200 31 0 32 0
1539608400 31 0 31 0
1539606600 31 0 31 0
1539604800 31 0 31 0
1539603000 31 0 31 0
1539601200 31 0 31 0
1539599400 30 0 31 0
1539597600 30 0 30 0
1539595800 30 0 30 0
1539594000 30 0 30 0
1539592200 30 0 30 0
1539590400 30 0 30 0
1539588600 30 0 30 0
1539586800 30 0 30 0
1539585000 30 0 30 0
1539583200 30 0 30 0
1539581400 30 0 30 0
1539579600 30 0 30 0
1539577800 30 0 30 0
1539576000 30 0 30 0
1539574200 30 0 30 0
1539572400 30 0 30 0
1539570600 30 0 30 0
1539568800 30 0 30 0
1539567000 30 0 30 0
1539565200 30 0 30 0
1539563400 30 0 30 0
1539561600 30 0 30 0
1539559800 30 0 30 0
1539558000 30 0 30 0
1539556200 30 0 30 0
1539554400 30 0 30 0
1539552600 30 0 30 0
1539550800 30 0 30 0
1539549000 30 0 30 0
1539547200 30 0 30 0
1539545400 30 0 30 0
1539543600 30 0 30 0
1539541800 30 0 30 0
1539540000 30 0 30 0
1539538200 30 0 30 0
1539536400 30 0 30 0
1539534600 30 0 30 0
1539532800 30 0 30 0
1539531000 30 0 30 0
1539529200 30 0 30 0
1539527400 30 0 30 0
1539525600 30 0 30 0
1539523800 30 0 30 0
1539522000 30 0 30 0
1539520200 30 0 30 0
1539518400 30 0 30 0
1539516600 30 0 30 0
1539514800 30 0 30 0
1539513000 30 0 30 0
1539511200 30 0 30 0
1539509400 30 0 30 0
1539507600 30 0 30 0
1539505800 30 0 30 0
1539504000 30 0 30 0
1539502200 30 0 30 0
1539500400 30 0 30 0
1539498600 30 0 30 0
1539496800 30 0 30 0
1539495000 30 0 30 0
1539493200 30 0 30 0
1539491400 30 0 30 0
1539489600 30 0 30 0
1539487800 30 0 30 0
1539486000 30 0 30 0
1539484200 30 0 30 0
1539482400 30 0 30 0
1539480600 30 0 30 0
1539478800 30 0 30 0
1539477000 30 0 30 0
1539475200 30 0 30 0
1539473400 30 0 30 0
1539471600 30 0 30 0
1539469800 30 0 30 0
1539468000 30 0 30 0
1539466200 30 0 30 0
1539464400 30 0 30 0
1539462600 30 0 30 0
1539460800 30 0 30 0
1539459000 30 0 30 0
1539457200 30 0 30 0
1539455400 30 0 30 0
1539453600 30 0 30 0
1539451800 30 0 30 0
1539450000 30 0 31 0
1539448200 30 0 31 0
1539446400 30 0 30 0
1539444600 30 0 31 0
1539442800 31 0 31 0
1539441000 30 0 31 0
1539439200 30 0 31 0
1539437400 31 0 31 0
1539435600 31 0 31 0
1539433800 31 0 31 0
1539432000 31 0 31 0
1539430200 31 0 31 0
1539428400 31 0 31 0
1539426600 31 0 31 0
1539424800 31 0 31 0
1539423000 31 0 31 0
1539421200 31 0 31 0
1539419400 31 0 31 0
1539417600 31 0 31 0
1539415800 31 0 31 0
1539414000 30 0 31 0
1539412200 30 0 30 0
1539410400 30 0 30 0
1539408600 30 0 30 0
1539406800 30 0 31 0
1539405000 30 0 31 0
1539403200 30 0 30 0
1539401400 30 0 30 0
1539399600 30 0 31 0
1539397800 31 0 31 0
1539396000 31 0 31 0
1539394200 31 0 31 0
1539392400 31 0 31 0
1539390600 31 0 31 0
1539388800 31 0 31 0
1539387000 31 0 31 0
1539385200 31 0 32 0
1539383400 32 0 32 0
1539381600 32 0 32 0
1539379800 32 0 32 0
1539378000 32 0 32 0
1539376200 32 0 33 0
1539374400 33 0 33 0
1539372600 33 0 33 0
1539370800 33 0 33 0
1539369000 33 0 33 0
1539367200 33 0 33 0
1539365400 33 0 34 0
1539363600 34 0 34 0
1539361800 34 0 34 0
1539360000 34 0 34 0
1539358200 34 0 35 0
1539356400 35 0 35 0
1539354600 35 0 36 0
1539352800 35 0 35 0
1539351000 35 0 36 0
1539349200 36 0 37 0
1539347400 37 0 37 0
1539345600 37 0 38 0
1539343800 38 0 39 0
1539342000 39 0 39 0
1539340200 39 0 40 0
1539338400 40 0 40 0
1539336600 40 0 40 0
1539334800 40 0 40 0
1539333000 40 0 40 0
1539331200 40 0 40 0
1539329400 40 0 40 0
1539327600 40 0 41 0
1539325800 41 0 41 0
1539324000 41 0 41 0
1539322200 41 0 41 0
1539320400 41 0 41 0
1539318600 41 0 41 0
1539316800 41 0 41 0
1539315000 41 0 41 0
1539313200 41 0 41 0
1539311400 41 0 42 0
1539309600 42 0 42 0
1539307800 42 0 42 0
1539306000 42 0 42 0
1539304200 42 0 43 0
1539302400 43 0 43 0
1539300600 43 0 43 0
1539298800 43 0 43 0
1539297000 43 0 43 0
1539295200 43 0 44 0
1539293400 44 0 44 0
1539291600 44 0 44 0
1539289800 44 0 44 0
1539288000 44 0 44 0
1539286200 44 0 44 0
1539284400 44 0 44 0
1539282600 44 0 45 0
1539280800 45 0 45 0
1539279000 45 0 45 0
1539277200 45 0 45 0
1539275400 45 0 45 0
1539273600 45 0 45 0
1539271800 45 0 45 0
1539270000 45 0 45 0
1539268200 45 0 45 0
1539266400 45 0 45 0
1539264600 45 0 45 0
1539262800 45 0 45 0
1539261000 45 0 45 0
1539259200 45 0 45 0
1539257400 45 0 45 0
1539255600 45 0 45 0
1539253800 45 0 45 0
1539252000 45 0 45 0
1539250200 45 0 46 0
1539248400 46 0 46 0
1539246600 46 0 46 0
1539244800 45 0 46 0
1539243000 45 0 45 0
1539241200 45 0 46 0
1539239400 45 0 46 0
1539237600 45 0 46 0
1539235800 45 0 46 0
1539234000 45 0 45 0
1539232200 45 0 45 0
1539230400 45 0 45 0
1539228600 45 0 45 0
1539226800 45 0 46 0
1539225000 46 0 46 0
1539223200 46 0 46 0
1539221400 45 0 46 0
1539219600 45 0 45 0
1539217800 45 0 46 0
1539216000 46 0 46 0
1539214200 46 0 46 0
1539212400 46 0 46 0
1539210600 46 0 46 0
1539208800 46 0 46 0
1539207000 46 0 46 0
1539205200 46 0 46 0
1539203400 46 0 46 0
1539201600 46 0 46 0
1539199800 46 0 46 0
1539198000 46 0 46 0
1539196200 46 0 46 0
1539194400 46 0 46 0
1539192600 45 0 46 0
1539190800 45 0 46 0
1539189000 45 0 45 0
1539187200 45 0 45 0
1539185400 45 0 45 0
1539183600 45 0 45 0
1539181800 45 0 45 0
1539180000 45 0 45 0
1539178200 45 0 45 0
1539176400 45 0 45 0
1539174600 45 0 45 0
1539172800 45 0 46 0
1539171000 46 0 46 0
1539169200 46 0 46 0
1539167400 46 0 46 0
1539165600 46 0 46 0
1539163800 46 0 46 0
1539162000 46 0 46 0
1539160200 46 0 46 0
1539158400 46 0 46 0
1539156600 46 0 46 0
1539154800 46 0 46 0
1539153000 46 0 46 0
1539151200 46 0 46 0
1539149400 46 0 46 0
1539147600 46 0 46 0
1539145800 46 0 46 0
1539144000 46 0 46 0
1539142200 46 0 46 0
1539140400 46 0 46 0
1539138600 46 0 46 0
1539136800 46 0 46 0
1539135000 46 0 46 0
1539129600 45 0 46 0
1539122400 45 0 45 0
1539115200 44 0 45 0
1539108000 43 0 44 0
1539100800 42 0 43 0
1539093600 42 0 42 0
1539086400 41 0 42 0
1539079200 41 0 41 0
1539072000 41 0 42 0
1539064800 41 0 42 0
1539057600 41 0 41 0
1539050400 40 0 41 0
1539043200 40 0 40 0
1539036000 38 0 40 0
1539028800 38 0 38 0
1539021600 37 0 38 0
1539014400 37 0 37 0
1539007200 37 0 37 0
1539000000 36 0 37 0
1538992800 37 0 37 0
1538985600 37 0 37 0
1538978400 37 0 37 0
1538971200 37 0 37 0
1538964000 37 0 37 0
1538956800 37 0 37 0
1538949600 37 0 37 0
1538942400 37 0 37 0
1538935200 37 0 37 0
1538928000 37 0 38 0
1538920800 37 0 37 0
1538913600 37 0 37 0
1538906400 37 0 37 0
1538899200 36 0 37 0
1538892000 36 0 37 0
1538884800 36 0 37 0
1538877600 36 0 37 0
1538870400 36 0 36 0
1538863200 35 0 36 0
1538856000 34 0 35 0
1538848800 34 0 35 0
1538841600 34 0 34 0
1538834400 34 0 34 0
1538827200 33 0 34 0
1538820000 33 0 33 0
1538812800 33 0 33 0
1538805600 33 0 33 0
1538798400 33 0 33 0
1538791200 33 0 34 0
1538784000 34 0 34 0
1538776800 34 0 35 0
1538769600 35 0 35 0
1538762400 35 0 35 0
1538755200 35 0 35 0
1538748000 35 0 36 0
1538740800 36 0 39 0
1538733600 39 0 39 0
1538726400 39 0 39 0
1538719200 39 0 40 0
1538712000 40 0 40 0
1538704800 40 0 42 0
1538697600 42 0 44 0
1538690400 43 0 44 0
1538683200 44 0 45 0
1538676000 45 0 46 0
1538668800 46 0 47 0
1538661600 46 0 47 0
1538654400 44 0 46 0
1538647200 44 0 45 0
1538640000 44 0 44 0
1538632800 44 0 44 0
1538625600 44 0 44 0
1538618400 43 0 44 0
1538611200 42 0 43 0
1538604000 42 0 43 0
1538596800 42 0 42 0
1538589600 41 0 42 0
1538582400 40 0 41 0
1538575200 40 0 41 0
1538568000 41 0 42 0
1538560800 41 0 41 0
1538553600 41 0 42 0
1538546400 42 0 42 0
1538539200 42 0 42 0
1538532000 42 0 42 0
1538524800 42 0 42 0
1538517600 41 0 42 0
1538510400 40 0 42 0
1538503200 39 0 40 0
1538496000 38 0 39 0
1538488800 37 0 38 0
1538481600 37 0 37 0
1538474400 37 0 38 0
1538467200 37 0 38 0
1538460000 37 0 37 0
1538452800 36 0 37 0
1538445600 36 0 36 0
1538438400 35 0 36 0
1538431200 33 0 35 0
1538424000 33 0 33 0
1538416800 33 0 34 0
1538409600 33 0 34 0
1538402400 33 0 34 0
1538395200 34 0 35 0
1538388000 34 0 35 0
1538380800 34 0 34 0
1538373600 34 0 34 0
1538366400 34 0 34 0
1538359200 34 0 34 0
1538352000 34 0 34 0
1538344800 34 0 34 0
1538337600 33 0 34 0
1538330400 33 0 33 0
1538323200 33 0 34 0
1538316000 33 0 34 0
1538308800 34 0 35 0
1538301600 35 0 35 0
1538294400 35 0 35 0
1538287200 35 0 35 0
1538280000 35 0 36 0
1538272800 36 0 38 0
1538265600 38 0 38 0
1538258400 38 0 38 0
1538251200 38 0 39 0
1538244000 38 0 39 0
1538236800 38 0 38 0
1538229600 38 0 38 0
1538222400 38 0 39 0
1538215200 39 0 39 0
1538208000 39 0 40 0
1538200800 40 0 40 0
1538193600 40 0 40 0
1538186400 40 0 40 0
1538179200 40 0 40 0
1538172000 40 0 40 0
1538164800 40 0 41 0
1538157600 40 0 41 0
1538150400 40 0 41 0
1538143200 40 0 41 0
1538136000 40 0 41 0
1538128800 40 0 40 0
1538121600 40 0 41 0
1538114400 41 0 41 0
1538107200 41 0 41 0
1538100000 40 0 41 0
1538092800 40 0 40 0
1538085600 40 0 40 0
1538078400 40 0 40 0
1538071200 39 0 40 0
1538064000 39 0 40 0
1538056800 40 0 41 0
1538049600 41 0 43 0
1538042400 42 0 43 0
1538035200 42 0 44 0
1538028000 44 0 44 0
1538020800 44 0 44 0
1538013600 44 0 45 0
1538006400 45 0 46 0
1537999200 46 0 47 0
1537992000 47 0 48 0
1537984800 48 0 49 0
1537977600 49 0 49 0
1537970400 49 0 49 0
1537963200 49 0 49 0
1537956000 48 0 49 0
1537948800 48 0 49 0
1537941600 48 0 49 0
1537934400 48 0 49 0
1537927200 48 0 48 0
1537920000 48 0 49 0
1537912800 49 0 49 0
1537905600 48 0 49 0
1537898400 47 0 48 0
1537891200 46 0 47 0
1537884000 45 0 46 0
1537876800 44 0 45 0
1537869600 45 0 45 0
1537862400 45 0 45 0
1537855200 45 0 45 0
1537848000 45 0 45 0
1537840800 44 0 45 0
1537833600 43 0 44 0
1537826400 42 0 43 0
1537819200 40 0 42 0
1537812000 39 0 40 0
1537804800 39 0 39 0
1537797600 39 0 39 0
1537790400 39 0 39 0
1537783200 39 0 39 0
1537776000 38 0 39 0
1537768800 38 0 38 0
1537761600 38 0 38 0
1537754400 38 0 38 0
1537747200 38 0 39 0
1537740000 39 0 39 0
1537732800 39 0 39 0
1537725600 39 0 39 0
1537718400 39 0 39 0
1537711200 39 0 40 0
1537704000 39 0 41 0
1537696800 40 0 41 0
1537689600 40 0 40 0
1537682400 40 0 41 0
1537675200 41 0 41 0
1537668000 41 0 42 0
1537660800 42 0 42 0
1537653600 42 0 43 0
1537646400 43 0 43 0
1537639200 43 0 45 0
1537632000 44 0 46 0
1537624800 46 0 47 0
1537617600 47 0 47 0
1537610400 47 0 47 0
1537603200 47 0 48 0
1537596000 47 0 48 0
1537588800 48 0 49 0
1537581600 49 0 49 0
1537574400 49 0 50 0
1537567200 50 0 50 0
1537560000 49 0 50 0
1537552800 48 0 49 0
1537545600 48 0 48 0
1537538400 47 0 48 0
1537531200 47 0 47 0
1537524000 47 0 47 0
1537516800 47 0 47 0
1537509600 47 0 47 0
1537502400 47 0 47 0
1537495200 47 0 47 0
1537488000 47 0 47 0
1537480800 47 0 47 0
1537473600 47 0 47 0
1537466400 46 0 47 0
1537459200 46 0 47 0
1537452000 46 0 46 0
1537444800 46 0 46 0
1537437600 46 0 46 0
1537430400 46 0 46 0
1537423200 46 0 46 0
1537416000 46 0 46 0
1537408800 46 0 46 0
1537401600 46 0 47 0
1537394400 46 0 47 0
1537387200 47 0 47 0
1537380000 46 0 47 0
1537372800 46 0 46 0
1537365600 46 0 47 0
1537358400 47 0 47 0
1537351200 47 0 47 0
1537344000 47 0 47 0
1537336800 46 0 47 0
1537329600 47 0 48 0
1537322400 48 0 48 0
1537315200 48 0 48 0
1537308000 48 0 48 0
1537300800 48 0 48 0
1537293600 48 0 48 0
1537286400 48 0 48 0
1537279200 47 0 48 0
1537272000 47 0 47 0
1537264800 47 0 47 0
1537257600 47 0 47 0
1537250400 47 0 47 0
1537243200 47 0 47 0
1537236000 47 0 48 0
1537228800 48 0 48 0
1537221600 48 0 48 0
1537214400 47 0 48 0
1537207200 46 0 47 0
1537200000 46 0 46 0
1537192800 46 0 46 0
1537185600 46 0 47 0
1537178400 46 0 47 0
1537171200 46 0 46 0
1537164000 46 0 46 0
1537156800 46 0 46 0
1537149600 46 0 47 0
1537142400 47 0 47 0
1537135200 47 0 47 0
1537128000 47 0 47 0
1537120800 47 0 47 0
1537113600 47 0 47 0
1537106400 47 0 47 0
1537099200 47 0 47 0
1537092000 47 0 48 0
1537084800 47 0 48 0
1537077600 47 0 48 0
1537070400 48 0 48 0
1537063200 48 0 48 0
1537056000 48 0 48 0
1537048800 48 0 48 0
1537041600 48 0 48 0
1537034400 48 0 48 0
1537027200 48 0 49 0
1537020000 49 0 50 0
1537012800 49 0 50 0
1537005600 49 0 50 0
1536998400 49 0 49 0
1536991200 48 0 50 0
1536984000 50 0 50 0
1536976800 50 0 50 0
1536969600 50 0 50 0
1536962400 50 0 50 0
1536955200 49 0 50 0
1536948000 48 0 49 0
1536940800 48 0 48 0
1536933600 48 0 48 0
1536926400 46 0 48 0
1536919200 46 0 47 0
1536912000 46 0 47 0
1536904800 46 0 48 0
1536897600 48 0 48 0
1536890400 48 0 48 0
1536883200 48 0 48 0
1536876000 48 0 48 0
1536868800 48 0 48 0
1536861600 47 0 48 0
1536854400 47 0 47 0
1536847200 47 0 47 0
1536840000 47 0 47 0
1536832800 47 0 47 0
1536825600 47 0 47 0
1536818400 47 0 47 0
1536811200 47 0 47 0
1536804000 47 0 47 0
1536796800 47 0 47 0
1536789600 47 0 47 0
1536782400 46 0 47 0
1536775200 46 0 46 0
1536768000 44 0 46 0
1536760800 43 0 44 0
1536753600 43 0 44 0
1536746400 44 0 45 0
1536739200 45 0 45 0
1536732000 45 0 45 0
1536724800 45 0 45 0
1536717600 45 0 45 0
1536710400 45 0 45 0
1536703200 45 0 45 0
1536696000 45 0 45 0
1536688800 44 0 45 0
1536681600 44 0 44 0
1536674400 43 0 44 0
1536667200 42 0 43 0
1536660000 42 0 43 0
1536652800 42 0 43 0
1536645600 43 0 43 0
1536638400 43 0 43 0
1536631200 43 0 44 0
1536624000 42 0 43 0
1536616800 41 0 42 0
1536609600 41 0 41 0
1536602400 41 0 41 0
1536595200 40 0 41 0
1536588000 39 0 39 0
1536580800 39 0 39 0
1536573600 39 0 39 0
1536566400 38 0 39 0
1536559200 37 0 38 0
1536552000 38 0 38 0
1536544800 38 0 39 0
1536537600 39 0 39 0
1536530400 39 0 39 0
1536523200 39 0 39 0
1536516000 39 0 39 0
1536508800 39 0 39 0
1536501600 39 0 39 0
1536494400 39 0 40 0
1536487200 39 0 40 0
1536480000 40 0 40 0
1536472800 39 0 40 0
1536465600 40 0 41 0
1536458400 40 0 40 0
1536451200 40 0 42 0
1536444000 41 0 41 0
1536436800 41 0 43 0
1536429600 43 0 44 0
1536422400 44 0 44 0
1536415200 44 0 45 0
1536408000 45 0 45 0
1536400800 45 0 46 0
1536393600 46 0 46 0
1536386400 46 0 47 0
1536379200 47 0 47 0
1536372000 47 0 47 0
1536364800 47 0 48 0
1536357600 48 0 48 0
1536350400 48 0 48 0
1536343200 47 0 48 0
1536336000 47 0 47 0
1536328800 47 0 48 0
1536321600 48 0 48 0
1536314400 48 0 48 0
1536307200 48 0 49 0
1536300000 49 0 49 0
1536292800 49 0 49 0
1536285600 49 0 50 0
1536278400 49 0 50 0
1536271200 49 0 50 0
1536264000 50 0 50 0
1536256800 49 0 50 0
1536249600 49 0 50 0
1536242400 49 0 50 0
1536235200 49 0 50 0
1536228000 50 0 50 0
1536220800 50 0 50 0
1536213600 50 0 50 0
1536206400 50 0 50 0
1536199200 50 0 50 0
1536192000 50 0 50 0
1536184800 50 0 51 0
1536177600 50 0 51 0
1536170400 49 0 50 0
1536163200 48 0 48 0
1536156000 48 0 48 0
1536148800 48 0 48 0
1536141600 48 0 48 0
1536134400 48 0 48 0
1536127200 48 0 48 0
1536120000 48 0 48 0
1536112800 48 0 48 0
1536105600 48 0 48 0
1536098400 48 0 48 0
1536091200 48 0 48 0
1536084000 48 0 48 0
1536076800 48 0 48 0
1536069600 48 0 48 0
1536062400 48 0 48 0
1536055200 48 0 48 0
1536048000 48 0 48 0
1536040800 48 0 48 0
1536033600 48 0 48 0
1536026400 48 0 48 0
1536019200 48 0 48 0
1536012000 48 0 48 0
1536004800 48 0 48 0
1535997600 48 0 48 0
1535990400 48 0 48 0
1535983200 48 0 48 0
1535976000 48 0 48 0
1535968800 48 0 48 0
1535961600 48 0 48 0
1535954400 48 0 48 0
1535947200 48 0 48 0
1535940000 48 0 48 0
1535932800 48 0 48 0
1535925600 48 0 48 0
1535918400 48 0 48 0
1535911200 48 0 48 0
1535904000 48 0 48 0
1535896800 48 0 48 0
1535889600 48 0 48 0
1535882400 48 0 48 0
1535875200 48 0 48 0
1535868000 48 0 48 0
1535860800 48 0 48 0
1535853600 48 0 48 0
1535846400 48 0 48 0
1535839200 48 0 48 0
1535832000 48 0 48 0
1535824800 48 0 48 0
1535817600 48 0 48 0
1535810400 48 0 48 0
1535803200 48 0 50 0
1535796000 50 0 50 0
1535788800 50 0 50 0
1535781600 50 0 50 0
1535774400 50 0 50 0
1535767200 50 0 50 0
1535760000 50 0 50 0
1535752800 50 0 50 0
1535745600 50 0 50 0
1535738400 49 0 50 0
1535731200 49 0 53 0
1535724000 53 0 53 0
1535716800 53 0 53 0
1535709600 53 0 53 0
1535702400 53 0 53 0
1535695200 53 0 53 0
1535688000 53 0 53 0
1535680800 53 0 53 0
1535673600 53 0 53 0
1535666400 53 0 53 0
1535659200 53 0 53 0
1535652000 53 0 53 0
1535644800 53 0 53 0
1535637600 53 0 53 0
1535630400 53 0 53 0
1535623200 53 0 54 0
1535616000 54 0 54 0
1535608800 54 0 54 0
1535601600 54 0 54 0
1535594400 54 0 54 0
1535587200 54 0 54 0
1535580000 54 0 54 0
1535572800 54 0 54 0
1535565600 54 0 54 0
1535558400 54 0 54 0
1535551200 54 0 54 0
1535544000 54 0 54 0
1535536800 54 0 54 0
1535529600 54 0 54 0
1535522400 53 0 54 0
1535515200 53 0 53 0
1535508000 53 0 53 0
1535500800 53 0 54 0
1535493600 54 0 54 0
1535486400 54 0 54 0
1535479200 53 0 54 0
1535472000 52 0 53 0
1535464800 52 0 53 0
1535457600 53 0 53 0
1535450400 52 0 53 0
1535443200 52 0 53 0
1535436000 52 0 52 0
1535428800 51 0 52 0
1535421600 51 0 52 0
1535414400 51 0 52 0
1535407200 50 0 51 0
1535400000 50 0 50 0
1535392800 49 0 50 0
1535385600 49 0 49 0
1535378400 48 0 49 0
1535371200 48 0 48 0
1535364000 48 0 48 0
1535356800 48 0 48 0
1535349600 48 0 48 0
1535342400 48 0 48 0
1535335200 48 0 48 0
1535328000 48 0 48 0
1535320800 48 0 48 0
1535313600 48 0 48 0
1535306400 48 0 48 0
1535299200 48 0 48 0
1535292000 48 0 48 0
1535284800 48 0 48 0
1535277600 48 0 48 0
1535270400 48 0 48 0
1535263200 48 0 48 0
1535256000 48 0 48 0
1535248800 48 0 48 0
1535241600 48 0 48 0
1535234400 48 0 48 0
1535227200 47 0 48 0
1535220000 47 0 47 0
1535212800 47 0 48 0
1535205600 48 0 48 0
1535198400 48 0 48 0
1535191200 48 0 48 0
1535184000 48 0 48 0
1535176800 48 0 48 0
1535169600 48 0 48 0
1535162400 48 0 48 0
1535155200 48 0 48 0
1535148000 48 0 48 0
1535140800 47 0 48 0
1535133600 46 0 47 0
1535126400 46 0 46 0
1535119200 45 0 46 0
1535112000 43 0 45 0
1535104800 43 0 43 0
1535097600 43 0 43 0
1535090400 43 0 43 0
1535083200 43 0 43 0
1535076000 43 0 43 0
1535068800 43 0 44 0
1535061600 44 0 44 0
1535054400 44 0 45 0
1535047200 45 0 45 0
1535040000 45 0 46 0
1535032800 45 0 46 0
1535025600 45 0 46 0
1535018400 45 0 45 0
1535011200 45 0 45 0
1535004000 45 0 45 0
1534996800 45 0 46 0
1534989600 46 0 47 0
1534982400 47 0 48 0
1534975200 48 0 48 0
1534968000 48 0 48 0
1534960800 48 0 48 0
1534953600 48 0 48 0
1534946400 47 0 48 0
1534939200 47 0 48 0
1534932000 48 0 49 0
1534924800 48 0 49 0
1534917600 48 0 49 0
1534910400 49 0 50 0
1534903200 49 0 49 0
1534896000 49 0 49 0
1534888800 49 0 49 0
1534881600 49 0 49 0
1534874400 49 0 49 0
1534867200 49 0 49 0
1534860000 49 0 49 0
1534852800 48 0 49 0
1534845600 48 0 49 0
1534838400 48 0 49 0
1534831200 48 0 48 0
1534824000 48 0 49 0
1534816800 48 0 49 0
1534809600 45 0 48 0
1534723200 45 0 49 0
1534636800 49 0 52 0
1534550400 51 0 52 0
1534464000 49 0 51 0
1534377600 49 0 50 0
1534291200 48 0 49 0
1534204800 45 0 48 0
1534118400 45 0 46 0
1534032000 46 0 49 0
1533945600 48 0 51 0
1533859200 50 0 51 0
1533772800 50 0 52 0
1533686400 51 0 51 0
1533600000 48 0 51 0
1533513600 49 0 51 0
1533427200 51 0 53 0
1533340800 51 0 53 0
1533254400 52 0 53 0
1533168000 51 0 52 0
1533081600 47 0 51 0
1532995200 44 0 47 0
1532908800 44 0 45 0
1532822400 45 0 47 0
1532736000 46 0 47 0
1532649600 46 0 48 0
1532563200 46 0 48 0
1532476800 44 0 46 0
1532390400 42 0 44 0
1532304000 44 0 47 0
1532217600 47 0 48 0
1532131200 44 0 47 0
1532044800 44 0 46 0
1531958400 45 0 46 0
1531872000 45 0 48 0
1531785600 46 0 48 0
1531699200 47 0 47 0
1531612800 47 0 48 0
1531526400 45 0 47 0
1531440000 45 0 46 0
1531353600 45 0 46 0
1531267200 45 0 47 0
1531180800 42 0 46 0
1531094400 43 0 44 0
1531008000 44 0 47 0
1530921600 47 0 53 0
1530835200 48 0 50 0
1530748800 48 0 48 0
1530662400 48 0 49 0
1530576000 46 0 49 0
1530489600 48 0 49 0
1530403200 47 0 49 0
1530316800 47 0 49 0
1530230400 46 0 48 0
1530144000 39 0 47 0
1530057600 38 0 40 0
1529971200 39 0 43 0
1529884800 43 0 44 0
1529798400 42 0 44 0
1529712000 40 0 42 0
1529625600 41 0 44 0
1529539200 43 0 45 0
1529452800 45 0 48 0
1529366400 41 0 47 0
1529280000 41 0 43 0
1529193600 40 0 41 0
1529107200 40 0 42 0
1529020800 41 0 46 0
1528934400 42 0 47 0
1528848000 32 0 42 0
1528761600 32 0 39 0
1528675200 39 0 42 0
1528588800 42 0 44 0
1528502400 44 0 45 0
1528416000 40 0 44 0
1528329600 37 0 40 0
1528243200 37 0 41 0
1528156800 41 0 44 0
1528070400 43 0 47 0
1527984000 47 0 53 0
1527897600 51 0 53 0
1527811200 48 0 53 0
1527724800 45 0 49 0
1527638400 47 0 49 0
1527552000 42 0 47 0
1527465600 41 0 43 0
1527379200 41 0 42 0
1527292800 38 0 42 0
1527206400 42 0 46 0
1527120000 46 0 47 0
1527033600 34 0 47 0
1526947200 29 0 37 0
1526860800 33 0 38 0
1526774400 29 0 33 0
1526688000 32 0 45 0
1526601600 42 0 45 0
1526515200 25 0 44 0
1526428800 23 0 23 0
1526342400 23 0 23 0
1526256000 23 0 23 0
1526169600 23 0 23 0
1526083200 23 0 23 0
1525996800 23 0 23 0
1525910400 23 0 23 0
1525824000 23 0 23 0
1525737600 23 0 23 0
1525651200 23 0 23 0
1525564800 23 0 23 0
1525478400 23 0 23 0
1525392000 23 0 23 0
1525305600 23 0 23 0
1525219200 18 0 23 0
1525132800 24 0 29 0
1525046400 29 0 29 0
1524960000 29 0 29 0
1524873600 29 0 29 0
1524787200 29 0 34 0
1524700800 29 0 36 0
1524614400 17 0 29 0
1524528000 0 0 0 0
1524441600 0 0 0 0
1524355200 0 0 0 0
1524268800 0 0 0 0
1524182400 0 0 0 0
1524096000 0 0 0 0
1524009600 0 0 0 0
1523923200 0 0 0 0
1523836800 0 0 0 0
1523750400 0 0 0 0
1523664000 0 0 0 0
1523577600 0 0 0 0
1523491200 0 0 0 0
1523404800 0 0 0 0
1523318400 0 0 0 0
1523232000 0 0 0 0
1523145600 0 0 0 0
1523059200 0 0 0 0
1522972800 0 0 0 0
1522886400 0 0 0 0
1522800000 0 0 0 0
1522713600 0 0 0 0
1522627200 0 0 0 0
1522540800 0 0 0 0
1522454400 0 0 0 0
1522368000 0 0 0 0
1522281600 0 0 0 0
1522195200 0 0 0 0
1522108800 0 0 0 0
1522022400 0 0 0 0
1521936000 0 0 0 0
1521849600 0 0 0 0
1521763200 0 0 0 0
1521676800 0 0 0 0
1521590400 0 0 0 0
1521504000 0 0 0 0
1521417600 0 0 0 0
1521331200 0 0 0 0
1521244800 0 0 0 0
1521158400 0 0 0 0
1521072000 0 0 0 0
1520985600 0 0 0 0
1520899200 0 0 0 0
1520812800 0 0 0 0
1520726400 0 0 0 0
1520640000 0 0 0 0
1520553600 0 0 0 0
1520467200 0 0 0 0
1520380800 0 0 0 0
1520294400 0 0 0 0
1520208000 0 0 0 0
1520121600 0 0 0 0
1520035200 0 0 0 0
1519948800 0 0 0 0
1519862400 0 0 0 0
1519776000 0 0 0 0
1519689600 0 0 0 0
1519603200 0 0 0 0
1519516800 0 0 0 0
1519430400 0 0 0 0
1519344000 0 0 0 0
1519257600 0 0 0 0
1519171200 0 0 0 0
1519084800 0 0 0 0
1518998400 0 0 0 0
1518912000 0 0 0 0
1518825600 0 0 0 0
1518739200 0 0 0 0
1518652800 0 0 0 0
1518566400 0 0 0 0
1518480000 0 0 0 0
1518393600 0 0 0 0
1518307200 0 0 0 0
1518220800 0 0 0 0
1518134400 0 0 0 0
1518048000 0 0 0 0
1517961600 0 0 0 0
1517875200 0 0 0 0
1517788800 0 0 0 0
1517702400 0 0 0 0
1517616000 0 0 0 0
1517529600 0 0 0 0
1517443200 0 0 0 0
1517356800 0 0 0 0
1517270400 0 0 0 0
1517184000 0 0 0 0
1517097600 0 0 0 0
1517011200 0 0 0 0
1516924800 0 0 0 0
1516838400 0 0 0 0
1516752000 0 0 0 0
1516665600 0 0 0 0
1516579200 0 0 0 0
1516492800 0 0 0 0
1516406400 0 0 0 0
1516320000 0 0 0 0
1516233600 0 0 0 0
1516147200 0 0 0 0
1516060800 0 0 0 0
1515974400 0 0 0 0
1515888000 0 0 0 0
1515801600 0 0 0 0
1515715200 0 0 0 0
1515628800 0 0 0 0
1515542400 0 0 0 0
1515456000 0 0 0 0
1515369600 0 0 0 0
1515283200 0 0 0 0
1515196800 0 0 0 0
1515110400 0 0 0 0
1515024000 0 0 0 0
1514937600 0 0 0 0
1514851200 0 0 0 0
1514764800 0 0 0 0
1514678400 0 0 0 0
1514592000 0 0 0 0
1514505600 0 0 0 0
1514419200 0 0 0 0
1514332800 0 0 0 0
1514246400 0 0 0 0
1514160000 0 0 0 0
1514073600 0 0 0 0
1513987200 0 0 0 0
1513900800 0 0 0 0
1513814400 0 0 0 0
1513728000 0 0 0 0
1513641600 0 0 0 0
1513555200 0 0 0 0
1513468800 0 0 0 0
1513382400 0 0 0 0
1513296000 0 0 0 0
1513209600 0 0 0 0
1513123200 0 0 0 0
1513036800 0 0 0 0
1512950400 0 0 0 0
1512864000 0 0 0 0
1512777600 0 0 0 0
1512691200 0 0 0 0
1512604800 0 0 0 0
1512518400 0 0 0 0
1512432000 0 0 0 0
1512345600 0 0 0 0
1512259200 0 0 0 0
1512172800 0 0 0 0
1512086400 0 0 0 0
1512000000 0 0 0 0
1511913600 0 0 0 0
1511827200 0 0 0 0
1511740800 0 0 0 0
1511654400 0 0 0 0
1511568000 0 0 0 0
1511481600 0 0 0 0
1511395200 0 0 0 0
1511308800 0 0 0 0
1511222400 0 0 0 0
1511136000 0 0 0 0
1511049600 0 0 0 0
1510963200 0 0 0 0
1510876800 0 0 0 0
1510790400 0 0 0 0
1510704000 0 0 0 0
1510617600 0 0 0 0
1510531200 0 0 0 0
1510444800 0 0 0 0
1510358400 0 0 0 0
1510272000 0 0 0 0
1510185600 0 0 0 0
1510099200 0 0 0 0
1510012800 0 0 0 0
1509926400 0 0 0 0
1509840000 0 0 0 0
1509753600 0 0 0 0
1509667200 0 0 0 0
1509580800 0 0 0 0
1509494400 0 0 0 0
1509408000 0 0 0 0
1509321600 0 0 0 0
1509235200 0 0 0 0
1509148800 0 0 0 0
1509062400 0 0 0 0
1508976000 0 0 0 0
1508889600 0 0 0 0
1508803200 0 0 0 0
1508716800 0 0 0 0
1508630400 0 0 0 0
1508544000 0 0 0 0
1508457600 0 0 0 0
1508371200 0 0 0 0
1508284800 0 0 0 0
1508198400 0 0 0 0
1508112000 0 0 0 0
1508025600 0 0 0 0
1507939200 0 0 0 0
1507852800 0 0 0 0
1507766400 0 0 0 0
1507680000 0 0 0 0
1507593600 0 0 0 0
1507507200 0 0 0 0
1507420800 0 0 0 0
1507334400 0 0 0 0
1507248000 0 0 0 0
1507161600 0 0 0 0
1507075200 0 0 0 0
1506988800 0 0 0 0
1506902400 0 0 0 0
1506816000 0 0 0 0
1506729600 0 0 0 0
1506643200 0 0 0 0
1506556800 0 0 0 0
1506470400 0 0 0 0
1506384000 0 0 0 0
1506297600 0 0 0 0
1506211200 0 0 0 0
1506124800 0 0 0 0
1506038400 0 0 0 0
1505952000 0 0 0 0
1505865600 0 0 0 0
1505779200 0 0 0 0
1505692800 0 0 0 0
1505606400 0 0 0 0
1505520000 0 0 0 0
1505433600 0 0 0 0
1505347200 0 0 0 0
1505260800 0 0 0 0
1505174400 0 0 0 0
1505088000 0 0 0 0
1505001600 0 0 0 0
1504915200 0 0 0 0
1504828800 0 0 0 0
1504742400 0 0 0 0
1504656000 0 0 0 0
1504569600 0 0 0 0
1504483200 0 0 0 0
1504396800 0 0 0 0
1504310400 0 0 0 0
1504224000 0 0 0 0
1504137600 0 0 0 0
1504051200 0 0 0 0
1503964800 0 0 0 0
1503878400 0 0 0 0
1503792000 0 0 0 0
1503705600 0 0 0 0
1503619200 0 0 0 0
1503532800 0 0 0 0
1503446400 0 0 0 0
1503360000 0 0 0 0
1503273600 0 0 0 0
1503187200 0 0 0 0
1503100800 0 0 0 0
1503014400 0 0 0 0
1502928000 0 0 0 0
1502841600 0 0 0 0
1502755200 0 0 0 0
1502668800 0 0 0 0
1502582400 0 0 0 0
1502496000 0 0 0 0
1502409600 0 0 0 0
1502323200 0 0 0 0
1502236800 0 0 0 0
1502150400 0 0 0 0
1502064000 0 0 0 0
1501977600 0 0 0 0
1501891200 0 0 0 0
1501804800 0 0 0 0
1501718400 0 0 0 0
1501632000 0 0 0 0
1501545600 0 0 0 0
1501459200 0 0 0 0
1501372800 0 0 0 0
1501286400 0 0 0 0
1501200000 0 0 0 0
1501113600 0 0 0 0
1501027200 0 0 0 0
1500940800 0 0 0 0
1500854400 0 0 0 0
1500768000 0 0 0 0
1500681600 0 0 0 0
1500595200 0 0 0 0
1500508800 0 0 0 0
1500422400 0 0 0 0
1500336000 0 0 0 0
1500249600 0 0 0 0
1500163200 0 0 0 0
1500076800 0 0 0 0
1499990400 0 0 0 0
1499904000 0 0 0 0
1499817600 0 0 0 0
1499731200 0 0 0 0
1499644800 0 0 0 0
1499558400 0 0 0 0
1499472000 0 0 0 0
1499385600 0 0 0 0
1499299200 0 0 0 0
1499212800 0 0 0 0
1499126400 0 0 0 0
1499040000 0 0 0 0
1498953600 0 0 0 0
1498867200 0 0 0 0
1498780800 0 0 0 0
1498694400 0 0 0 0
1498608000 0 0 0 0
1498521600 0 0 0 0
1498435200 0 0 0 0
1498348800 0 0 0 0
1498262400 0 0 0 0
1498176000 0 0 0 0
1498089600 0 0 0 0
1498003200 0 0 0 0
1497916800 0 0 0 0
1497830400 0 0 0 0
1497744000 0 0 0 0
1497657600 0 0 0 0
1497571200 0 0 0 0
1497484800 0 0 0 0
1497398400 0 0 0 0
1497312000 0 0 0 0
1497225600 0 0 0 0
1497139200 0 0 0 0
1497052800 0 0 0 0
1496966400 0 0 0 0
1496880000 0 0 0 0
1496793600 0 0 0 0
1496707200 0 0 0 0
1496620800 0 0 0 0
1496534400 0 0 0 0
1496448000 0 0 0 0
1496361600 0 0 0 0
1496275200 0 0 0 0
1496188800 0 0 0 0
1496102400 0 0 0 0
1496016000 0 0 0 0
1495929600 0 0 0 0
1495843200 0 0 0 0
1495756800 0 0 0 0
1495670400 0 0 0 0
1495584000 0 0 0 0
1495497600 0 0 0 0
1495411200 0 0 0 0
1495324800 0 0 0 0
1495238400 0 0 0 0
1495152000 0 0 0 0
1495065600 0 0 0 0
1494979200 0 0 0 0
1494892800 0 0 0 0
1494806400 0 0 0 0
1494720000 0 0 0 0
1494633600 0 0 0 0
1494547200 0 0 0 0
1494460800 0 0 0 0
1494374400 0 0 0 0
1494288000 0 0 0 0
1494201600 0 0 0 0
1494115200 0 0 0 0
1494028800 0 0 0 0
1493942400 0 0 0 0
1493856000 0 0 0 0
1493769600 0 0 0 0
1493683200 0 0 0 0
1493596800 0 0 0 0
1493510400 0 0 0 0
1493424000 0 0 0 0
1493337600 0 0 0 0
1493251200 0 0 0 0
1493164800 0 0 0 0
1493078400 0 0 0 0
1492992000 0 0 0 0
1492905600 0 0 0 0
1492819200 0 0 0 0
1492732800 0 0 0 0
1492646400 0 0 0 0
1492560000 0 0 0 0
1492473600 0 0 0 0
1492387200 0 0 0 0
1492300800 0 0 0 0
1492214400 0 0 0 0
1492128000 0 0 0 0
1492041600 0 0 0 0
1491955200 0 0 0 0
1491868800 0 0 0 0
1491782400 0 0 0 0
1491696000 0 0 0 0
1491609600 0 0 0 0
1491523200 0 0 0 0
1491436800 0 0 0 0
1491350400 0 0 0 0
1491264000 0 0 0 0
1491177600 0 0 0 0
1491091200 0 0 0 0
1491004800 0 0 0 0
1490918400 0 0 0 0
1490832000 0 0 0 0
1490745600 0 0 0 0
1490659200 0 0 0 0
1490572800 0 0 0 0
1490486400 0 0 0 0
1490400000 0 0 0 0
1490313600 0 0 0 0
1490227200 0 0 0 0
1490140800 0 0 0 0
1490054400 0 0 0 0
1489968000 0 0 0 0
1489881600 0 0 0 0
1489795200 0 0 0 0
1489708800 0 0 0 0
1489622400 0 0 0 0
1489536000 0 0 0 0
1489449600 0 0 0 0
1489363200 0 0 0 0
1489276800 0 0 0 0
1489190400 0 0 0 0
1489104000 0 0 0 0
1489017600 0 0 0 0
1488931200 0 0 0 0
1488844800 0 0 0 0
1488758400 0 0 0 0
1488672000 0 0 0 0
1488585600 0 0 0 0
1488499200 0 0 0 0
1488412800 0 0 0 0
1488326400 0 0 0 0
1488240000 0 0 0 0
1488153600 0 0 0 0
1488067200 0 0 0 0
1487980800 0 0 0 0
1487894400 0 0 0 0
1487808000 0 0 0 0
1487721600 0 0 0 0
1487635200 0 0 0 0
1487548800 0 0 0 0
1487462400 0 0 0 0
1487376000 0 0 0 0
1487289600 0 0 0 0
1487203200 0 0 0 0
1487116800 0 0 0 0
1487030400 0 0 0 0
1486944000 0 0 0 0
1486857600 0 0 0 0
1486771200 0 0 0 0
1486684800 0 0 0 0
1486598400 0 0 0 0
1486512000 0 0 0 0
1486425600 0 0 0 0
1486339200 0 0 0 0
1486252800 0 0 0 0
1486166400 0 0 0 0
1486080000 0 0 0 0
1485993600 0 0 0 0
1485907200 0 0 0 0
1485820800 0 0 0 0
1485734400 0 0 0 0
1485648000 0 0 0 0
1485561600 0 0 0 0
1485475200 0 0 0 0
1485388800 0 0 0 0
1485302400 0 0 0 0
1485216000 0 0 0 0
1485129600 0 0 0 0
1485043200 0 0 0 0
1484956800 0 0 0 0
1484870400 0 0 0 0
1484784000 0 0 0 0
1484697600 0 0 0 0
1484611200 0 0 0 0
1484524800 0 0 0 0
1484438400 0 0 0 0
1484352000 0 0 0 0
1484265600 0 0 0 0
1484179200 0 0 0 0
1484092800 0 0 0 0
1484006400 0 0 0 0
1483920000 0 0 0 0
1483833600 0 0 0 0
1483747200 0 0 0 0
1483660800 0 0 0 0
1483574400 0 0 0 0
1483488000 0 0 0 0
1483401600 0 0 0 0
1483315200 0 0 0 0
1483228800 0 0 0 0
1483142400 0 0 0 0
1483056000 0 0 0 0
1482969600 0 0 0 0
1482883200 0 0 0 0
1482796800 0 0 0 0
1482710400 0 0 0 0
1482624000 0 0 0 0
1482537600 0 0 0 0
1482451200 0 0 0 0
1482364800 0 0 0 0
1482278400 0 0 0 0
1482192000 0 0 0 0
1482105600 0 0 0 0
1482019200 0 0 0 0
1481932800 0 0 0 0
1481846400 0 0 0 0
1481760000 0 0 0 0
1481673600 0 0 0 0
1481587200 0 0 0 0
1481500800 0 0 0 0
1481414400 0 0 0 0
1481328000 0 0 0 0
1481241600 0 0 0 0
1481155200 0 0 0 0
1481068800 0 0 0 0
1480982400 0 0 0 0
1480896000 0 0 0 0
1480809600 0 0 0 0
1480723200 0 0 0 0
1480636800 0 0 0 0
1480550400 0 0 0 0
1480464000 0 0 0 0
1480377600 0 0 0 0
1480291200 0 0 0 0
1480204800 0 0 0 0
1480118400 0 0 0 0
1480032000 0 0 0 0
1479945600 0 0 0 0
1479859200 0 0 0 0
1479772800 0 0 0 0
1479686400 0 0 0 0
1479600000 0 0 0 0
1479513600 0 0 0 0
1479427200 0 0 0 0
1479340800 0 0 0 0
1479254400 0 0 0 0
1479168000 0 0 0 0
1479081600 0 0 0 0
1478995200 0 0 0 0
1478908800 0 0 0 0
1478822400 0 0 0 0
1478736000 0 0 0 0
1478649600 0 0 0 0
1478563200 0 0 0 0
1478476800 0 0 0 0
1478390400 0 0 0 0
1478304000 0 0 0 0
1478217600 0 0 0 0
1478131200 0 0 0 0
1478044800 0 0 0 0
1477958400 0 0 0 0
1477872000 0 0 0 0
1477785600 0 0 0 0
1477699200 0 0 0 0
1477612800 0 0 0 0
1477526400 0 0 0 0
1477440000 0 0 0 0
1477353600 0 0 0 0
1477267200 0 0 0 0
1477180800 0 0 0 0
1477094400 0 0 0 0
1477008000 0 0 0 0
1476921600 0 0 0 0
1476835200 0 0 0 0
1476748800 0 0 0 0
1476662400 0 0 0 0
1476576000 0 0 0 0
1476489600 0 0 0 0
1476403200 0 0 0 0
1476316800 0 0 0 0
1476230400 0 0 0 0
1476144000 0 0 0 0
1476057600 0 0 0 0
1475971200 0 0 0 0
1475884800 0 0 0 0
1475798400 0 0 0 0
1475712000 0 0 0 0
1475625600 0 0 0 0
1475539200 0 0 0 0
1475452800 0 0 0 0
1475366400 0 0 0 0
1475280000 0 0 0 0
1475193600 0 0 0 0
1475107200 0 0 0 0
1475020800 0 0 0 0
1474934400 0 0 0 0
1474848000 0 0 0 0
1474761600 0 0 0 0
1474675200 0 0 0 0
1474588800 0 0 0 0
1474502400 0 0 0 0
1474416000 0 0 0 0
1474329600 0 0 0 0
1474243200 0 0 0 0
1474156800 0 0 0 0
1474070400 0 0 0 0
1473984000 0 0 0 0
1473897600 0 0 0 0
1473811200 0 0 0 0
1473724800 0 0 0 0
1473638400 0 0 0 0
1473552000 0 0 0 0
1473465600 0 0 0 0
1473379200 0 0 0 0
1473292800 0 0 0 0
1473206400 0 0 0 0
1473120000 0 0 0 0
1473033600 0 0 0 0
1472947200 0 0 0 0
1472860800 0 0 0 0
1472774400 0 0 0 0
1472688000 0 0 0 0
1472601600 0 0 0 0
1472515200 0 0 0 0
1472428800 0 0 0 0
1472342400 0 0 0 0
1472256000 0 0 0 0
1472169600 0 0 0 0
1472083200 0 0 0 0
1471996800 0 0 0 0
1471910400 0 0 0 0
1471824000 0 0 0 0
1471737600 0 0 0 0
1471651200 0 0 0 0
