1527061202 0 0
1527061202 0 0 0 0
1527060901 0 0 0 0
1527060900 0 0 0 0
1527060600 0 0 0 0
1527060300 0 0 0 0
1527060000 0 0 0 0
1527059700 0 0 0 0
1527059400 0 0 0 0
1527059100 0 0 0 0
1527058800 0 0 0 0
1527058500 0 0 0 0
1527058200 0 0 0 0
1527057900 0 0 0 0
1527057600 0 0 0 0
1527057300 0 0 0 0
1527057000 0 0 0 0
1527056700 0 0 0 0
1527056400 0 0 0 0
1527056100 0 0 0 0
1527055800 0 0 0 0
1527055500 0 0 0 0
1527055200 0 0 0 0
1527054900 0 0 0 0
1527054600 0 0 0 0
1527054300 0 0 0 0
1527054000 0 0 0 0
1527053700 0 0 0 0
1527053400 0 0 0 0
1527053100 0 0 0 0
1527052800 0 0 0 0
1527052500 0 0 0 0
1527052200 0 0 0 0
1527051900 0 0 0 0
1527051600 0 0 0 0
1527051300 0 0 0 0
1527051000 0 0 0 0
1527050700 0 0 0 0
1527050400 0 0 0 0
1527050100 0 0 0 0
1527049800 0 0 0 0
1527049500 0 0 0 0
1527049200 0 0 0 0
1527048900 0 0 0 0
1527048600 0 0 0 0
1527048300 0 0 0 0
1527048000 0 0 0 0
1527047700 0 0 0 0
1527047400 0 0 0 0
1527047100 0 0 0 0
1527046800 0 0 0 0
1527046500 0 0 0 0
1527046200 0 0 0 0
1527045900 0 0 0 0
1527045600 0 0 0 0
1527045300 0 0 0 0
1527045000 0 0 0 0
1527044700 0 0 0 0
1527044400 0 0 0 0
1527044100 0 0 0 0
1527043800 0 0 0 0
1527043500 0 0 0 0
1527043200 0 0 0 0
1527042900 0 0 0 0
1527042600 0 0 0 0
1527042300 0 0 0 0
1527042000 0 0 0 0
1527041700 0 0 0 0
1527041400 0 0 0 0
1527041100 0 0 0 0
1527040800 0 0 0 0
1527040500 0 0 0 0
1527040200 0 0 0 0
1527039900 0 0 0 0
1527039600 0 0 0 0
1527039300 0 0 0 0
1527039000 0 0 0 0
1527038700 0 0 0 0
1527038400 0 0 0 0
1527038100 0 0 0 0
1527037800 0 0 0 0
1527037500 0 0 0 0
1527037200 0 0 0 0
1527036900 0 0 0 0
1527036600 0 0 0 0
1527036300 0 0 0 0
1527036000 0 0 0 0
1527035700 0 0 0 0
1527035400 0 0 0 0
1527035100 0 0 0 0
1527034800 0 0 0 0
1527034500 0 0 0 0
1527034200 0 0 0 0
1527033900 0 0 0 0
1527033600 0 0 0 0
1527033300 0 0 0 0
1527033000 0 0 0 0
1527032700 0 0 0 0
1527032400 0 0 0 0
1527032100 0 0 0 0
1527031800 0 0 0 0
1527031500 0 0 0 0
1527031200 0 0 0 0
1527030900 0 0 0 0
1527030600 0 0 0 0
1527030300 0 0 0 0
1527030000 0 0 0 0
1527029700 0 0 0 0
1527029400 0 0 0 0
1527029100 0 0 0 0
1527028800 0 0 0 0
1527028500 0 0 0 0
1527028200 0 0 0 0
1527027900 0 0 0 0
1527027600 0 0 0 0
1527027300 0 0 0 0
1527027000 0 0 0 0
1527026700 0 0 0 0
1527026400 0 0 0 0
1527026100 0 0 0 0
1527025800 0 0 0 0
1527025500 0 0 0 0
1527025200 0 0 0 0
1527024900 0 0 0 0
1527024600 0 0 0 0
1527024300 0 0 0 0
1527024000 0 0 0 0
1527023700 0 0 0 0
1527023400 0 0 0 0
1527023100 0 0 0 0
1527022800 0 0 0 0
1527022500 0 0 0 0
1527022200 0 0 0 0
1527021900 0 0 0 0
1527021600 0 0 0 0
1527021300 0 0 0 0
1527021000 0 0 0 0
1527020700 0 0 0 0
1527020400 0 0 0 0
1527020100 0 0 0 0
1527019800 0 0 0 0
1527019500 0 0 0 0
1527019200 0 0 0 0
1527018900 0 0 0 0
1527018600 0 0 0 0
1527018300 0 0 0 0
1527018000 0 0 0 0
1527017700 0 0 0 0
1527017400 0 0 0 0
1527017100 0 0 0 0
1527016800 0 0 0 0
1527016500 0 0 0 0
1527016200 0 0 0 0
1527015900 0 0 0 0
1527015600 0 0 0 0
1527015300 0 0 0 0
1527015000 0 0 0 0
1527014700 0 0 0 0
1527014400 0 0 0 0
1527014100 0 0 0 0
1527013800 0 0 0 0
1527013500 0 0 0 0
1527013200 0 0 0 0
1527012900 0 0 0 0
1527012600 0 0 0 0
1527012300 0 0 0 0
1527012000 0 0 0 0
1527011700 0 0 0 0
1527011400 0 0 0 0
1527011100 0 0 0 0
1527010800 0 0 0 0
1527010500 0 0 0 0
1527010200 0 0 0 0
1527009900 0 0 0 0
1527009600 0 0 0 0
1527009300 0 0 0 0
1527009000 0 0 0 0
1527008700 0 0 0 0
1527008400 0 0 0 0
1527008100 0 0 0 0
1527007800 0 0 0 0
1527007500 0 0 0 0
1527007200 0 0 0 0
1527006900 0 0 0 0
1527006600 0 0 0 0
1527006300 0 0 0 0
1527006000 0 0 0 0
1527005700 0 0 0 0
1527005400 0 0 0 0
1527005100 0 0 0 0
1527004800 0 0 0 0
1527004500 0 0 0 0
1527004200 0 0 0 0
1527003900 0 0 0 0
1527003600 0 0 0 0
1527003300 0 0 0 0
1527003000 0 0 0 0
1527002700 0 0 0 0
1527002400 0 0 0 0
1527002100 0 0 0 0
1527001800 0 0 0 0
1527001500 0 0 0 0
1527001200 0 0 0 0
1527000900 0 0 0 0
1527000600 0 0 0 0
1527000300 0 0 0 0
1527000000 0 0 0 0
1526999700 0 0 0 0
1526999400 0 0 0 0
1526999100 0 0 0 0
1526998800 0 0 0 0
1526998500 0 0 0 0
1526998200 0 0 0 0
1526997900 0 0 0 0
1526997600 0 0 0 0
1526997300 0 0 0 0
1526997000 0 0 0 0
1526996700 0 0 0 0
1526996400 0 0 0 0
1526996100 0 0 0 0
1526995800 0 0 0 0
1526995500 0 0 0 0
1526995200 0 0 0 0
1526994900 0 0 0 0
1526994600 0 0 0 0
1526994300 0 0 0 0
1526994000 0 0 0 0
1526993700 0 0 0 0
1526993400 0 0 0 0
1526993100 0 0 0 0
1526992800 0 0 0 0
1526992500 0 0 0 0
1526992200 0 0 0 0
1526991900 0 0 0 0
1526991600 0 0 0 0
1526991300 0 0 0 0
1526991000 0 0 0 0
1526990700 0 0 0 0
1526990400 0 0 0 0
1526990100 0 0 0 0
1526989800 0 0 0 0
1526989500 0 0 0 0
1526989200 0 0 0 0
1526988900 0 0 0 0
1526988600 0 0 0 0
1526988300 0 0 0 0
1526988000 0 0 0 0
1526987700 0 0 0 0
1526987400 0 0 0 0
1526987100 0 0 0 0
1526986800 0 0 0 0
1526986500 0 0 0 0
1526986200 0 0 0 0
1526985900 0 0 0 0
1526985600 0 0 0 0
1526985300 0 0 0 0
1526985000 0 0 0 0
1526984700 0 0 0 0
1526984400 0 0 0 0
1526984100 0 0 0 0
1526983800 0 0 0 0
1526983500 0 0 0 0
1526983200 0 0 0 0
1526982900 0 0 0 0
1526982600 0 0 0 0
1526982300 0 0 0 0
1526982000 0 0 0 0
1526981700 0 0 0 0
1526981400 0 0 0 0
1526981100 0 0 0 0
1526980800 0 0 0 0
1526980500 0 0 0 0
1526980200 0 0 0 0
1526979900 0 0 0 0
1526979600 0 0 0 0
1526979300 0 0 0 0
1526979000 0 0 0 0
1526978700 0 0 0 0
1526978400 0 0 0 0
1526978100 0 0 0 0
1526977800 0 0 0 0
1526977500 0 0 0 0
1526977200 0 0 0 0
1526976900 0 0 0 0
1526976600 0 0 0 0
1526976300 0 0 0 0
1526976000 0 0 0 0
1526975700 0 0 0 0
1526975400 0 0 0 0
1526975100 0 0 0 0
1526974800 0 0 0 0
1526974500 0 0 0 0
1526974200 0 0 0 0
1526973900 0 0 0 0
1526973600 0 0 0 0
1526973300 0 0 0 0
1526973000 0 0 0 0
1526972700 0 0 0 0
1526972400 0 0 0 0
1526972100 0 0 0 0
1526971800 0 0 0 0
1526971500 0 0 0 0
1526971200 0 0 0 0
1526970900 0 0 0 0
1526970600 0 0 0 0
1526970300 0 0 0 0
1526970000 0 0 0 0
1526969700 0 0 0 0
1526969400 0 0 0 0
1526969100 0 0 0 0
1526968800 0 0 0 0
1526968500 0 0 0 0
1526968200 0 0 0 0
1526967900 0 0 0 0
1526967600 0 0 0 0
1526967300 0 0 0 0
1526967000 0 0 0 0
1526966700 0 0 0 0
1526966400 0 0 0 0
1526966100 0 0 0 0
1526965800 0 0 0 0
1526965500 0 0 0 0
1526965200 0 0 0 0
1526964900 0 0 0 0
1526964600 0 0 0 0
1526964300 0 0 0 0
1526964000 0 0 0 0
1526963700 0 0 0 0
1526963400 0 0 0 0
1526963100 0 0 0 0
1526962800 0 0 0 0
1526962500 0 0 0 0
1526962200 0 0 0 0
1526961900 0 0 0 0
1526961600 0 0 0 0
1526961300 0 0 0 0
1526961000 0 0 0 0
1526960700 0 0 0 0
1526960400 0 0 0 0
1526960100 0 0 0 0
1526959800 0 0 0 0
1526959500 0 0 0 0
1526959200 0 0 0 0
1526958900 0 0 0 0
1526958600 0 0 0 0
1526958300 0 0 0 0
1526958000 0 0 0 0
1526957700 0 0 0 0
1526957400 0 0 0 0
1526957100 0 0 0 0
1526956800 0 0 0 0
1526956500 0 0 0 0
1526956200 0 0 0 0
1526955900 0 0 0 0
1526955600 0 0 0 0
1526955300 0 0 0 0
1526955000 0 0 0 0
1526954700 0 0 0 0
1526954400 0 0 0 0
1526954100 0 0 0 0
1526953800 0 0 0 0
1526953500 0 0 0 0
1526953200 0 0 0 0
1526952900 0 0 0 0
1526952600 0 0 0 0
1526952300 0 0 0 0
1526952000 0 0 0 0
1526951700 0 0 0 0
1526951400 0 0 0 0
1526951100 0 0 0 0
1526950800 0 0 0 0
1526950500 0 0 0 0
1526950200 0 0 0 0
1526949900 0 0 0 0
1526949600 0 0 0 0
1526949300 0 0 0 0
1526949000 0 0 0 0
1526948700 0 0 0 0
1526948400 0 0 0 0
1526948100 0 0 0 0
1526947800 0 0 0 0
1526947500 0 0 0 0
1526947200 0 0 0 0
1526946900 0 0 0 0
1526946600 0 0 0 0
1526946300 0 0 0 0
1526946000 0 0 0 0
1526945700 0 0 0 0
1526945400 0 0 0 0
1526945100 0 0 0 0
1526944800 0 0 0 0
1526944500 0 0 0 0
1526944200 0 0 0 0
1526943900 0 0 0 0
1526943600 0 0 0 0
1526943300 0 0 0 0
1526943000 0 0 0 0
1526942700 0 0 0 0
1526942400 0 0 0 0
1526942100 0 0 0 0
1526941800 0 0 0 0
1526941500 0 0 0 0
1526941200 0 0 0 0
1526940900 0 0 0 0
1526940600 0 0 0 0
1526940300 0 0 0 0
1526940000 0 0 0 0
1526939700 0 0 0 0
1526939400 0 0 0 0
1526939100 0 0 0 0
1526938800 0 0 0 0
1526938500 0 0 0 0
1526938200 0 0 0 0
1526937900 0 0 0 0
1526937600 0 0 0 0
1526937300 0 0 0 0
1526937000 0 0 0 0
1526936700 0 0 0 0
1526936400 0 0 0 0
1526936100 0 0 0 0
1526935800 0 0 0 0
1526935500 0 0 0 0
1526935200 0 0 0 0
1526934900 0 0 0 0
1526934600 0 0 0 0
1526934300 0 0 0 0
1526934000 0 0 0 0
1526933700 0 0 0 0
1526933400 0 0 0 0
1526933100 0 0 0 0
1526932800 0 0 0 0
1526932500 0 0 0 0
1526932200 0 0 0 0
1526931900 0 0 0 0
1526931600 0 0 0 0
1526931300 0 0 0 0
1526931000 0 0 0 0
1526930700 0 0 0 0
1526930400 0 0 0 0
1526930100 0 0 0 0
1526929800 0 0 0 0
1526929500 0 0 0 0
1526929200 0 0 0 0
1526928900 0 0 0 0
1526928600 0 0 0 0
1526928300 0 0 0 0
1526928000 0 0 0 0
1526927700 0 0 0 0
1526927400 0 0 0 0
1526927100 0 0 0 0
1526926800 0 0 0 0
1526926500 0 0 0 0
1526926200 0 0 0 0
1526925900 0 0 0 0
1526925600 0 0 0 0
1526925300 0 0 0 0
1526925000 0 0 0 0
1526924700 0 0 0 0
1526924400 0 0 0 0
1526924100 0 0 0 0
1526923800 0 0 0 0
1526923500 0 0 0 0
1526923200 0 0 0 0
1526922900 0 0 0 0
1526922600 0 0 0 0
1526922300 0 0 0 0
1526922000 0 0 0 0
1526921700 0 0 0 0
1526921400 0 0 0 0
1526921100 0 0 0 0
1526920800 0 0 0 0
1526920500 0 0 0 0
1526920200 0 0 0 0
1526919900 0 0 0 0
1526919600 0 0 0 0
1526919300 0 0 0 0
1526919000 0 0 0 0
1526918700 0 0 0 0
1526918400 0 0 0 0
1526918100 0 0 0 0
1526917800 0 0 0 0
1526917500 0 0 0 0
1526917200 0 0 0 0
1526916900 0 0 0 0
1526916600 0 0 0 0
1526916300 0 0 0 0
1526916000 0 0 0 0
1526915700 0 0 0 0
1526915400 0 0 0 0
1526915100 0 0 0 0
1526914800 0 0 0 0
1526914500 0 0 0 0
1526914200 0 0 0 0
1526913900 0 0 0 0
1526913600 0 0 0 0
1526913300 0 0 0 0
1526913000 0 0 0 0
1526912700 0 0 0 0
1526912400 0 0 0 0
1526912100 0 0 0 0
1526911800 0 0 0 0
1526911500 0 0 0 0
1526911200 0 0 0 0
1526910900 0 0 0 0
1526910600 0 0 0 0
1526910300 0 0 0 0
1526910000 0 0 0 0
1526909700 0 0 0 0
1526909400 0 0 0 0
1526909100 0 0 0 0
1526908800 0 0 0 0
1526908500 0 0 0 0
1526908200 0 0 0 0
1526907900 0 0 0 0
1526907600 0 0 0 0
1526907300 0 0 0 0
1526907000 0 0 0 0
1526906700 0 0 0 0
1526906400 0 0 0 0
1526906100 0 0 0 0
1526905800 0 0 0 0
1526905500 0 0 0 0
1526905200 0 0 0 0
1526904900 0 0 0 0
1526904600 0 0 0 0
1526904300 0 0 0 0
1526904000 0 0 0 0
1526903700 0 0 0 0
1526903400 0 0 0 0
1526903100 0 0 0 0
1526902800 0 0 0 0
1526902500 0 0 0 0
1526902200 0 0 0 0
1526901900 0 0 0 0
1526901600 0 0 0 0
1526901300 0 0 0 0
1526901000 0 0 0 0
1526900700 0 0 0 0
1526900400 0 0 0 0
1526900100 0 0 0 0
1526899800 0 0 0 0
1526899500 0 0 0 0
1526899200 0 0 0 0
1526898900 0 0 0 0
1526898600 0 0 0 0
1526898300 0 0 0 0
1526898000 0 0 0 0
1526897700 0 0 0 0
1526897400 0 0 0 0
1526897100 0 0 0 0
1526896800 0 0 0 0
1526896500 0 0 0 0
1526896200 0 0 0 0
1526895900 0 0 0 0
1526895600 0 0 0 0
1526895300 0 0 0 0
1526895000 0 0 0 0
1526894700 0 0 0 0
1526894400 0 0 0 0
1526894100 0 0 0 0
1526893800 0 0 0 0
1526893500 0 0 0 0
1526893200 0 0 0 0
1526892900 0 0 0 0
1526892600 0 0 0 0
1526892300 0 0 0 0
1526892000 0 0 0 0
1526891700 0 0 0 0
1526891400 0 0 0 0
1526891100 0 0 0 0
1526890800 0 0 0 0
1526890500 0 0 0 0
1526890200 0 0 0 0
1526889900 0 0 0 0
1526889600 0 0 0 0
1526889300 0 0 0 0
1526889000 0 0 0 0
1526888700 0 0 0 0
1526888400 0 0 0 0
1526888100 0 0 0 0
1526887800 0 0 0 0
1526887500 0 0 0 0
1526887200 0 0 0 0
1526886900 0 0 0 0
1526886600 0 0 0 0
1526886300 0 0 0 0
1526886000 0 0 0 0
1526885700 0 0 0 0
1526885400 0 0 0 0
1526885100 0 0 0 0
1526884800 0 0 0 0
1526884500 0 0 0 0
1526884200 0 0 0 0
1526883900 0 0 0 0
1526883600 0 0 0 0
1526883300 0 0 0 0
1526883000 0 0 0 0
1526882700 0 0 0 0
1526882400 0 0 0 0
1526882100 0 0 0 0
1526881800 0 0 0 0
1526881500 0 0 0 0
1526881200 0 0 0 0
1526880600 0 0 0 0
1526878800 0 0 0 0
1526877000 0 0 0 0
1526875200 0 0 0 0
1526873400 0 0 0 0
1526871600 0 0 0 0
1526869800 0 0 0 0
1526868000 0 0 0 0
1526866200 0 0 0 0
1526864400 0 0 0 0
1526862600 0 0 0 0
1526860800 0 0 0 0
1526859000 0 0 0 0
1526857200 0 0 0 0
1526855400 0 0 0 0
1526853600 0 0 0 0
1526851800 0 0 0 0
1526850000 0 0 0 0
1526848200 0 0 0 0
1526846400 0 0 0 0
1526844600 0 0 0 0
1526842800 0 0 0 0
1526841000 0 0 0 0
1526839200 0 0 0 0
1526837400 0 0 0 0
1526835600 0 0 0 0
1526833800 0 0 0 0
1526832000 0 0 0 0
1526830200 0 0 0 0
1526828400 0 0 0 0
1526826600 0 0 0 0
1526824800 0 0 0 0
1526823000 0 0 0 0
1526821200 0 0 0 0
1526819400 0 0 0 0
1526817600 0 0 0 0
1526815800 0 0 0 0
1526814000 0 0 0 0
1526812200 0 0 0 0
1526810400 0 0 0 0
1526808600 0 0 0 0
1526806800 0 0 0 0
1526805000 0 0 0 0
1526803200 0 0 0 0
1526801400 0 0 0 0
1526799600 0 0 0 0
1526797800 0 0 0 0
1526796000 0 0 0 0
1526794200 0 0 0 0
1526792400 0 0 0 0
1526790600 0 0 0 0
1526788800 0 0 0 0
1526787000 0 0 0 0
1526785200 0 0 0 0
1526783400 0 0 0 0
1526781600 0 0 0 0
1526779800 0 0 0 0
1526778000 0 0 0 0
1526776200 0 0 0 0
1526774400 0 0 0 0
1526772600 0 0 0 0
1526770800 0 0 0 0
1526769000 0 0 0 0
1526767200 0 0 0 0
1526765400 0 0 0 0
1526763600 0 0 0 0
1526761800 0 0 0 0
1526760000 0 0 0 0
1526758200 0 0 0 0
1526756400 0 0 0 0
1526754600 0 0 0 0
1526752800 0 0 0 0
1526751000 0 0 0 0
1526749200 0 0 0 0
1526747400 0 0 0 0
1526745600 0 0 0 0
1526743800 0 0 0 0
1526742000 0 0 0 0
1526740200 0 0 0 0
1526738400 0 0 0 0
1526736600 0 0 0 0
1526734800 0 0 0 0
1526733000 0 0 0 0
1526731200 0 0 0 0
1526729400 0 0 0 0
1526727600 0 0 0 0
1526725800 0 0 0 0
1526724000 0 0 0 0
1526722200 0 0 0 0
1526720400 0 0 0 0
1526718600 0 0 0 0
1526716800 0 0 0 0
1526715000 0 0 0 0
1526713200 0 0 0 0
1526711400 0 0 0 0
1526709600 0 0 0 0
1526707800 0 0 0 0
1526706000 0 0 0 0
1526704200 0 0 0 0
1526702400 0 0 0 0
1526700600 0 0 0 0
1526698800 0 0 0 0
1526697000 0 0 0 0
1526695200 0 0 0 0
1526693400 0 0 0 0
1526691600 0 0 0 0
1526689800 0 0 0 0
1526688000 0 0 0 0
1526686200 0 0 0 0
1526684400 0 0 0 0
1526682600 0 0 0 0
1526680800 0 0 0 0
1526679000 0 0 0 0
1526677200 0 0 0 0
1526675400 0 0 0 0
1526673600 0 0 0 0
1526671800 0 0 0 0
1526670000 0 0 0 0
1526668200 0 0 0 0
1526666400 0 0 0 0
1526664600 0 0 0 0
1526662800 0 0 0 0
1526661000 0 0 0 0
1526659200 0 0 0 0
1526657400 0 0 0 0
1526655600 0 0 0 0
1526653800 0 0 0 0
1526652000 0 0 0 0
1526650200 0 0 0 0
1526648400 0 0 0 0
1526646600 0 0 0 0
1526644800 0 0 0 0
1526643000 0 0 0 0
1526641200 0 0 0 0
1526639400 0 0 0 0
1526637600 0 0 0 0
1526635800 0 0 0 0
1526634000 0 0 0 0
1526632200 0 0 0 0
1526630400 0 0 0 0
1526628600 0 0 0 0
1526626800 0 0 0 0
1526625000 0 0 0 0
1526623200 0 0 0 0
1526621400 0 0 0 0
1526619600 0 0 0 0
1526617800 0 0 0 0
1526616000 0 0 0 0
1526614200 0 0 0 0
1526612400 0 0 0 0
1526610600 0 0 0 0
1526608800 0 0 0 0
1526607000 0 0 0 0
1526605200 0 0 0 0
1526603400 0 0 0 0
1526601600 0 0 0 0
1526599800 0 0 0 0
1526598000 0 0 0 0
1526596200 0 0 0 0
1526594400 0 0 0 0
1526592600 0 0 0 0
1526590800 0 0 0 0
1526589000 0 0 0 0
1526587200 0 0 0 0
1526585400 0 0 0 0
1526583600 0 0 0 0
1526581800 0 0 0 0
1526580000 0 0 0 0
1526578200 0 0 0 0
1526576400 0 0 0 0
1526574600 0 0 0 0
1526572800 0 0 0 0
1526571000 0 0 0 0
1526569200 0 0 0 0
1526567400 0 0 0 0
1526565600 0 0 0 0
1526563800 0 0 0 0
1526562000 0 0 0 0
1526560200 0 0 0 0
1526558400 0 0 0 0
1526556600 0 0 0 0
1526554800 0 0 0 0
1526553000 0 0 0 0
1526551200 0 0 0 0
1526549400 0 0 0 0
1526547600 0 0 0 0
1526545800 0 0 0 0
1526544000 0 0 0 0
1526542200 0 0 0 0
1526540400 0 0 0 0
1526538600 0 0 0 0
1526536800 0 0 0 0
1526535000 0 0 0 0
1526533200 0 0 0 0
1526531400 0 0 0 0
1526529600 0 0 0 0
1526527800 0 0 0 0
1526526000 0 0 0 0
1526524200 0 0 0 0
1526522400 0 0 0 0
1526520600 0 0 0 0
1526518800 0 0 0 0
1526517000 0 0 0 0
1526515200 0 0 0 0
1526513400 0 0 0 0
1526511600 0 0 0 0
1526509800 0 0 0 0
1526508000 0 0 0 0
1526506200 0 0 0 0
1526504400 0 0 0 0
1526502600 0 0 0 0
1526500800 0 0 0 0
1526499000 0 0 0 0
1526497200 0 0 0 0
1526495400 0 0 0 0
1526493600 0 0 0 0
1526491800 0 0 0 0
1526490000 0 0 0 0
1526488200 0 0 0 0
1526486400 0 0 0 0
1526484600 0 0 0 0
1526482800 0 0 0 0
1526481000 0 0 0 0
1526479200 0 0 0 0
1526477400 0 0 0 0
1526475600 0 0 0 0
1526473800 0 0 0 0
1526472000 0 0 0 0
1526470200 0 0 0 0
1526468400 0 0 0 0
1526466600 0 0 0 0
1526464800 0 0 0 0
1526463000 0 0 0 0
1526461200 0 0 0 0
1526459400 0 0 0 0
1526457600 0 0 0 0
1526455800 0 0 0 0
1526454000 0 0 0 0
1526452200 0 0 0 0
1526450400 0 0 0 0
1526448600 0 0 0 0
1526446800 0 0 0 0
1526445000 0 0 0 0
1526443200 0 0 0 0
1526441400 0 0 0 0
1526439600 0 0 0 0
1526437800 0 0 0 0
1526436000 0 0 0 0
1526434200 0 0 0 0
1526432400 0 0 0 0
1526430600 0 0 0 0
1526428800 0 0 0 0
1526427000 0 0 0 0
1526425200 0 0 0 0
1526423400 0 0 0 0
1526421600 0 0 0 0
1526419800 0 0 0 0
1526418000 0 0 0 0
1526416200 0 0 0 0
1526414400 0 0 0 0
1526412600 0 0 0 0
1526410800 0 0 0 0
1526409000 0 0 0 0
1526407200 0 0 0 0
1526405400 0 0 0 0
1526403600 0 0 0 0
1526401800 0 0 0 0
1526400000 0 0 0 0
1526398200 0 0 0 0
1526396400 0 0 0 0
1526394600 0 0 0 0
1526392800 0 0 0 0
1526391000 0 0 0 0
1526389200 0 0 0 0
1526387400 0 0 0 0
1526385600 0 0 0 0
1526383800 0 0 0 0
1526382000 0 0 0 0
1526380200 0 0 0 0
1526378400 0 0 0 0
1526376600 0 0 0 0
1526374800 0 0 0 0
1526373000 0 0 0 0
1526371200 0 0 0 0
1526369400 0 0 0 0
1526367600 0 0 0 0
1526365800 0 0 0 0
1526364000 0 0 0 0
1526362200 0 0 0 0
1526360400 0 0 0 0
1526358600 0 0 0 0
1526356800 0 0 0 0
1526355000 0 0 0 0
1526353200 0 0 0 0
1526351400 0 0 0 0
1526349600 0 0 0 0
1526347800 0 0 0 0
1526346000 0 0 0 0
1526344200 0 0 0 0
1526342400 0 0 0 0
1526340600 0 0 0 0
1526338800 0 0 0 0
1526337000 0 0 0 0
1526335200 0 0 0 0
1526333400 0 0 0 0
1526331600 0 0 0 0
1526329800 0 0 0 0
1526328000 0 0 0 0
1526326200 0 0 0 0
1526324400 0 0 0 0
1526322600 0 0 0 0
1526320800 0 0 0 0
1526319000 0 0 0 0
1526317200 0 0 0 0
1526315400 0 0 0 0
1526313600 0 0 0 0
1526311800 0 0 0 0
1526310000 0 0 0 0
1526308200 0 0 0 0
1526306400 0 0 0 0
1526304600 0 0 0 0
1526302800 0 0 0 0
1526301000 0 0 0 0
1526299200 0 0 0 0
1526297400 0 0 0 0
1526295600 0 0 0 0
1526293800 0 0 0 0
1526292000 0 0 0 0
1526290200 0 0 0 0
1526288400 0 0 0 0
1526286600 0 0 0 0
1526284800 0 0 0 0
1526283000 0 0 0 0
1526281200 0 0 0 0
1526279400 0 0 0 0
1526277600 0 0 0 0
1526275800 0 0 0 0
1526274000 0 0 0 0
1526272200 0 0 0 0
1526270400 0 0 0 0
1526268600 0 0 0 0
1526266800 0 0 0 0
1526265000 0 0 0 0
1526263200 0 0 0 0
1526261400 0 0 0 0
1526259600 0 0 0 0
1526257800 0 0 0 0
1526256000 0 0 0 0
1526254200 0 0 0 0
1526252400 0 0 0 0
1526250600 0 0 0 0
1526248800 0 0 0 0
1526247000 0 0 0 0
1526245200 0 0 0 0
1526243400 0 0 0 0
1526241600 0 0 0 0
1526239800 0 0 0 0
1526238000 0 0 0 0
1526236200 0 0 0 0
1526234400 0 0 0 0
1526232600 0 0 0 0
1526230800 0 0 0 0
1526229000 0 0 0 0
1526227200 0 0 0 0
1526225400 0 0 0 0
1526223600 0 0 0 0
1526221800 0 0 0 0
1526220000 0 0 0 0
1526218200 0 0 0 0
1526216400 0 0 0 0
1526214600 0 0 0 0
1526212800 0 0 0 0
1526211000 0 0 0 0
1526209200 0 0 0 0
1526207400 0 0 0 0
1526205600 0 0 0 0
1526203800 0 0 0 0
1526202000 0 0 0 0
1526200200 0 0 0 0
1526198400 0 0 0 0
1526196600 0 0 0 0
1526194800 0 0 0 0
1526193000 0 0 0 0
1526191200 0 0 0 0
1526189400 0 0 0 0
1526187600 0 0 0 0
1526185800 0 0 0 0
1526184000 0 0 0 0
1526182200 0 0 0 0
1526180400 0 0 0 0
1526178600 0 0 0 0
1526176800 0 0 0 0
1526175000 0 0 0 0
1526173200 0 0 0 0
1526171400 0 0 0 0
1526169600 0 0 0 0
1526167800 0 0 0 0
1526166000 0 0 0 0
1526164200 0 0 0 0
1526162400 0 0 0 0
1526160600 0 0 0 0
1526158800 0 0 0 0
1526157000 0 0 0 0
1526155200 0 0 0 0
1526153400 0 0 0 0
1526151600 0 0 0 0
1526149800 0 0 0 0
1526148000 0 0 0 0
1526146200 0 0 0 0
1526144400 0 0 0 0
1526142600 0 0 0 0
1526140800 0 0 0 0
1526139000 0 0 0 0
1526137200 0 0 0 0
1526135400 0 0 0 0
1526133600 0 0 0 0
1526131800 0 0 0 0
1526130000 0 0 0 0
1526128200 0 0 0 0
1526126400 0 0 0 0
1526124600 0 0 0 0
1526122800 0 0 0 0
1526121000 0 0 0 0
1526119200 0 0 0 0
1526117400 0 0 0 0
1526115600 0 0 0 0
1526113800 0 0 0 0
1526112000 0 0 0 0
1526110200 0 0 0 0
1526108400 0 0 0 0
1526106600 0 0 0 0
1526104800 0 0 0 0
1526103000 0 0 0 0
1526101200 0 0 0 0
1526099400 0 0 0 0
1526097600 0 0 0 0
1526095800 0 0 0 0
1526094000 0 0 0 0
1526092200 0 0 0 0
1526090400 0 0 0 0
1526088600 0 0 0 0
1526086800 0 0 0 0
1526085000 0 0 0 0
1526083200 0 0 0 0
1526081400 0 0 0 0
1526079600 0 0 0 0
1526077800 0 0 0 0
1526076000 0 0 0 0
1526074200 0 0 0 0
1526072400 0 0 0 0
1526070600 0 0 0 0
1526068800 0 0 0 0
1526067000 0 0 0 0
1526065200 0 0 0 0
1526063400 0 0 0 0
1526061600 0 0 0 0
1526059800 0 0 0 0
1526058000 0 0 0 0
1526056200 0 0 0 0
1526054400 0 0 0 0
1526052600 0 0 0 0
1526050800 0 0 0 0
1526049000 0 0 0 0
1526047200 0 0 0 0
1526045400 0 0 0 0
1526043600 0 0 0 0
1526041800 0 0 0 0
1526040000 0 0 0 0
1526038200 0 0 0 0
1526036400 0 0 0 0
1526034600 0 0 0 0
1526032800 0 0 0 0
1526031000 0 0 0 0
1526029200 0 0 0 0
1526027400 0 0 0 0
1526025600 0 0 0 0
1526023800 0 0 0 0
1526022000 0 0 0 0
1526020200 0 0 0 0
1526018400 0 0 0 0
1526016600 0 0 0 0
1526014800 0 0 0 0
1526013000 0 0 0 0
1526011200 0 0 0 0
1526009400 0 0 0 0
1526007600 0 0 0 0
1526005800 0 0 0 0
1526004000 0 0 0 0
1526002200 0 0 0 0
1526000400 0 0 0 0
1525998600 0 0 0 0
1525996800 0 0 0 0
1525995000 0 0 0 0
1525993200 0 0 0 0
1525991400 0 0 0 0
1525989600 0 0 0 0
1525987800 0 0 0 0
1525986000 0 0 0 0
1525984200 0 0 0 0
1525982400 0 0 0 0
1525980600 0 0 0 0
1525978800 0 0 0 0
1525977000 0 0 0 0
1525975200 0 0 0 0
1525973400 0 0 0 0
1525971600 0 0 0 0
1525969800 0 0 0 0
1525968000 0 0 0 0
1525966200 0 0 0 0
1525964400 0 0 0 0
1525962600 0 0 0 0
1525960800 0 0 0 0
1525959000 0 0 0 0
1525957200 0 0 0 0
1525955400 0 0 0 0
1525953600 0 0 0 0
1525951800 0 0 0 0
1525950000 0 0 0 0
1525948200 0 0 0 0
1525946400 0 0 0 0
1525944600 0 0 0 0
1525942800 0 0 0 0
1525941000 0 0 0 0
1525939200 0 0 0 0
1525937400 0 0 0 0
1525935600 0 0 0 0
1525933800 0 0 0 0
1525932000 0 0 0 0
1525930200 0 0 0 0
1525928400 0 0 0 0
1525926600 0 0 0 0
1525924800 0 0 0 0
1525923000 0 0 0 0
1525921200 0 0 0 0
1525919400 0 0 0 0
1525917600 0 0 0 0
1525915800 0 0 0 0
1525914000 0 0 0 0
1525912200 0 0 0 0
1525910400 0 0 0 0
1525908600 0 0 0 0
1525906800 0 0 0 0
1525905000 0 0 0 0
1525903200 0 0 0 0
1525901400 0 0 0 0
1525899600 0 0 0 0
1525897800 0 0 0 0
1525896000 0 0 0 0
1525894200 0 0 0 0
1525892400 0 0 0 0
1525890600 0 0 0 0
1525888800 0 0 0 0
1525887000 0 0 0 0
1525885200 0 0 0 0
1525883400 0 0 0 0
1525881600 0 0 0 0
1525879800 0 0 0 0
1525878000 0 0 0 0
1525876200 0 0 0 0
1525874400 0 0 0 0
1525872600 0 0 0 0
1525870800 0 0 0 0
1525869000 0 0 0 0
1525867200 0 0 0 0
1525865400 0 0 0 0
1525863600 0 0 0 0
1525861800 0 0 0 0
1525860000 0 0 0 0
1525858200 0 0 0 0
1525856400 0 0 0 0
1525854600 0 0 0 0
1525852800 0 0 0 0
1525851000 0 0 0 0
1525849200 0 0 0 0
1525847400 0 0 0 0
1525845600 0 0 0 0
1525843800 0 0 0 0
1525842000 0 0 0 0
1525840200 0 0 0 0
1525838400 0 0 0 0
1525836600 0 0 0 0
1525834800 0 0 0 0
1525833000 0 0 0 0
1525831200 0 0 0 0
1525829400 0 0 0 0
1525827600 0 0 0 0
1525825800 0 0 0 0
1525824000 0 0 0 0
1525822200 0 0 0 0
1525820400 0 0 0 0
1525818600 0 0 0 0
1525816800 0 0 0 0
1525815000 0 0 0 0
1525813200 0 0 0 0
1525811400 0 0 0 0
1525809600 0 0 0 0
1525807800 0 0 0 0
1525806000 0 0 0 0
1525804200 0 0 0 0
1525802400 0 0 0 0
1525800600 0 0 0 0
1525795200 0 0 0 0
1525788000 0 0 0 0
1525780800 0 0 0 0
1525773600 0 0 0 0
1525766400 0 0 0 0
1525759200 0 0 0 0
1525752000 0 0 0 0
1525744800 0 0 0 0
1525737600 0 0 0 0
1525730400 0 0 0 0
1525723200 0 0 0 0
1525716000 0 0 0 0
1525708800 0 0 0 0
1525701600 0 0 0 0
1525694400 0 0 0 0
1525687200 0 0 0 0
1525680000 0 0 0 0
1525672800 0 0 0 0
1525665600 0 0 0 0
1525658400 0 0 0 0
1525651200 0 0 0 0
1525644000 0 0 0 0
1525636800 0 0 0 0
1525629600 0 0 0 0
1525622400 0 0 0 0
1525615200 0 0 0 0
1525608000 0 0 0 0
1525600800 0 0 0 0
1525593600 0 0 0 0
1525586400 0 0 0 0
1525579200 0 0 0 0
1525572000 0 0 0 0
1525564800 0 0 0 0
1525557600 0 0 0 0
1525550400 0 0 0 0
1525543200 0 0 0 0
1525536000 0 0 0 0
1525528800 0 0 0 0
1525521600 0 0 0 0
1525514400 0 0 0 0
1525507200 0 0 0 0
1525500000 0 0 0 0
1525492800 0 0 0 0
1525485600 0 0 0 0
1525478400 0 0 0 0
1525471200 0 0 0 0
1525464000 0 0 0 0
1525456800 0 0 0 0
1525449600 0 0 0 0
1525442400 0 0 0 0
1525435200 0 0 0 0
1525428000 0 0 0 0
1525420800 0 0 0 0
1525413600 0 0 0 0
1525406400 0 0 0 0
1525399200 0 0 0 0
1525392000 0 0 0 0
1525384800 0 0 0 0
1525377600 0 0 0 0
1525370400 0 0 0 0
1525363200 0 0 0 0
1525356000 0 0 0 0
1525348800 0 0 0 0
1525341600 0 0 0 0
1525334400 0 0 0 0
1525327200 0 0 0 0
1525320000 0 0 0 0
1525312800 0 0 0 0
1525305600 0 0 0 0
1525298400 0 0 0 0
1525291200 0 0 0 0
1525284000 0 0 0 0
1525276800 0 0 0 0
1525269600 0 0 0 0
1525262400 0 0 0 0
1525255200 0 0 0 0
1525248000 0 0 0 0
1525240800 0 0 0 0
1525233600 0 0 0 0
1525226400 0 0 0 0
1525219200 0 0 0 0
1525212000 0 0 0 0
1525204800 0 0 0 0
1525197600 0 0 0 0
1525190400 0 0 0 0
1525183200 0 0 0 0
1525176000 0 0 0 0
1525168800 0 0 0 0
1525161600 0 0 0 0
1525154400 0 0 0 0
1525147200 0 0 0 0
1525140000 0 0 0 0
1525132800 0 0 0 0
1525125600 0 0 0 0
1525118400 0 0 0 0
1525111200 0 0 0 0
1525104000 0 0 0 0
1525096800 0 0 0 0
1525089600 0 0 0 0
1525082400 0 0 0 0
1525075200 0 0 0 0
1525068000 0 0 0 0
1525060800 0 0 0 0
1525053600 0 0 0 0
1525046400 0 0 0 0
1525039200 0 0 0 0
1525032000 0 0 0 0
1525024800 0 0 0 0
1525017600 0 0 0 0
1525010400 0 0 0 0
1525003200 0 0 0 0
1524996000 0 0 0 0
1524988800 0 0 0 0
1524981600 0 0 0 0
1524974400 0 0 0 0
1524967200 0 0 0 0
1524960000 0 0 0 0
1524952800 0 0 0 0
1524945600 0 0 0 0
1524938400 0 0 0 0
1524931200 0 0 0 0
1524924000 0 0 0 0
1524916800 0 0 0 0
1524909600 0 0 0 0
1524902400 0 0 0 0
1524895200 0 0 0 0
1524888000 0 0 0 0
1524880800 0 0 0 0
1524873600 0 0 0 0
1524866400 0 0 0 0
1524859200 0 0 0 0
1524852000 0 0 0 0
1524844800 0 0 0 0
1524837600 0 0 0 0
1524830400 0 0 0 0
1524823200 0 0 0 0
1524816000 0 0 0 0
1524808800 0 0 0 0
1524801600 0 0 0 0
1524794400 0 0 0 0
1524787200 0 0 0 0
1524780000 0 0 0 0
1524772800 0 0 0 0
1524765600 0 0 0 0
1524758400 0 0 0 0
1524751200 0 0 0 0
1524744000 0 0 0 0
1524736800 0 0 0 0
1524729600 0 0 0 0
1524722400 0 0 0 0
1524715200 0 0 0 0
1524708000 0 0 0 0
1524700800 0 0 0 0
1524693600 0 0 0 0
1524686400 0 0 0 0
1524679200 0 0 0 0
1524672000 0 0 0 0
1524664800 0 0 0 0
1524657600 0 0 0 0
1524650400 0 0 0 0
1524643200 0 0 0 0
1524636000 0 0 0 0
1524628800 0 0 0 0
1524621600 0 0 0 0
1524614400 0 0 0 0
1524607200 0 0 0 0
1524600000 0 0 0 0
1524592800 0 0 0 0
1524585600 0 0 0 0
1524578400 0 0 0 0
1524571200 0 0 0 0
1524564000 0 0 0 0
1524556800 0 0 0 0
1524549600 0 0 0 0
1524542400 0 0 0 0
1524535200 0 0 0 0
1524528000 0 0 0 0
1524520800 0 0 0 0
1524513600 0 0 0 0
1524506400 0 0 0 0
1524499200 0 0 0 0
1524492000 0 0 0 0
1524484800 0 0 0 0
1524477600 0 0 0 0
1524470400 0 0 0 0
1524463200 0 0 0 0
1524456000 0 0 0 0
1524448800 0 0 0 0
1524441600 0 0 0 0
1524434400 0 0 0 0
1524427200 0 0 0 0
1524420000 0 0 0 0
1524412800 0 0 0 0
1524405600 0 0 0 0
1524398400 0 0 0 0
1524391200 0 0 0 0
1524384000 0 0 0 0
1524376800 0 0 0 0
1524369600 0 0 0 0
1524362400 0 0 0 0
1524355200 0 0 0 0
1524348000 0 0 0 0
1524340800 0 0 0 0
1524333600 0 0 0 0
1524326400 0 0 0 0
1524319200 0 0 0 0
1524312000 0 0 0 0
1524304800 0 0 0 0
1524297600 0 0 0 0
1524290400 0 0 0 0
1524283200 0 0 0 0
1524276000 0 0 0 0
1524268800 0 0 0 0
1524261600 0 0 0 0
1524254400 0 0 0 0
1524247200 0 0 0 0
1524240000 0 0 0 0
1524232800 0 0 0 0
1524225600 0 0 0 0
1524218400 0 0 0 0
1524211200 0 0 0 0
1524204000 0 0 0 0
1524196800 0 0 0 0
1524189600 0 0 0 0
1524182400 0 0 0 0
1524175200 0 0 0 0
1524168000 0 0 0 0
1524160800 0 0 0 0
1524153600 0 0 0 0
1524146400 0 0 0 0
1524139200 0 0 0 0
1524132000 0 0 0 0
1524124800 0 0 0 0
1524117600 0 0 0 0
1524110400 0 0 0 0
1524103200 0 0 0 0
1524096000 0 0 0 0
1524088800 0 0 0 0
1524081600 0 0 0 0
1524074400 0 0 0 0
1524067200 0 0 0 0
1524060000 0 0 0 0
1524052800 0 0 0 0
1524045600 0 0 0 0
1524038400 0 0 0 0
1524031200 0 0 0 0
1524024000 0 0 0 0
1524016800 0 0 0 0
1524009600 0 0 0 0
1524002400 0 0 0 0
1523995200 0 0 0 0
1523988000 0 0 0 0
1523980800 0 0 0 0
1523973600 0 0 0 0
1523966400 0 0 0 0
1523959200 0 0 0 0
1523952000 0 0 0 0
1523944800 0 0 0 0
1523937600 0 0 0 0
1523930400 0 0 0 0
1523923200 0 0 0 0
1523916000 0 0 0 0
1523908800 0 0 0 0
1523901600 0 0 0 0
1523894400 0 0 0 0
1523887200 0 0 0 0
1523880000 0 0 0 0
1523872800 0 0 0 0
1523865600 0 0 0 0
1523858400 0 0 0 0
1523851200 0 0 0 0
1523844000 0 0 0 0
1523836800 0 0 0 0
1523829600 0 0 0 0
1523822400 0 0 0 0
1523815200 0 0 0 0
1523808000 0 0 0 0
1523800800 0 0 0 0
1523793600 0 0 0 0
1523786400 0 0 0 0
1523779200 0 0 0 0
1523772000 0 0 0 0
1523764800 0 0 0 0
1523757600 0 0 0 0
1523750400 0 0 0 0
1523743200 0 0 0 0
1523736000 0 0 0 0
1523728800 0 0 0 0
1523721600 0 0 0 0
1523714400 0 0 0 0
1523707200 0 0 0 0
1523700000 0 0 0 0
1523692800 0 0 0 0
1523685600 0 0 0 0
1523678400 0 0 0 0
1523671200 0 0 0 0
1523664000 0 0 0 0
1523656800 0 0 0 0
1523649600 0 0 0 0
1523642400 0 0 0 0
1523635200 0 0 0 0
1523628000 0 0 0 0
1523620800 0 0 0 0
1523613600 0 0 0 0
1523606400 0 0 0 0
1523599200 0 0 0 0
1523592000 0 0 0 0
1523584800 0 0 0 0
1523577600 0 0 0 0
1523570400 0 0 0 0
1523563200 0 0 0 0
1523556000 0 0 0 0
1523548800 0 0 0 0
1523541600 0 0 0 0
1523534400 0 0 0 0
1523527200 0 0 0 0
1523520000 0 0 0 0
1523512800 0 0 0 0
1523505600 0 0 0 0
1523498400 0 0 0 0
1523491200 0 0 0 0
1523484000 0 0 0 0
1523476800 0 0 0 0
1523469600 0 0 0 0
1523462400 0 0 0 0
1523455200 0 0 0 0
1523448000 0 0 0 0
1523440800 0 0 0 0
1523433600 0 0 0 0
1523426400 0 0 0 0
1523419200 0 0 0 0
1523412000 0 0 0 0
1523404800 0 0 0 0
1523397600 0 0 0 0
1523390400 0 0 0 0
1523383200 0 0 0 0
1523376000 0 0 0 0
1523368800 0 0 0 0
1523361600 0 0 0 0
1523354400 0 0 0 0
1523347200 0 0 0 0
1523340000 0 0 0 0
1523332800 0 0 0 0
1523325600 0 0 0 0
1523318400 0 0 0 0
1523311200 0 0 0 0
1523304000 0 0 0 0
1523296800 0 0 0 0
1523289600 0 0 0 0
1523282400 0 0 0 0
1523275200 0 0 0 0
1523268000 0 0 0 0
1523260800 0 0 0 0
1523253600 0 0 0 0
1523246400 0 0 0 0
1523239200 0 0 0 0
1523232000 0 0 0 0
1523224800 0 0 0 0
1523217600 0 0 0 0
1523210400 0 0 0 0
1523203200 0 0 0 0
1523196000 0 0 0 0
1523188800 0 0 0 0
1523181600 0 0 0 0
1523174400 0 0 0 0
1523167200 0 0 0 0
1523160000 0 0 0 0
1523152800 0 0 0 0
1523145600 0 0 0 0
1523138400 0 0 0 0
1523131200 0 0 0 0
1523124000 0 0 0 0
1523116800 0 0 0 0
1523109600 0 0 0 0
1523102400 0 0 0 0
1523095200 0 0 0 0
1523088000 0 0 0 0
1523080800 0 0 0 0
1523073600 0 0 0 0
1523066400 0 0 0 0
1523059200 0 0 0 0
1523052000 0 0 0 0
1523044800 0 0 0 0
1523037600 0 0 0 0
1523030400 0 0 0 0
1523023200 0 0 0 0
1523016000 0 0 0 0
1523008800 0 0 0 0
1523001600 0 0 0 0
1522994400 0 0 0 0
1522987200 0 0 0 0
1522980000 0 0 0 0
1522972800 0 0 0 0
1522965600 0 0 0 0
1522958400 0 0 0 0
1522951200 0 0 0 0
1522944000 0 0 0 0
1522936800 0 0 0 0
1522929600 0 0 0 0
1522922400 0 0 0 0
1522915200 0 0 0 0
1522908000 0 0 0 0
1522900800 0 0 0 0
1522893600 0 0 0 0
1522886400 0 0 0 0
1522879200 0 0 0 0
1522872000 0 0 0 0
1522864800 0 0 0 0
1522857600 0 0 0 0
1522850400 0 0 0 0
1522843200 0 0 0 0
1522836000 0 0 0 0
1522828800 0 0 0 0
1522821600 0 0 0 0
1522814400 0 0 0 0
1522807200 0 0 0 0
1522800000 0 0 0 0
1522792800 0 0 0 0
1522785600 0 0 0 0
1522778400 0 0 0 0
1522771200 0 0 0 0
1522764000 0 0 0 0
1522756800 0 0 0 0
1522749600 0 0 0 0
1522742400 0 0 0 0
1522735200 0 0 0 0
1522728000 0 0 0 0
1522720800 0 0 0 0
1522713600 0 0 0 0
1522706400 0 0 0 0
1522699200 0 0 0 0
1522692000 0 0 0 0
1522684800 0 0 0 0
1522677600 0 0 0 0
1522670400 0 0 0 0
1522663200 0 0 0 0
1522656000 0 0 0 0
1522648800 0 0 0 0
1522641600 0 0 0 0
1522634400 0 0 0 0
1522627200 0 0 0 0
1522620000 0 0 0 0
1522612800 0 0 0 0
1522605600 0 0 0 0
1522598400 0 0 0 0
1522591200 0 0 0 0
1522584000 0 0 0 0
1522576800 0 0 0 0
1522569600 0 0 0 0
1522562400 0 0 0 0
1522555200 0 0 0 0
1522548000 0 0 0 0
1522540800 0 0 0 0
1522533600 0 0 0 0
1522526400 0 0 0 0
1522519200 0 0 0 0
1522512000 0 0 0 0
1522504800 0 0 0 0
1522497600 0 0 0 0
1522490400 0 0 0 0
1522483200 0 0 0 0
1522476000 0 0 0 0
1522468800 0 0 0 0
1522461600 0 0 0 0
1522454400 0 0 0 0
1522447200 0 0 0 0
1522440000 0 0 0 0
1522432800 0 0 0 0
1522425600 0 0 0 0
1522418400 0 0 0 0
1522411200 0 0 0 0
1522404000 0 0 0 0
1522396800 0 0 0 0
1522389600 0 0 0 0
1522382400 0 0 0 0
1522375200 0 0 0 0
1522368000 0 0 0 0
1522360800 0 0 0 0
1522353600 0 0 0 0
1522346400 0 0 0 0
1522339200 0 0 0 0
1522332000 0 0 0 0
1522324800 0 0 0 0
1522317600 0 0 0 0
1522310400 0 0 0 0
1522303200 0 0 0 0
1522296000 0 0 0 0
1522288800 0 0 0 0
1522281600 0 0 0 0
1522274400 0 0 0 0
1522267200 0 0 0 0
1522260000 0 0 0 0
1522252800 0 0 0 0
1522245600 0 0 0 0
1522238400 0 0 0 0
1522231200 0 0 0 0
1522224000 0 0 0 0
1522216800 0 0 0 0
1522209600 0 0 0 0
1522202400 0 0 0 0
1522195200 0 0 0 0
1522188000 0 0 0 0
1522180800 0 0 0 0
1522173600 0 0 0 0
1522166400 0 0 0 0
1522159200 0 0 0 0
1522152000 0 0 0 0
1522144800 0 0 0 0
1522137600 0 0 0 0
1522130400 0 0 0 0
1522123200 0 0 0 0
1522116000 0 0 0 0
1522108800 0 0 0 0
1522101600 0 0 0 0
1522094400 0 0 0 0
1522087200 0 0 0 0
1522080000 0 0 0 0
1522072800 0 0 0 0
1522065600 0 0 0 0
1522058400 0 0 0 0
1522051200 0 0 0 0
1522044000 0 0 0 0
1522036800 0 0 0 0
1522029600 0 0 0 0
1522022400 0 0 0 0
1522015200 0 0 0 0
1522008000 0 0 0 0
1522000800 0 0 0 0
1521993600 0 0 0 0
1521986400 0 0 0 0
1521979200 0 0 0 0
1521972000 0 0 0 0
1521964800 0 0 0 0
1521957600 0 0 0 0
1521950400 0 0 0 0
1521943200 0 0 0 0
1521936000 0 0 0 0
1521928800 0 0 0 0
1521921600 0 0 0 0
1521914400 0 0 0 0
1521907200 0 0 0 0
1521900000 0 0 0 0
1521892800 0 0 0 0
1521885600 0 0 0 0
1521878400 0 0 0 0
1521871200 0 0 0 0
1521864000 0 0 0 0
1521856800 0 0 0 0
1521849600 0 0 0 0
1521842400 0 0 0 0
1521835200 0 0 0 0
1521828000 0 0 0 0
1521820800 0 0 0 0
1521813600 0 0 0 0
1521806400 0 0 0 0
1521799200 0 0 0 0
1521792000 0 0 0 0
1521784800 0 0 0 0
1521777600 0 0 0 0
1521770400 0 0 0 0
1521763200 0 0 0 0
1521756000 0 0 0 0
1521748800 0 0 0 0
1521741600 0 0 0 0
1521734400 0 0 0 0
1521727200 0 0 0 0
1521720000 0 0 0 0
1521712800 0 0 0 0
1521705600 0 0 0 0
1521698400 0 0 0 0
1521691200 0 0 0 0
1521684000 0 0 0 0
1521676800 0 0 0 0
1521669600 0 0 0 0
1521662400 0 0 0 0
1521655200 0 0 0 0
1521648000 0 0 0 0
1521640800 0 0 0 0
1521633600 0 0 0 0
1521626400 0 0 0 0
1521619200 0 0 0 0
1521612000 0 0 0 0
1521604800 0 0 0 0
1521597600 0 0 0 0
1521590400 0 0 0 0
1521583200 0 0 0 0
1521576000 0 0 0 0
1521568800 0 0 0 0
1521561600 0 0 0 0
1521554400 0 0 0 0
1521547200 0 0 0 0
1521540000 0 0 0 0
1521532800 0 0 0 0
1521525600 0 0 0 0
1521518400 0 0 0 0
1521511200 0 0 0 0
1521504000 0 0 0 0
1521496800 0 0 0 0
1521489600 0 0 0 0
1521482400 0 0 0 0
1521475200 0 0 0 0
1521417600 0 0 0 0
1521331200 0 0 0 0
1521244800 0 0 0 0
1521158400 0 0 0 0
1521072000 0 0 0 0
1520985600 0 0 0 0
1520899200 0 0 0 0
1520812800 0 0 0 0
1520726400 0 0 0 0
1520640000 0 0 0 0
1520553600 0 0 0 0
1520467200 0 0 0 0
1520380800 0 0 0 0
1520294400 0 0 0 0
1520208000 0 0 0 0
1520121600 0 0 0 0
1520035200 0 0 0 0
1519948800 0 0 0 0
1519862400 0 0 0 0
1519776000 0 0 0 0
1519689600 0 0 0 0
1519603200 0 0 0 0
1519516800 0 0 0 0
1519430400 0 0 0 0
1519344000 0 0 0 0
1519257600 0 0 0 0
1519171200 0 0 0 0
1519084800 0 0 0 0
1518998400 0 0 0 0
1518912000 0 0 0 0
1518825600 0 0 0 0
1518739200 0 0 0 0
1518652800 0 0 0 0
1518566400 0 0 0 0
1518480000 0 0 0 0
1518393600 0 0 0 0
1518307200 0 0 0 0
1518220800 0 0 0 0
1518134400 0 0 0 0
1518048000 0 0 0 0
1517961600 0 0 0 0
1517875200 0 0 0 0
1517788800 0 0 0 0
1517702400 0 0 0 0
1517616000 0 0 0 0
1517529600 0 0 0 0
1517443200 0 0 0 0
1517356800 0 0 0 0
1517270400 0 0 0 0
1517184000 0 0 0 0
1517097600 0 0 0 0
1517011200 0 0 0 0
1516924800 0 0 0 0
1516838400 0 0 0 0
1516752000 0 0 0 0
1516665600 0 0 0 0
1516579200 0 0 0 0
1516492800 0 0 0 0
1516406400 0 0 0 0
1516320000 0 0 0 0
1516233600 0 0 0 0
1516147200 0 0 0 0
1516060800 0 0 0 0
1515974400 0 0 0 0
1515888000 0 0 0 0
1515801600 0 0 0 0
1515715200 0 0 0 0
1515628800 0 0 0 0
1515542400 0 0 0 0
1515456000 0 0 0 0
1515369600 0 0 0 0
1515283200 0 0 0 0
1515196800 0 0 0 0
1515110400 0 0 0 0
1515024000 0 0 0 0
1514937600 0 0 0 0
1514851200 0 0 0 0
1514764800 0 0 0 0
1514678400 0 0 0 0
1514592000 0 0 0 0
1514505600 0 0 0 0
1514419200 0 0 0 0
1514332800 0 0 0 0
1514246400 0 0 0 0
1514160000 0 0 0 0
1514073600 0 0 0 0
1513987200 0 0 0 0
1513900800 0 0 0 0
1513814400 0 0 0 0
1513728000 0 0 0 0
1513641600 0 0 0 0
1513555200 0 0 0 0
1513468800 0 0 0 0
1513382400 0 0 0 0
1513296000 0 0 0 0
1513209600 0 0 0 0
1513123200 0 0 0 0
1513036800 0 0 0 0
1512950400 0 0 0 0
1512864000 0 0 0 0
1512777600 0 0 0 0
1512691200 0 0 0 0
1512604800 0 0 0 0
1512518400 0 0 0 0
1512432000 0 0 0 0
1512345600 0 0 0 0
1512259200 0 0 0 0
1512172800 0 0 0 0
1512086400 0 0 0 0
1512000000 0 0 0 0
1511913600 0 0 0 0
1511827200 0 0 0 0
1511740800 0 0 0 0
1511654400 0 0 0 0
1511568000 0 0 0 0
1511481600 0 0 0 0
1511395200 0 0 0 0
1511308800 0 0 0 0
1511222400 0 0 0 0
1511136000 0 0 0 0
1511049600 0 0 0 0
1510963200 0 0 0 0
1510876800 0 0 0 0
1510790400 0 0 0 0
1510704000 0 0 0 0
1510617600 0 0 0 0
1510531200 0 0 0 0
1510444800 0 0 0 0
1510358400 0 0 0 0
1510272000 0 0 0 0
1510185600 0 0 0 0
1510099200 0 0 0 0
1510012800 0 0 0 0
1509926400 0 0 0 0
1509840000 0 0 0 0
1509753600 0 0 0 0
1509667200 0 0 0 0
1509580800 0 0 0 0
1509494400 0 0 0 0
1509408000 0 0 0 0
1509321600 0 0 0 0
1509235200 0 0 0 0
1509148800 0 0 0 0
1509062400 0 0 0 0
1508976000 0 0 0 0
1508889600 0 0 0 0
1508803200 0 0 0 0
1508716800 0 0 0 0
1508630400 0 0 0 0
1508544000 0 0 0 0
1508457600 0 0 0 0
1508371200 0 0 0 0
1508284800 0 0 0 0
1508198400 0 0 0 0
1508112000 0 0 0 0
1508025600 0 0 0 0
1507939200 0 0 0 0
1507852800 0 0 0 0
1507766400 0 0 0 0
1507680000 0 0 0 0
1507593600 0 0 0 0
1507507200 0 0 0 0
1507420800 0 0 0 0
1507334400 0 0 0 0
1507248000 0 0 0 0
1507161600 0 0 0 0
1507075200 0 0 0 0
1506988800 0 0 0 0
1506902400 0 0 0 0
1506816000 0 0 0 0
1506729600 0 0 0 0
1506643200 0 0 0 0
1506556800 0 0 0 0
1506470400 0 0 0 0
1506384000 0 0 0 0
1506297600 0 0 0 0
1506211200 0 0 0 0
1506124800 0 0 0 0
1506038400 0 0 0 0
1505952000 0 0 0 0
1505865600 0 0 0 0
1505779200 0 0 0 0
1505692800 0 0 0 0
1505606400 0 0 0 0
1505520000 0 0 0 0
1505433600 0 0 0 0
1505347200 0 0 0 0
1505260800 0 0 0 0
1505174400 0 0 0 0
1505088000 0 0 0 0
1505001600 0 0 0 0
1504915200 0 0 0 0
1504828800 0 0 0 0
1504742400 0 0 0 0
1504656000 0 0 0 0
1504569600 0 0 0 0
1504483200 0 0 0 0
1504396800 0 0 0 0
1504310400 0 0 0 0
1504224000 0 0 0 0
1504137600 0 0 0 0
1504051200 0 0 0 0
1503964800 0 0 0 0
1503878400 0 0 0 0
1503792000 0 0 0 0
1503705600 0 0 0 0
1503619200 0 0 0 0
1503532800 0 0 0 0
1503446400 0 0 0 0
1503360000 0 0 0 0
1503273600 0 0 0 0
1503187200 0 0 0 0
1503100800 0 0 0 0
1503014400 0 0 0 0
1502928000 0 0 0 0
1502841600 0 0 0 0
1502755200 0 0 0 0
1502668800 0 0 0 0
1502582400 0 0 0 0
1502496000 0 0 0 0
1502409600 0 0 0 0
1502323200 0 0 0 0
1502236800 0 0 0 0
1502150400 0 0 0 0
1502064000 0 0 0 0
1501977600 0 0 0 0
1501891200 0 0 0 0
1501804800 0 0 0 0
1501718400 0 0 0 0
1501632000 0 0 0 0
1501545600 0 0 0 0
1501459200 0 0 0 0
1501372800 0 0 0 0
1501286400 0 0 0 0
1501200000 0 0 0 0
1501113600 0 0 0 0
1501027200 0 0 0 0
1500940800 0 0 0 0
1500854400 0 0 0 0
1500768000 0 0 0 0
1500681600 0 0 0 0
1500595200 0 0 0 0
1500508800 0 0 0 0
1500422400 0 0 0 0
1500336000 0 0 0 0
1500249600 0 0 0 0
1500163200 0 0 0 0
1500076800 0 0 0 0
1499990400 0 0 0 0
1499904000 0 0 0 0
1499817600 0 0 0 0
1499731200 0 0 0 0
1499644800 0 0 0 0
1499558400 0 0 0 0
1499472000 0 0 0 0
1499385600 0 0 0 0
1499299200 0 0 0 0
1499212800 0 0 0 0
1499126400 0 0 0 0
1499040000 0 0 0 0
1498953600 0 0 0 0
1498867200 0 0 0 0
1498780800 0 0 0 0
1498694400 0 0 0 0
1498608000 0 0 0 0
1498521600 0 0 0 0
1498435200 0 0 0 0
1498348800 0 0 0 0
1498262400 0 0 0 0
1498176000 0 0 0 0
1498089600 0 0 0 0
1498003200 0 0 0 0
1497916800 0 0 0 0
1497830400 0 0 0 0
1497744000 0 0 0 0
1497657600 0 0 0 0
1497571200 0 0 0 0
1497484800 0 0 0 0
1497398400 0 0 0 0
1497312000 0 0 0 0
1497225600 0 0 0 0
1497139200 0 0 0 0
1497052800 0 0 0 0
1496966400 0 0 0 0
1496880000 0 0 0 0
1496793600 0 0 0 0
1496707200 0 0 0 0
1496620800 0 0 0 0
1496534400 0 0 0 0
1496448000 0 0 0 0
1496361600 0 0 0 0
1496275200 0 0 0 0
1496188800 0 0 0 0
1496102400 0 0 0 0
1496016000 0 0 0 0
1495929600 0 0 0 0
1495843200 0 0 0 0
1495756800 0 0 0 0
1495670400 0 0 0 0
1495584000 0 0 0 0
1495497600 0 0 0 0
1495411200 0 0 0 0
1495324800 0 0 0 0
1495238400 0 0 0 0
1495152000 0 0 0 0
1495065600 0 0 0 0
1494979200 0 0 0 0
1494892800 0 0 0 0
1494806400 0 0 0 0
1494720000 0 0 0 0
1494633600 0 0 0 0
1494547200 0 0 0 0
1494460800 0 0 0 0
1494374400 0 0 0 0
1494288000 0 0 0 0
1494201600 0 0 0 0
1494115200 0 0 0 0
1494028800 0 0 0 0
1493942400 0 0 0 0
1493856000 0 0 0 0
1493769600 0 0 0 0
1493683200 0 0 0 0
1493596800 0 0 0 0
1493510400 0 0 0 0
1493424000 0 0 0 0
1493337600 0 0 0 0
1493251200 0 0 0 0
1493164800 0 0 0 0
1493078400 0 0 0 0
1492992000 0 0 0 0
1492905600 0 0 0 0
1492819200 0 0 0 0
1492732800 0 0 0 0
1492646400 0 0 0 0
1492560000 0 0 0 0
1492473600 0 0 0 0
1492387200 0 0 0 0
1492300800 0 0 0 0
1492214400 0 0 0 0
1492128000 0 0 0 0
1492041600 0 0 0 0
1491955200 0 0 0 0
1491868800 0 0 0 0
1491782400 0 0 0 0
1491696000 0 0 0 0
1491609600 0 0 0 0
1491523200 0 0 0 0
1491436800 0 0 0 0
1491350400 0 0 0 0
1491264000 0 0 0 0
1491177600 0 0 0 0
1491091200 0 0 0 0
1491004800 0 0 0 0
1490918400 0 0 0 0
1490832000 0 0 0 0
1490745600 0 0 0 0
1490659200 0 0 0 0
1490572800 0 0 0 0
1490486400 0 0 0 0
1490400000 0 0 0 0
1490313600 0 0 0 0
1490227200 0 0 0 0
1490140800 0 0 0 0
1490054400 0 0 0 0
1489968000 0 0 0 0
1489881600 0 0 0 0
1489795200 0 0 0 0
1489708800 0 0 0 0
1489622400 0 0 0 0
1489536000 0 0 0 0
1489449600 0 0 0 0
1489363200 0 0 0 0
1489276800 0 0 0 0
1489190400 0 0 0 0
1489104000 0 0 0 0
1489017600 0 0 0 0
1488931200 0 0 0 0
1488844800 0 0 0 0
1488758400 0 0 0 0
1488672000 0 0 0 0
1488585600 0 0 0 0
1488499200 0 0 0 0
1488412800 0 0 0 0
1488326400 0 0 0 0
1488240000 0 0 0 0
1488153600 0 0 0 0
1488067200 0 0 0 0
1487980800 0 0 0 0
1487894400 0 0 0 0
1487808000 0 0 0 0
1487721600 0 0 0 0
1487635200 0 0 0 0
1487548800 0 0 0 0
1487462400 0 0 0 0
1487376000 0 0 0 0
1487289600 0 0 0 0
1487203200 0 0 0 0
1487116800 0 0 0 0
1487030400 0 0 0 0
1486944000 0 0 0 0
1486857600 0 0 0 0
1486771200 0 0 0 0
1486684800 0 0 0 0
1486598400 0 0 0 0
1486512000 0 0 0 0
1486425600 0 0 0 0
1486339200 0 0 0 0
1486252800 0 0 0 0
1486166400 0 0 0 0
1486080000 0 0 0 0
1485993600 0 0 0 0
1485907200 0 0 0 0
1485820800 0 0 0 0
1485734400 0 0 0 0
1485648000 0 0 0 0
1485561600 0 0 0 0
1485475200 0 0 0 0
1485388800 0 0 0 0
1485302400 0 0 0 0
1485216000 0 0 0 0
1485129600 0 0 0 0
1485043200 0 0 0 0
1484956800 0 0 0 0
1484870400 0 0 0 0
1484784000 0 0 0 0
1484697600 0 0 0 0
1484611200 0 0 0 0
1484524800 0 0 0 0
1484438400 0 0 0 0
1484352000 0 0 0 0
1484265600 0 0 0 0
1484179200 0 0 0 0
1484092800 0 0 0 0
1484006400 0 0 0 0
1483920000 0 0 0 0
1483833600 0 0 0 0
1483747200 0 0 0 0
1483660800 0 0 0 0
1483574400 0 0 0 0
1483488000 0 0 0 0
1483401600 0 0 0 0
1483315200 0 0 0 0
1483228800 0 0 0 0
1483142400 0 0 0 0
1483056000 0 0 0 0
1482969600 0 0 0 0
1482883200 0 0 0 0
1482796800 0 0 0 0
1482710400 0 0 0 0
1482624000 0 0 0 0
1482537600 0 0 0 0
1482451200 0 0 0 0
1482364800 0 0 0 0
1482278400 0 0 0 0
1482192000 0 0 0 0
1482105600 0 0 0 0
1482019200 0 0 0 0
1481932800 0 0 0 0
1481846400 0 0 0 0
1481760000 0 0 0 0
1481673600 0 0 0 0
1481587200 0 0 0 0
1481500800 0 0 0 0
1481414400 0 0 0 0
1481328000 0 0 0 0
1481241600 0 0 0 0
1481155200 0 0 0 0
1481068800 0 0 0 0
1480982400 0 0 0 0
1480896000 0 0 0 0
1480809600 0 0 0 0
1480723200 0 0 0 0
1480636800 0 0 0 0
1480550400 0 0 0 0
1480464000 0 0 0 0
1480377600 0 0 0 0
1480291200 0 0 0 0
1480204800 0 0 0 0
1480118400 0 0 0 0
1480032000 0 0 0 0
1479945600 0 0 0 0
1479859200 0 0 0 0
1479772800 0 0 0 0
1479686400 0 0 0 0
1479600000 0 0 0 0
1479513600 0 0 0 0
1479427200 0 0 0 0
1479340800 0 0 0 0
1479254400 0 0 0 0
1479168000 0 0 0 0
1479081600 0 0 0 0
1478995200 0 0 0 0
1478908800 0 0 0 0
1478822400 0 0 0 0
1478736000 0 0 0 0
1478649600 0 0 0 0
1478563200 0 0 0 0
1478476800 0 0 0 0
1478390400 0 0 0 0
1478304000 0 0 0 0
1478217600 0 0 0 0
1478131200 0 0 0 0
1478044800 0 0 0 0
1477958400 0 0 0 0
1477872000 0 0 0 0
1477785600 0 0 0 0
1477699200 0 0 0 0
1477612800 0 0 0 0
1477526400 0 0 0 0
1477440000 0 0 0 0
1477353600 0 0 0 0
1477267200 0 0 0 0
1477180800 0 0 0 0
1477094400 0 0 0 0
1477008000 0 0 0 0
1476921600 0 0 0 0
1476835200 0 0 0 0
1476748800 0 0 0 0
1476662400 0 0 0 0
1476576000 0 0 0 0
1476489600 0 0 0 0
1476403200 0 0 0 0
1476316800 0 0 0 0
1476230400 0 0 0 0
1476144000 0 0 0 0
1476057600 0 0 0 0
1475971200 0 0 0 0
1475884800 0 0 0 0
1475798400 0 0 0 0
1475712000 0 0 0 0
1475625600 0 0 0 0
1475539200 0 0 0 0
1475452800 0 0 0 0
1475366400 0 0 0 0
1475280000 0 0 0 0
1475193600 0 0 0 0
1475107200 0 0 0 0
1475020800 0 0 0 0
1474934400 0 0 0 0
1474848000 0 0 0 0
1474761600 0 0 0 0
1474675200 0 0 0 0
1474588800 0 0 0 0
1474502400 0 0 0 0
1474416000 0 0 0 0
1474329600 0 0 0 0
1474243200 0 0 0 0
1474156800 0 0 0 0
1474070400 0 0 0 0
1473984000 0 0 0 0
1473897600 0 0 0 0
1473811200 0 0 0 0
1473724800 0 0 0 0
1473638400 0 0 0 0
1473552000 0 0 0 0
1473465600 0 0 0 0
1473379200 0 0 0 0
1473292800 0 0 0 0
1473206400 0 0 0 0
1473120000 0 0 0 0
1473033600 0 0 0 0
1472947200 0 0 0 0
1472860800 0 0 0 0
1472774400 0 0 0 0
1472688000 0 0 0 0
1472601600 0 0 0 0
1472515200 0 0 0 0
1472428800 0 0 0 0
1472342400 0 0 0 0
1472256000 0 0 0 0
1472169600 0 0 0 0
1472083200 0 0 0 0
1471996800 0 0 0 0
1471910400 0 0 0 0
1471824000 0 0 0 0
1471737600 0 0 0 0
1471651200 0 0 0 0
1471564800 0 0 0 0
1471478400 0 0 0 0
1471392000 0 0 0 0
1471305600 0 0 0 0
1471219200 0 0 0 0
1471132800 0 0 0 0
1471046400 0 0 0 0
1470960000 0 0 0 0
1470873600 0 0 0 0
1470787200 0 0 0 0
1470700800 0 0 0 0
1470614400 0 0 0 0
1470528000 0 0 0 0
1470441600 0 0 0 0
1470355200 0 0 0 0
1470268800 0 0 0 0
1470182400 0 0 0 0
1470096000 0 0 0 0
1470009600 0 0 0 0
1469923200 0 0 0 0
1469836800 0 0 0 0
1469750400 0 0 0 0
1469664000 0 0 0 0
1469577600 0 0 0 0
1469491200 0 0 0 0
1469404800 0 0 0 0
1469318400 0 0 0 0
1469232000 0 0 0 0
1469145600 0 0 0 0
1469059200 0 0 0 0
1468972800 0 0 0 0
1468886400 0 0 0 0
1468800000 0 0 0 0
1468713600 0 0 0 0
1468627200 0 0 0 0
1468540800 0 0 0 0
1468454400 0 0 0 0
1468368000 0 0 0 0
1468281600 0 0 0 0
1468195200 0 0 0 0
1468108800 0 0 0 0
1468022400 0 0 0 0
1467936000 0 0 0 0
1467849600 0 0 0 0
1467763200 0 0 0 0
1467676800 0 0 0 0
1467590400 0 0 0 0
1467504000 0 0 0 0
1467417600 0 0 0 0
1467331200 0 0 0 0
1467244800 0 0 0 0
1467158400 0 0 0 0
1467072000 0 0 0 0
1466985600 0 0 0 0
1466899200 0 0 0 0
1466812800 0 0 0 0
1466726400 0 0 0 0
1466640000 0 0 0 0
1466553600 0 0 0 0
1466467200 0 0 0 0
1466380800 0 0 0 0
1466294400 0 0 0 0
1466208000 0 0 0 0
1466121600 0 0 0 0
1466035200 0 0 0 0
1465948800 0 0 0 0
1465862400 0 0 0 0
1465776000 0 0 0 0
1465689600 0 0 0 0
1465603200 0 0 0 0
1465516800 0 0 0 0
1465430400 0 0 0 0
1465344000 0 0 0 0
1465257600 0 0 0 0
1465171200 0 0 0 0
1465084800 0 0 0 0
1464998400 0 0 0 0
1464912000 0 0 0 0
1464825600 0 0 0 0
1464739200 0 0 0 0
1464652800 0 0 0 0
1464566400 0 0 0 0
1464480000 0 0 0 0
1464393600 0 0 0 0
1464307200 0 0 0 0
1464220800 0 0 0 0
1464134400 0 0 0 0
1464048000 0 0 0 0
1463961600 0 0 0 0
1463875200 0 0 0 0
1463788800 0 0 0 0
1463702400 0 0 0 0
1463616000 0 0 0 0
1463529600 0 0 0 0
1463443200 0 0 0 0
1463356800 0 0 0 0
1463270400 0 0 0 0
1463184000 0 0 0 0
1463097600 0 0 0 0
1463011200 0 0 0 0
1462924800 0 0 0 0
1462838400 0 0 0 0
1462752000 0 0 0 0
1462665600 0 0 0 0
1462579200 0 0 0 0
1462492800 0 0 0 0
1462406400 0 0 0 0
1462320000 0 0 0 0
1462233600 0 0 0 0
1462147200 0 0 0 0
1462060800 0 0 0 0
1461974400 0 0 0 0
1461888000 0 0 0 0
1461801600 0 0 0 0
1461715200 0 0 0 0
1461628800 0 0 0 0
1461542400 0 0 0 0
1461456000 0 0 0 0
1461369600 0 0 0 0
1461283200 0 0 0 0
1461196800 0 0 0 0
1461110400 0 0 0 0
1461024000 0 0 0 0
1460937600 0 0 0 0
1460851200 0 0 0 0
1460764800 0 0 0 0
1460678400 0 0 0 0
1460592000 0 0 0 0
1460505600 0 0 0 0
1460419200 0 0 0 0
1460332800 0 0 0 0
1460246400 0 0 0 0
1460160000 0 0 0 0
1460073600 0 0 0 0
1459987200 0 0 0 0
1459900800 0 0 0 0
1459814400 0 0 0 0
1459728000 0 0 0 0
1459641600 0 0 0 0
1459555200 0 0 0 0
1459468800 0 0 0 0
1459382400 0 0 0 0
1459296000 0 0 0 0
1459209600 0 0 0 0
1459123200 0 0 0 0
1459036800 0 0 0 0
1458950400 0 0 0 0
1458864000 0 0 0 0
1458777600 0 0 0 0
1458691200 0 0 0 0
1458604800 0 0 0 0
1458518400 0 0 0 0
1458432000 0 0 0 0
1458345600 0 0 0 0
1458259200 0 0 0 0
